#
# A fatal error has been detected by the Java Runtime Environment:
#
#  EXCEPTION_ACCESS_VIOLATION (0xc0000005) at pc=0x00007ffe2b2422ea, pid=14488, tid=2304
#
# JRE version: OpenJDK Runtime Environment (17.0+35) (build 17+35-2724)
# Java VM: OpenJDK 64-Bit Server VM (17+35-2724, mixed mode, sharing, tiered, compressed oops, compressed class ptrs, g1 gc, windows-amd64)
# Problematic frame:
# C  [glass.dll+0x222ea]
#
# No core dump will be written. Minidumps are not enabled by default on client versions of Windows
#
# If you would like to submit a bug report, please visit:
#   https://bugreport.java.com/bugreport/crash.jsp
# The crash happened outside the Java Virtual Machine in native code.
# See problematic frame for where to report the bug.
#

---------------  S U M M A R Y ------------

Command Line: -javaagent:C:\Program Files\JetBrains\IntelliJ IDEA 2021.1.1\lib\idea_rt.jar=51051:C:\Program Files\JetBrains\IntelliJ IDEA 2021.1.1\bin -Dfile.encoding=UTF-8 --module-path=C:\Users\KRISHNAM\.m2\repository\org\kordamp\ikonli\ikonli-javafx\12.2.0\ikonli-javafx-12.2.0.jar;C:\Users\KRISHNAM\.m2\repository\org\openjfx\javafx-controls\16\javafx-controls-16-win.jar;C:\Users\KRISHNAM\.m2\repository\org\kordamp\bootstrapfx\bootstrapfx-core\0.4.0\bootstrapfx-core-0.4.0.jar;C:\Users\KRISHNAM\.m2\repository\com\dlsc\formsfx\formsfx-core\11.3.2\formsfx-core-11.3.2.jar;C:\Users\KRISHNAM\.m2\repository\org\controlsfx\controlsfx\11.1.0\controlsfx-11.1.0.jar;C:\Users\KRISHNAM\.m2\repository\org\openjfx\javafx-media\17-ea+11\javafx-media-17-ea+11-win.jar;C:\Users\KRISHNAM\Desktop\Other_Works\Snake&Ladders\new_fork_krishnam\Snakes-and-Ladders-JavaFX\target\classes;C:\Users\KRISHNAM\.m2\repository\org\openjfx\javafx-graphics\17-ea+11\javafx-graphics-17-ea+11-win.jar;C:\Users\KRISHNAM\.m2\repository\org\openjfx\javafx-base\17-ea+11\javafx-base-17-ea+11-win.jar;C:\Users\KRISHNAM\.m2\repository\org\kordamp\ikonli\ikonli-core\12.2.0\ikonli-core-12.2.0.jar;C:\Users\KRISHNAM\.m2\repository\org\openjfx\javafx-web\16\javafx-web-16-win.jar;C:\Users\KRISHNAM\.m2\repository\net\synedra\validatorfx\0.1.13\validatorfx-0.1.13.jar;C:\Users\KRISHNAM\.m2\repository\org\openjfx\javafx-fxml\17-ea+11\javafx-fxml-17-ea+11-win.jar;C:\Users\KRISHNAM\.m2\repository\eu\hansolo\tilesfx\11.48\tilesfx-11.48.jar -Djdk.module.main=com.example.demo com.example.demo/com.example.demo.Main

Host: Intel(R) Core(TM) i5-10300H CPU @ 2.50GHz, 8 cores, 7G,  Windows 10 , 64 bit Build 22000 (10.0.22000.318)
Time: Tue Jan 11 23:15:01 2022 India Standard Time elapsed time: 30.242675 seconds (0d 0h 0m 30s)

---------------  T H R E A D  ---------------

Current thread (0x00000254a2d8c850):  JavaThread "JavaFX Application Thread" [_thread_in_native, id=2304, stack(0x000000e21ef00000,0x000000e21f000000)]

Stack: [0x000000e21ef00000,0x000000e21f000000],  sp=0x000000e21effe070,  free space=1016k
Native frames: (J=compiled Java code, j=interpreted, Vv=VM code, C=native code)
C  [glass.dll+0x222ea]

Java frames: (J=compiled Java code, j=interpreted, Vv=VM code)
j  com.sun.glass.ui.win.WinWindow._close(J)Z+0 javafx.graphics
j  com.sun.glass.ui.Window.close()V+63 javafx.graphics
j  com.sun.glass.ui.win.WinWindow.close()V+8 javafx.graphics
j  com.sun.glass.ui.Application.terminate()V+75 javafx.graphics
j  com.sun.javafx.tk.quantum.QuantumToolkit.lambda$exit$13()Ljava/lang/Object;+5 javafx.graphics
j  com.sun.javafx.tk.quantum.QuantumToolkit$$Lambda$300+0x0000000800dc1ec8.get()Ljava/lang/Object;+0 javafx.graphics
j  com.sun.javafx.tk.quantum.QuantumToolkit.runWithRenderLock(Ljava/util/function/Supplier;)Ljava/lang/Object;+7 javafx.graphics
j  com.sun.javafx.tk.quantum.QuantumToolkit.exit()V+26 javafx.graphics
j  com.sun.javafx.application.PlatformImpl.lambda$tkExit$16()V+3 javafx.graphics
j  com.sun.javafx.application.PlatformImpl$$Lambda$299+0x0000000800dc1cb0.run()V+0 javafx.graphics
j  com.sun.javafx.application.PlatformImpl.lambda$runAndWait$12(Ljava/lang/Runnable;Ljava/util/concurrent/CountDownLatch;)V+1 javafx.graphics
j  com.sun.javafx.application.PlatformImpl$$Lambda$109+0x0000000800c847d0.run()V+8 javafx.graphics
J 3140 c2 com.sun.glass.ui.InvokeLaterDispatcher$Future.run()V javafx.graphics (91 bytes) @ 0x000002549298da28 [0x000002549298d180+0x00000000000008a8]
v  ~StubRoutines::call_stub
j  com.sun.glass.ui.win.WinApplication._runLoop(Ljava/lang/Runnable;)V+0 javafx.graphics
j  com.sun.glass.ui.win.WinApplication.lambda$runLoop$3(ILjava/lang/Runnable;)V+8 javafx.graphics
j  com.sun.glass.ui.win.WinApplication$$Lambda$99+0x0000000800c2d650.run()V+12 javafx.graphics
j  java.lang.Thread.run()V+11 java.base@17
v  ~StubRoutines::call_stub

siginfo: EXCEPTION_ACCESS_VIOLATION (0xc0000005), reading address 0x00000254ab2d08e0


Register to memory mapping:

RIP=0x00007ffe2b2422ea glass.dll
RAX=0x0000000055f0000a is an unknown value
RBX=0x00000254a2f43748 points into unknown readable memory: 0x00007ffe2b249ff8 | f8 9f 24 2b fe 7f 00 00
RCX=0x00000254ab2d08e0 is an unknown value
RDX=0x000000e21d183000 points into unknown readable memory: 0x0000000004000000 | 00 00 00 04 00 00 00 00
RSP=0x000000e21effe070 is pointing into the stack for thread: 0x00000254a2d8c850
RBP=0x0 is NULL
RSI=0x0000000000000401 is an unknown value
RDI=0x0 is NULL
R8 =0x00000254811f2940 points into unknown readable memory: 0x00000254811f0d20 | 20 0d 1f 81 54 02 00 00
R9 =0x0000000000000001 is an unknown value
R10=0xddd5075b32d3e170 is an unknown value
R11=0x000000e21effdfd0 is pointing into the stack for thread: 0x00000254a2d8c850
R12=0x0 is NULL
R13=0x0000000000000401 is an unknown value
R14=0x0 is NULL
R15=0x0 is NULL


Registers:
RAX=0x0000000055f0000a, RBX=0x00000254a2f43748, RCX=0x00000254ab2d08e0, RDX=0x000000e21d183000
RSP=0x000000e21effe070, RBP=0x0000000000000000, RSI=0x0000000000000401, RDI=0x0000000000000000
R8 =0x00000254811f2940, R9 =0x0000000000000001, R10=0xddd5075b32d3e170, R11=0x000000e21effdfd0
R12=0x0000000000000000, R13=0x0000000000000401, R14=0x0000000000000000, R15=0x0000000000000000
RIP=0x00007ffe2b2422ea, EFLAGS=0x0000000000010202

Top of Stack: (sp=0x000000e21effe070)
0x000000e21effe070:   0000000000000000 000000e200000000
0x000000e21effe080:   000000000018c08e 00007ffe2b2475c0
0x000000e21effe090:   000000e21effe3c0 00007ffe2b23a853
0x000000e21effe0a0:   00000254a2f43720 000000e200000000
0x000000e21effe0b0:   0000000000000401 000002548195a900
0x000000e21effe0c0:   00000254a2c4a9a0 00007ffe2b22a395
0x000000e21effe0d0:   000000e21effe3c0 0000000000000001
0x000000e21effe0e0:   000002548ad4c08e 00007ffdf153b44d
0x000000e21effe0f0:   0000000000000000 00007ffe2b2217bb
0x000000e21effe100:   00000254a2c4a9a0 000000e21effe3c0
0x000000e21effe110:   0000000000000401 0000000000490a36
0x000000e21effe120:   0000000000000000 00007ffe5a281c4c
0x000000e21effe130:   0000000000000001 000000e21effe2f8
0x000000e21effe140:   0000000000000000 0000000080000022
0x000000e21effe150:   00000000000003d8 00000254a1cf4d90
0x000000e21effe160:   00000254a15f1d10 000000e21effe3a0 

Instructions: (pc=0x00007ffe2b2422ea)
0x00007ffe2b2421ea:   44 24 40 48 83 79 08 00 48 8b c2 48 8b d9 74 62
0x00007ffe2b2421fa:   48 8d 54 24 30 48 8b c8 ff 15 a8 73 01 00 85 c0
0x00007ffe2b24220a:   74 50 48 89 7c 24 70 e8 7a d3 ff ff 48 8b 4b 08
0x00007ffe2b24221a:   48 8b f8 48 85 c9 74 06 48 8b 51 08 eb 02 33 d2
0x00007ffe2b24222a:   8b 44 24 3c 48 8b cf 44 8b 4c 24 38 2b 44 24 34
0x00007ffe2b24223a:   44 2b 4c 24 30 4c 8b 05 72 7c 01 00 89 44 24 20
0x00007ffe2b24224a:   e8 61 2e fe ff 48 8b cf e8 59 d2 ff ff 48 8b 7c
0x00007ffe2b24225a:   24 70 48 8b 4c 24 40 48 33 cc e8 c7 16 00 00 48
0x00007ffe2b24226a:   83 c4 50 5b c3 cc 40 53 48 83 ec 20 48 8b d9 48
0x00007ffe2b24227a:   8b 49 30 48 85 c9 74 0a ba 08 00 00 00 e8 04 16
0x00007ffe2b24228a:   00 00 ba 08 00 00 00 48 c7 43 30 00 00 00 00 33
0x00007ffe2b24229a:   c9 48 83 c4 20 5b e9 eb 15 00 00 cc cc cc cc cc
0x00007ffe2b2422aa:   cc cc cc cc cc cc 48 89 5c 24 08 57 48 83 ec 20
0x00007ffe2b2422ba:   48 8b d9 ff 15 25 4f 00 00 33 ff 3c 06 77 18 ff
0x00007ffe2b2422ca:   15 19 4f 00 00 3c 06 75 47 ff 15 0f 4f 00 00 66
0x00007ffe2b2422da:   c1 e8 08 3c 01 72 39 48 8b 4b 38 48 85 c9 74 0a
0x00007ffe2b2422ea:   48 8b 01 ff 50 10 48 89 7b 38 48 8b 4b 40 48 85
0x00007ffe2b2422fa:   c9 74 0a 48 8b 01 ff 50 10 48 89 7b 40 48 8b 4b
0x00007ffe2b24230a:   48 48 85 c9 74 0a 48 8b 01 ff 50 10 48 89 7b 48
0x00007ffe2b24231a:   48 39 7b 50 74 1a e8 6b d2 ff ff 48 8b 53 50 48
0x00007ffe2b24232a:   8b c8 4c 8b 00 41 ff 90 b0 00 00 00 48 89 7b 50
0x00007ffe2b24233a:   48 8b 5c 24 30 48 83 c4 20 5f c3 cc cc cc cc cc
0x00007ffe2b24234a:   cc cc cc cc cc cc 4c 8b dc 49 89 5b 20 57 48 81
0x00007ffe2b24235a:   ec a0 00 00 00 48 8b 05 62 4e 01 00 48 33 c4 48
0x00007ffe2b24236a:   89 84 24 98 00 00 00 83 79 10 00 48 8b fa 48 8b
0x00007ffe2b24237a:   d9 0f 84 1f 01 00 00 c7 44 24 70 18 00 00 00 49
0x00007ffe2b24238a:   8d 4b c8 c7 44 24 74 02 00 00 80 49 89 53 d0 41
0x00007ffe2b24239a:   c7 43 d8 ff ff ff ff 49 89 73 18 ff 15 3d 74 01
0x00007ffe2b2423aa:   00 33 f6 89 73 10 48 39 73 08 0f 84 de 00 00 00
0x00007ffe2b2423ba:   48 8d 4c 24 68 ff 15 93 73 01 00 48 8b 44 24 68
0x00007ffe2b2423ca:   48 8d 54 24 60 48 8b cf 48 89 44 24 60 ff 15 8b
0x00007ffe2b2423da:   72 01 00 8d 56 ec 48 8b cf ff 15 77 73 01 00 0f 


Stack slot to memory mapping:
stack at sp + 0 slots: 0x0 is NULL
stack at sp + 1 slots: 0x000000e200000000 is an unknown value
stack at sp + 2 slots: 0x000000000018c08e is an unknown value
stack at sp + 3 slots: 0x00007ffe2b2475c0 glass.dll
stack at sp + 4 slots: 0x000000e21effe3c0 is pointing into the stack for thread: 0x00000254a2d8c850
stack at sp + 5 slots: 0x00007ffe2b23a853 glass.dll
stack at sp + 6 slots: 0x00000254a2f43720 points into unknown readable memory: 0x00007ffe2b249fb8 | b8 9f 24 2b fe 7f 00 00
stack at sp + 7 slots: 0x000000e200000000 is an unknown value


---------------  P R O C E S S  ---------------

Threads class SMR info:
_java_thread_list=0x00000254a34017c0, length=19, elements={
0x0000025483540940, 0x00000254a15c9830, 0x00000254a15ca5b0, 0x00000254a15df2f0,
0x00000254a15dfbb0, 0x00000254a15e0470, 0x00000254a15e4230, 0x00000254a15e5230,
0x00000254a15f1010, 0x00000254a16020d0, 0x00000254a15b32e0, 0x00000254a22f8030,
0x00000254a22f6c10, 0x00000254a2cfff80, 0x00000254a2d70100, 0x00000254a2d8c850,
0x00000254a2c5f8e0, 0x00000254a2c5fdb0, 0x00000254a2f1d7a0
}

Java Threads: ( => current thread )
  0x0000025483540940 JavaThread "main" [_thread_blocked, id=19548, stack(0x000000e21d600000,0x000000e21d700000)]
  0x00000254a15c9830 JavaThread "Reference Handler" daemon [_thread_blocked, id=25464, stack(0x000000e21dd00000,0x000000e21de00000)]
  0x00000254a15ca5b0 JavaThread "Finalizer" daemon [_thread_blocked, id=32452, stack(0x000000e21de00000,0x000000e21df00000)]
  0x00000254a15df2f0 JavaThread "Signal Dispatcher" daemon [_thread_blocked, id=19484, stack(0x000000e21df00000,0x000000e21e000000)]
  0x00000254a15dfbb0 JavaThread "Attach Listener" daemon [_thread_blocked, id=28752, stack(0x000000e21e000000,0x000000e21e100000)]
  0x00000254a15e0470 JavaThread "Service Thread" daemon [_thread_blocked, id=32212, stack(0x000000e21e100000,0x000000e21e200000)]
  0x00000254a15e4230 JavaThread "Monitor Deflation Thread" daemon [_thread_blocked, id=24564, stack(0x000000e21e200000,0x000000e21e300000)]
  0x00000254a15e5230 JavaThread "C2 CompilerThread0" daemon [_thread_blocked, id=5868, stack(0x000000e21e300000,0x000000e21e400000)]
  0x00000254a15f1010 JavaThread "C1 CompilerThread0" daemon [_thread_blocked, id=29460, stack(0x000000e21e400000,0x000000e21e500000)]
  0x00000254a16020d0 JavaThread "Sweeper thread" daemon [_thread_blocked, id=5884, stack(0x000000e21e500000,0x000000e21e600000)]
  0x00000254a15b32e0 JavaThread "Common-Cleaner" daemon [_thread_blocked, id=26808, stack(0x000000e21e600000,0x000000e21e700000)]
  0x00000254a22f8030 JavaThread "Monitor Ctrl-Break" daemon [_thread_in_native, id=5344, stack(0x000000e21e900000,0x000000e21ea00000)]
  0x00000254a22f6c10 JavaThread "Notification Thread" daemon [_thread_blocked, id=8648, stack(0x000000e21ea00000,0x000000e21eb00000)]
  0x00000254a2cfff80 JavaThread "QuantumRenderer-0" daemon [_thread_blocked, id=30692, stack(0x000000e21ec00000,0x000000e21ed00000)]
  0x00000254a2d70100 JavaThread "InvokeLaterDispatcher" daemon [_thread_blocked, id=32052, stack(0x000000e21ee00000,0x000000e21ef00000)]
=>0x00000254a2d8c850 JavaThread "JavaFX Application Thread" [_thread_in_native, id=2304, stack(0x000000e21ef00000,0x000000e21f000000)]
  0x00000254a2c5f8e0 JavaThread "Thread-1" daemon [_thread_in_native, id=26924, stack(0x000000e21e700000,0x000000e21e800000)]
  0x00000254a2c5fdb0 JavaThread "JavaFX-Launcher" [_thread_blocked, id=20920, stack(0x000000e21e800000,0x000000e21e900000)]
  0x00000254a2f1d7a0 JavaThread "Media Resource Disposer" daemon [_thread_blocked, id=27340, stack(0x000000e220300000,0x000000e220400000)]

Other Threads:
  0x00000254a15c5d30 VMThread "VM Thread" [stack: 0x000000e21dc00000,0x000000e21dd00000] [id=20396]
  0x00000254a22f8500 WatcherThread [stack: 0x000000e21eb00000,0x000000e21ec00000] [id=8912]
  0x0000025483580860 GCTaskThread "GC Thread#0" [stack: 0x000000e21d700000,0x000000e21d800000] [id=15480]
  0x00000254a30e01f0 GCTaskThread "GC Thread#1" [stack: 0x000000e21f100000,0x000000e21f200000] [id=6764]
  0x00000254a30e04a0 GCTaskThread "GC Thread#2" [stack: 0x000000e21f200000,0x000000e21f300000] [id=18688]
  0x00000254a30e0bd0 GCTaskThread "GC Thread#3" [stack: 0x000000e21f300000,0x000000e21f400000] [id=12180]
  0x00000254a30e1300 GCTaskThread "GC Thread#4" [stack: 0x000000e21f400000,0x000000e21f500000] [id=4748]
  0x00000254a30e55c0 GCTaskThread "GC Thread#5" [stack: 0x000000e21f500000,0x000000e21f600000] [id=18804]
  0x00000254a31ab7d0 GCTaskThread "GC Thread#6" [stack: 0x000000e220800000,0x000000e220900000] [id=31248]
  0x00000254a31aba80 GCTaskThread "GC Thread#7" [stack: 0x000000e220900000,0x000000e220a00000] [id=30032]
  0x0000025483592400 ConcurrentGCThread "G1 Main Marker" [stack: 0x000000e21d800000,0x000000e21d900000] [id=20500]
  0x00000254835934c0 ConcurrentGCThread "G1 Conc#0" [stack: 0x000000e21d900000,0x000000e21da00000] [id=17704]
  0x00000254a31aa500 ConcurrentGCThread "G1 Conc#1" [stack: 0x000000e21f600000,0x000000e21f700000] [id=21844]
  0x0000025483618470 ConcurrentGCThread "G1 Refine#0" [stack: 0x000000e21da00000,0x000000e21db00000] [id=29664]
  0x00000254a337a820 ConcurrentGCThread "G1 Refine#1" [stack: 0x000000e220600000,0x000000e220700000] [id=28596]
  0x00000254a337ab00 ConcurrentGCThread "G1 Refine#2" [stack: 0x000000e220700000,0x000000e220800000] [id=25152]
  0x0000025483618da0 ConcurrentGCThread "G1 Service" [stack: 0x000000e21db00000,0x000000e21dc00000] [id=12812]

Threads with active compile tasks:

VM state: not at safepoint (normal execution)

VM Mutex/Monitor currently owned by a thread: None

Heap address: 0x0000000081600000, size: 2026 MB, Compressed Oops mode: 32-bit

CDS archive(s) mapped at: [0x0000000800000000-0x0000000800bc0000-0x0000000800bc0000), size 12320768, SharedBaseAddress: 0x0000000800000000, ArchiveRelocationMode: 0.
Compressed class space mapped at: 0x0000000800c00000-0x0000000840c00000, reserved size: 1073741824
Narrow klass base: 0x0000000800000000, Narrow klass shift: 0, Narrow klass range: 0x100000000

GC Precious Log:
 CPUs: 8 total, 8 available
 Memory: 8099M
 Large Page Support: Disabled
 NUMA Support: Disabled
 Compressed Oops: Enabled (32-bit)
 Heap Region Size: 1M
 Heap Min Capacity: 8M
 Heap Initial Capacity: 128M
 Heap Max Capacity: 2026M
 Pre-touch: Disabled
 Parallel Workers: 8
 Concurrent Workers: 2
 Concurrent Refinement Workers: 8
 Periodic GC: Disabled

Heap:
 garbage-first heap   total 189440K, used 80072K [0x0000000081600000, 0x0000000100000000)
  region size 1024K, 8 young (8192K), 1 survivors (1024K)
 Metaspace       used 13242K, committed 13568K, reserved 1064960K
  class space    used 1645K, committed 1792K, reserved 1048576K

Heap Regions: E=young(eden), S=young(survivor), O=old, HS=humongous(starts), HC=humongous(continues), CS=collection set, F=free, OA=open archive, CA=closed archive, TAMS=top-at-mark-start (previous, next)
|   0|0x0000000081600000, 0x0000000081700000, 0x0000000081700000|100%| O|  |TAMS 0x0000000081700000, 0x0000000081700000| Untracked 
|   1|0x0000000081700000, 0x0000000081800000, 0x0000000081800000|100%|HS|  |TAMS 0x0000000081800000, 0x0000000081800000| Complete 
|   2|0x0000000081800000, 0x0000000081900000, 0x0000000081900000|100%|HS|  |TAMS 0x0000000081900000, 0x0000000081900000| Complete 
|   3|0x0000000081900000, 0x0000000081a00000, 0x0000000081a00000|100%|HS|  |TAMS 0x0000000081a00000, 0x0000000081a00000| Complete 
|   4|0x0000000081a00000, 0x0000000081b00000, 0x0000000081b00000|100%|HS|  |TAMS 0x0000000081a00000, 0x0000000081a00000| Complete 
|   5|0x0000000081b00000, 0x0000000081c00000, 0x0000000081c00000|100%|HS|  |TAMS 0x0000000081c00000, 0x0000000081c00000| Complete 
|   6|0x0000000081c00000, 0x0000000081d00000, 0x0000000081d00000|100%| O|  |TAMS 0x0000000081d00000, 0x0000000081d00000| Untracked 
|   7|0x0000000081d00000, 0x0000000081e00000, 0x0000000081e00000|100%| O|  |TAMS 0x0000000081e00000, 0x0000000081e00000| Untracked 
|   8|0x0000000081e00000, 0x0000000081f00000, 0x0000000081f00000|100%| O|  |TAMS 0x0000000081f00000, 0x0000000081f00000| Untracked 
|   9|0x0000000081f00000, 0x0000000082000000, 0x0000000082000000|100%| O|  |TAMS 0x0000000082000000, 0x0000000082000000| Untracked 
|  10|0x0000000082000000, 0x0000000082100000, 0x0000000082100000|100%|HS|  |TAMS 0x0000000082100000, 0x0000000082100000| Complete 
|  11|0x0000000082100000, 0x0000000082200000, 0x0000000082200000|100%|HC|  |TAMS 0x0000000082200000, 0x0000000082200000| Complete 
|  12|0x0000000082200000, 0x0000000082300000, 0x0000000082300000|100%|HS|  |TAMS 0x0000000082300000, 0x0000000082300000| Complete 
|  13|0x0000000082300000, 0x0000000082400000, 0x0000000082400000|100%|HC|  |TAMS 0x0000000082400000, 0x0000000082400000| Complete 
|  14|0x0000000082400000, 0x0000000082500000, 0x0000000082500000|100%|HS|  |TAMS 0x0000000082400000, 0x0000000082400000| Complete 
|  15|0x0000000082500000, 0x0000000082600000, 0x0000000082600000|100%|HC|  |TAMS 0x0000000082500000, 0x0000000082500000| Complete 
|  16|0x0000000082600000, 0x0000000082700000, 0x0000000082700000|100%|HS|  |TAMS 0x0000000082600000, 0x0000000082600000| Complete 
|  17|0x0000000082700000, 0x0000000082700000, 0x0000000082800000|  0%| F|  |TAMS 0x0000000082700000, 0x0000000082700000| Untracked 
|  18|0x0000000082800000, 0x0000000082900000, 0x0000000082900000|100%|HS|  |TAMS 0x0000000082900000, 0x0000000082900000| Complete 
|  19|0x0000000082900000, 0x0000000082a00000, 0x0000000082a00000|100%|HC|  |TAMS 0x0000000082a00000, 0x0000000082a00000| Complete 
|  20|0x0000000082a00000, 0x0000000082b00000, 0x0000000082b00000|100%|HC|  |TAMS 0x0000000082b00000, 0x0000000082b00000| Complete 
|  21|0x0000000082b00000, 0x0000000082c00000, 0x0000000082c00000|100%|HC|  |TAMS 0x0000000082c00000, 0x0000000082c00000| Complete 
|  22|0x0000000082c00000, 0x0000000082d00000, 0x0000000082d00000|100%|HC|  |TAMS 0x0000000082d00000, 0x0000000082d00000| Complete 
|  23|0x0000000082d00000, 0x0000000082e00000, 0x0000000082e00000|100%|HC|  |TAMS 0x0000000082e00000, 0x0000000082e00000| Complete 
|  24|0x0000000082e00000, 0x0000000082f00000, 0x0000000082f00000|100%|HC|  |TAMS 0x0000000082f00000, 0x0000000082f00000| Complete 
|  25|0x0000000082f00000, 0x0000000083000000, 0x0000000083000000|100%|HC|  |TAMS 0x0000000083000000, 0x0000000083000000| Complete 
|  26|0x0000000083000000, 0x0000000083100000, 0x0000000083100000|100%|HC|  |TAMS 0x0000000083100000, 0x0000000083100000| Complete 
|  27|0x0000000083100000, 0x0000000083100000, 0x0000000083200000|  0%| F|  |TAMS 0x0000000083100000, 0x0000000083100000| Untracked 
|  28|0x0000000083200000, 0x0000000083200000, 0x0000000083300000|  0%| F|  |TAMS 0x0000000083200000, 0x0000000083200000| Untracked 
|  29|0x0000000083300000, 0x0000000083400000, 0x0000000083400000|100%|HS|  |TAMS 0x0000000083400000, 0x0000000083400000| Complete 
|  30|0x0000000083400000, 0x0000000083500000, 0x0000000083500000|100%|HC|  |TAMS 0x0000000083500000, 0x0000000083500000| Complete 
|  31|0x0000000083500000, 0x0000000083600000, 0x0000000083600000|100%|HC|  |TAMS 0x0000000083600000, 0x0000000083600000| Complete 
|  32|0x0000000083600000, 0x0000000083700000, 0x0000000083700000|100%|HC|  |TAMS 0x0000000083700000, 0x0000000083700000| Complete 
|  33|0x0000000083700000, 0x0000000083800000, 0x0000000083800000|100%|HS|  |TAMS 0x0000000083800000, 0x0000000083800000| Complete 
|  34|0x0000000083800000, 0x0000000083900000, 0x0000000083900000|100%|HC|  |TAMS 0x0000000083900000, 0x0000000083900000| Complete 
|  35|0x0000000083900000, 0x0000000083a00000, 0x0000000083a00000|100%|HC|  |TAMS 0x0000000083a00000, 0x0000000083a00000| Complete 
|  36|0x0000000083a00000, 0x0000000083b00000, 0x0000000083b00000|100%|HC|  |TAMS 0x0000000083b00000, 0x0000000083b00000| Complete 
|  37|0x0000000083b00000, 0x0000000083c00000, 0x0000000083c00000|100%|HS|  |TAMS 0x0000000083c00000, 0x0000000083c00000| Complete 
|  38|0x0000000083c00000, 0x0000000083d00000, 0x0000000083d00000|100%|HC|  |TAMS 0x0000000083d00000, 0x0000000083d00000| Complete 
|  39|0x0000000083d00000, 0x0000000083e00000, 0x0000000083e00000|100%|HS|  |TAMS 0x0000000083e00000, 0x0000000083e00000| Complete 
|  40|0x0000000083e00000, 0x0000000083f00000, 0x0000000083f00000|100%|HC|  |TAMS 0x0000000083f00000, 0x0000000083f00000| Complete 
|  41|0x0000000083f00000, 0x0000000084000000, 0x0000000084000000|100%|HS|  |TAMS 0x0000000084000000, 0x0000000084000000| Complete 
|  42|0x0000000084000000, 0x0000000084100000, 0x0000000084100000|100%|HC|  |TAMS 0x0000000084100000, 0x0000000084100000| Complete 
|  43|0x0000000084100000, 0x0000000084200000, 0x0000000084200000|100%|HS|  |TAMS 0x0000000084200000, 0x0000000084200000| Complete 
|  44|0x0000000084200000, 0x0000000084300000, 0x0000000084300000|100%|HC|  |TAMS 0x0000000084300000, 0x0000000084300000| Complete 
|  45|0x0000000084300000, 0x0000000084400000, 0x0000000084400000|100%|HS|  |TAMS 0x0000000084400000, 0x0000000084400000| Complete 
|  46|0x0000000084400000, 0x0000000084500000, 0x0000000084500000|100%|HC|  |TAMS 0x0000000084500000, 0x0000000084500000| Complete 
|  47|0x0000000084500000, 0x0000000084600000, 0x0000000084600000|100%|HC|  |TAMS 0x0000000084600000, 0x0000000084600000| Complete 
|  48|0x0000000084600000, 0x0000000084700000, 0x0000000084700000|100%|HC|  |TAMS 0x0000000084700000, 0x0000000084700000| Complete 
|  49|0x0000000084700000, 0x0000000084800000, 0x0000000084800000|100%|HC|  |TAMS 0x0000000084800000, 0x0000000084800000| Complete 
|  50|0x0000000084800000, 0x0000000084900000, 0x0000000084900000|100%|HC|  |TAMS 0x0000000084900000, 0x0000000084900000| Complete 
|  51|0x0000000084900000, 0x0000000084a00000, 0x0000000084a00000|100%|HC|  |TAMS 0x0000000084a00000, 0x0000000084a00000| Complete 
|  52|0x0000000084a00000, 0x0000000084b00000, 0x0000000084b00000|100%|HC|  |TAMS 0x0000000084b00000, 0x0000000084b00000| Complete 
|  53|0x0000000084b00000, 0x0000000084c00000, 0x0000000084c00000|100%|HC|  |TAMS 0x0000000084c00000, 0x0000000084c00000| Complete 
|  54|0x0000000084c00000, 0x0000000084d00000, 0x0000000084d00000|100%|HC|  |TAMS 0x0000000084d00000, 0x0000000084d00000| Complete 
|  55|0x0000000084d00000, 0x0000000084e00000, 0x0000000084e00000|100%|HC|  |TAMS 0x0000000084e00000, 0x0000000084e00000| Complete 
|  56|0x0000000084e00000, 0x0000000084f00000, 0x0000000084f00000|100%|HC|  |TAMS 0x0000000084f00000, 0x0000000084f00000| Complete 
|  57|0x0000000084f00000, 0x0000000085000000, 0x0000000085000000|100%|HC|  |TAMS 0x0000000085000000, 0x0000000085000000| Complete 
|  58|0x0000000085000000, 0x0000000085100000, 0x0000000085100000|100%| O|  |TAMS 0x0000000085100000, 0x0000000085100000| Untracked 
|  59|0x0000000085100000, 0x0000000085200000, 0x0000000085200000|100%| O|  |TAMS 0x0000000085200000, 0x0000000085200000| Untracked 
|  60|0x0000000085200000, 0x0000000085300000, 0x0000000085300000|100%| O|  |TAMS 0x0000000085300000, 0x0000000085300000| Untracked 
|  61|0x0000000085300000, 0x0000000085400000, 0x0000000085400000|100%|HS|  |TAMS 0x0000000085400000, 0x0000000085400000| Complete 
|  62|0x0000000085400000, 0x0000000085500000, 0x0000000085500000|100%|HC|  |TAMS 0x0000000085500000, 0x0000000085500000| Complete 
|  63|0x0000000085500000, 0x0000000085600000, 0x0000000085600000|100%|HC|  |TAMS 0x0000000085600000, 0x0000000085600000| Complete 
|  64|0x0000000085600000, 0x0000000085700000, 0x0000000085700000|100%|HC|  |TAMS 0x0000000085700000, 0x0000000085700000| Complete 
|  65|0x0000000085700000, 0x0000000085800000, 0x0000000085800000|100%|HC|  |TAMS 0x0000000085800000, 0x0000000085800000| Complete 
|  66|0x0000000085800000, 0x0000000085900000, 0x0000000085900000|100%|HC|  |TAMS 0x0000000085900000, 0x0000000085900000| Complete 
|  67|0x0000000085900000, 0x0000000085a00000, 0x0000000085a00000|100%|HC|  |TAMS 0x0000000085a00000, 0x0000000085a00000| Complete 
|  68|0x0000000085a00000, 0x0000000085b00000, 0x0000000085b00000|100%|HC|  |TAMS 0x0000000085b00000, 0x0000000085b00000| Complete 
|  69|0x0000000085b00000, 0x0000000085c00000, 0x0000000085c00000|100%|HC|  |TAMS 0x0000000085c00000, 0x0000000085c00000| Complete 
|  70|0x0000000085c00000, 0x0000000085d00000, 0x0000000085d00000|100%|HC|  |TAMS 0x0000000085d00000, 0x0000000085d00000| Complete 
|  71|0x0000000085d00000, 0x0000000085e00000, 0x0000000085e00000|100%|HC|  |TAMS 0x0000000085e00000, 0x0000000085e00000| Complete 
|  72|0x0000000085e00000, 0x0000000085f00000, 0x0000000085f00000|100%|HC|  |TAMS 0x0000000085f00000, 0x0000000085f00000| Complete 
|  73|0x0000000085f00000, 0x0000000086000000, 0x0000000086000000|100%|HC|  |TAMS 0x0000000086000000, 0x0000000086000000| Complete 
|  74|0x0000000086000000, 0x0000000086000000, 0x0000000086100000|  0%| F|  |TAMS 0x0000000086000000, 0x0000000086000000| Untracked 
|  75|0x0000000086100000, 0x0000000086100000, 0x0000000086200000|  0%| F|  |TAMS 0x0000000086100000, 0x0000000086100000| Untracked 
|  76|0x0000000086200000, 0x0000000086200000, 0x0000000086300000|  0%| F|  |TAMS 0x0000000086200000, 0x0000000086200000| Untracked 
|  77|0x0000000086300000, 0x0000000086300000, 0x0000000086400000|  0%| F|  |TAMS 0x0000000086300000, 0x0000000086300000| Untracked 
|  78|0x0000000086400000, 0x0000000086400000, 0x0000000086500000|  0%| F|  |TAMS 0x0000000086400000, 0x0000000086400000| Untracked 
|  79|0x0000000086500000, 0x0000000086500000, 0x0000000086600000|  0%| F|  |TAMS 0x0000000086500000, 0x0000000086500000| Untracked 
|  80|0x0000000086600000, 0x0000000086700000, 0x0000000086700000|100%|HS|  |TAMS 0x0000000086600000, 0x0000000086700000| Complete 
|  81|0x0000000086700000, 0x0000000086800000, 0x0000000086800000|100%|HC|  |TAMS 0x0000000086700000, 0x0000000086800000| Complete 
|  82|0x0000000086800000, 0x0000000086800000, 0x0000000086900000|  0%| F|  |TAMS 0x0000000086800000, 0x0000000086800000| Untracked 
|  83|0x0000000086900000, 0x0000000086900000, 0x0000000086a00000|  0%| F|  |TAMS 0x0000000086900000, 0x0000000086900000| Untracked 
|  84|0x0000000086a00000, 0x0000000086a00000, 0x0000000086b00000|  0%| F|  |TAMS 0x0000000086a00000, 0x0000000086a00000| Untracked 
|  85|0x0000000086b00000, 0x0000000086b00000, 0x0000000086c00000|  0%| F|  |TAMS 0x0000000086b00000, 0x0000000086b00000| Untracked 
|  86|0x0000000086c00000, 0x0000000086c00000, 0x0000000086d00000|  0%| F|  |TAMS 0x0000000086c00000, 0x0000000086c00000| Untracked 
|  87|0x0000000086d00000, 0x0000000086d00000, 0x0000000086e00000|  0%| F|  |TAMS 0x0000000086d00000, 0x0000000086d00000| Untracked 
|  88|0x0000000086e00000, 0x0000000086e00000, 0x0000000086f00000|  0%| F|  |TAMS 0x0000000086e00000, 0x0000000086e00000| Untracked 
|  89|0x0000000086f00000, 0x0000000086f00000, 0x0000000087000000|  0%| F|  |TAMS 0x0000000086f00000, 0x0000000086f00000| Untracked 
|  90|0x0000000087000000, 0x0000000087000000, 0x0000000087100000|  0%| F|  |TAMS 0x0000000087000000, 0x0000000087000000| Untracked 
|  91|0x0000000087100000, 0x0000000087100000, 0x0000000087200000|  0%| F|  |TAMS 0x0000000087100000, 0x0000000087100000| Untracked 
|  92|0x0000000087200000, 0x0000000087200000, 0x0000000087300000|  0%| F|  |TAMS 0x0000000087200000, 0x0000000087200000| Untracked 
|  93|0x0000000087300000, 0x0000000087300000, 0x0000000087400000|  0%| F|  |TAMS 0x0000000087300000, 0x0000000087300000| Untracked 
|  94|0x0000000087400000, 0x0000000087400000, 0x0000000087500000|  0%| F|  |TAMS 0x0000000087400000, 0x0000000087400000| Untracked 
|  95|0x0000000087500000, 0x0000000087500000, 0x0000000087600000|  0%| F|  |TAMS 0x0000000087500000, 0x0000000087500000| Untracked 
|  96|0x0000000087600000, 0x0000000087600000, 0x0000000087700000|  0%| F|  |TAMS 0x0000000087600000, 0x0000000087600000| Untracked 
|  97|0x0000000087700000, 0x0000000087700000, 0x0000000087800000|  0%| F|  |TAMS 0x0000000087700000, 0x0000000087700000| Untracked 
|  98|0x0000000087800000, 0x0000000087800000, 0x0000000087900000|  0%| F|  |TAMS 0x0000000087800000, 0x0000000087800000| Untracked 
|  99|0x0000000087900000, 0x0000000087900000, 0x0000000087a00000|  0%| F|  |TAMS 0x0000000087900000, 0x0000000087900000| Untracked 
| 100|0x0000000087a00000, 0x0000000087a00000, 0x0000000087b00000|  0%| F|  |TAMS 0x0000000087a00000, 0x0000000087a00000| Untracked 
| 101|0x0000000087b00000, 0x0000000087b00000, 0x0000000087c00000|  0%| F|  |TAMS 0x0000000087b00000, 0x0000000087b00000| Untracked 
| 102|0x0000000087c00000, 0x0000000087c00000, 0x0000000087d00000|  0%| F|  |TAMS 0x0000000087c00000, 0x0000000087c00000| Untracked 
| 103|0x0000000087d00000, 0x0000000087d00000, 0x0000000087e00000|  0%| F|  |TAMS 0x0000000087d00000, 0x0000000087d00000| Untracked 
| 104|0x0000000087e00000, 0x0000000087e00000, 0x0000000087f00000|  0%| F|  |TAMS 0x0000000087e00000, 0x0000000087e00000| Untracked 
| 105|0x0000000087f00000, 0x0000000087f00000, 0x0000000088000000|  0%| F|  |TAMS 0x0000000087f00000, 0x0000000087f00000| Untracked 
| 106|0x0000000088000000, 0x0000000088000000, 0x0000000088100000|  0%| F|  |TAMS 0x0000000088000000, 0x0000000088000000| Untracked 
| 107|0x0000000088100000, 0x0000000088100000, 0x0000000088200000|  0%| F|  |TAMS 0x0000000088100000, 0x0000000088100000| Untracked 
| 108|0x0000000088200000, 0x0000000088200000, 0x0000000088300000|  0%| F|  |TAMS 0x0000000088200000, 0x0000000088200000| Untracked 
| 109|0x0000000088300000, 0x0000000088300000, 0x0000000088400000|  0%| F|  |TAMS 0x0000000088300000, 0x0000000088300000| Untracked 
| 110|0x0000000088400000, 0x0000000088400000, 0x0000000088500000|  0%| F|  |TAMS 0x0000000088400000, 0x0000000088400000| Untracked 
| 111|0x0000000088500000, 0x0000000088500000, 0x0000000088600000|  0%| F|  |TAMS 0x0000000088500000, 0x0000000088500000| Untracked 
| 112|0x0000000088600000, 0x0000000088600000, 0x0000000088700000|  0%| F|  |TAMS 0x0000000088600000, 0x0000000088600000| Untracked 
| 113|0x0000000088700000, 0x0000000088700000, 0x0000000088800000|  0%| F|  |TAMS 0x0000000088700000, 0x0000000088700000| Untracked 
| 114|0x0000000088800000, 0x0000000088800000, 0x0000000088900000|  0%| F|  |TAMS 0x0000000088800000, 0x0000000088800000| Untracked 
| 115|0x0000000088900000, 0x0000000088900000, 0x0000000088a00000|  0%| F|  |TAMS 0x0000000088900000, 0x0000000088900000| Untracked 
| 116|0x0000000088a00000, 0x0000000088a00000, 0x0000000088b00000|  0%| F|  |TAMS 0x0000000088a00000, 0x0000000088a00000| Untracked 
| 117|0x0000000088b00000, 0x0000000088b00000, 0x0000000088c00000|  0%| F|  |TAMS 0x0000000088b00000, 0x0000000088b00000| Untracked 
| 118|0x0000000088c00000, 0x0000000088c00000, 0x0000000088d00000|  0%| F|  |TAMS 0x0000000088c00000, 0x0000000088c00000| Untracked 
| 119|0x0000000088d00000, 0x0000000088d00000, 0x0000000088e00000|  0%| F|  |TAMS 0x0000000088d00000, 0x0000000088d00000| Untracked 
| 120|0x0000000088e00000, 0x0000000088e00000, 0x0000000088f00000|  0%| F|  |TAMS 0x0000000088e00000, 0x0000000088e00000| Untracked 
| 121|0x0000000088f00000, 0x0000000088f20600, 0x0000000089000000| 12%| O|  |TAMS 0x0000000088f06800, 0x0000000088f1fc00| Untracked 
| 122|0x0000000089000000, 0x0000000089000000, 0x0000000089100000|  0%| F|  |TAMS 0x0000000089000000, 0x0000000089000000| Untracked 
| 123|0x0000000089100000, 0x0000000089100000, 0x0000000089200000|  0%| F|  |TAMS 0x0000000089100000, 0x0000000089100000| Untracked 
| 124|0x0000000089200000, 0x0000000089200000, 0x0000000089300000|  0%| F|  |TAMS 0x0000000089200000, 0x0000000089200000| Untracked 
| 125|0x0000000089300000, 0x0000000089300000, 0x0000000089400000|  0%| F|  |TAMS 0x0000000089300000, 0x0000000089300000| Untracked 
| 126|0x0000000089400000, 0x0000000089400000, 0x0000000089500000|  0%| F|  |TAMS 0x0000000089400000, 0x0000000089400000| Untracked 
| 127|0x0000000089500000, 0x0000000089500000, 0x0000000089600000|  0%| F|  |TAMS 0x0000000089500000, 0x0000000089500000| Untracked 
| 128|0x0000000089600000, 0x0000000089600000, 0x0000000089700000|  0%| F|  |TAMS 0x0000000089600000, 0x0000000089600000| Untracked 
| 129|0x0000000089700000, 0x0000000089700000, 0x0000000089800000|  0%| F|  |TAMS 0x0000000089700000, 0x0000000089700000| Untracked 
| 130|0x0000000089800000, 0x0000000089800000, 0x0000000089900000|  0%| F|  |TAMS 0x0000000089800000, 0x0000000089800000| Untracked 
| 131|0x0000000089900000, 0x0000000089900000, 0x0000000089a00000|  0%| F|  |TAMS 0x0000000089900000, 0x0000000089900000| Untracked 
| 132|0x0000000089a00000, 0x0000000089a00000, 0x0000000089b00000|  0%| F|  |TAMS 0x0000000089a00000, 0x0000000089a00000| Untracked 
| 133|0x0000000089b00000, 0x0000000089b00000, 0x0000000089c00000|  0%| F|  |TAMS 0x0000000089b00000, 0x0000000089b00000| Untracked 
| 134|0x0000000089c00000, 0x0000000089c00000, 0x0000000089d00000|  0%| F|  |TAMS 0x0000000089c00000, 0x0000000089c00000| Untracked 
| 135|0x0000000089d00000, 0x0000000089d00000, 0x0000000089e00000|  0%| F|  |TAMS 0x0000000089d00000, 0x0000000089d00000| Untracked 
| 136|0x0000000089e00000, 0x0000000089e00000, 0x0000000089f00000|  0%| F|  |TAMS 0x0000000089e00000, 0x0000000089e00000| Untracked 
| 137|0x0000000089f00000, 0x0000000089f00000, 0x000000008a000000|  0%| F|  |TAMS 0x0000000089f00000, 0x0000000089f00000| Untracked 
| 138|0x000000008a000000, 0x000000008a000000, 0x000000008a100000|  0%| F|  |TAMS 0x000000008a000000, 0x000000008a000000| Untracked 
| 139|0x000000008a100000, 0x000000008a100000, 0x000000008a200000|  0%| F|  |TAMS 0x000000008a100000, 0x000000008a100000| Untracked 
| 140|0x000000008a200000, 0x000000008a200000, 0x000000008a300000|  0%| F|  |TAMS 0x000000008a200000, 0x000000008a200000| Untracked 
| 141|0x000000008a300000, 0x000000008a300000, 0x000000008a400000|  0%| F|  |TAMS 0x000000008a300000, 0x000000008a300000| Untracked 
| 142|0x000000008a400000, 0x000000008a400000, 0x000000008a500000|  0%| F|  |TAMS 0x000000008a400000, 0x000000008a400000| Untracked 
| 143|0x000000008a500000, 0x000000008a500000, 0x000000008a600000|  0%| F|  |TAMS 0x000000008a500000, 0x000000008a500000| Untracked 
| 144|0x000000008a600000, 0x000000008a600000, 0x000000008a700000|  0%| F|  |TAMS 0x000000008a600000, 0x000000008a600000| Untracked 
| 145|0x000000008a700000, 0x000000008a700000, 0x000000008a800000|  0%| F|  |TAMS 0x000000008a700000, 0x000000008a700000| Untracked 
| 146|0x000000008a800000, 0x000000008a800000, 0x000000008a900000|  0%| F|  |TAMS 0x000000008a800000, 0x000000008a800000| Untracked 
| 147|0x000000008a900000, 0x000000008a900000, 0x000000008aa00000|  0%| F|  |TAMS 0x000000008a900000, 0x000000008a900000| Untracked 
| 148|0x000000008aa00000, 0x000000008aa00000, 0x000000008ab00000|  0%| F|  |TAMS 0x000000008aa00000, 0x000000008aa00000| Untracked 
| 149|0x000000008ab00000, 0x000000008ab00000, 0x000000008ac00000|  0%| F|  |TAMS 0x000000008ab00000, 0x000000008ab00000| Untracked 
| 150|0x000000008ac00000, 0x000000008ac00000, 0x000000008ad00000|  0%| F|  |TAMS 0x000000008ac00000, 0x000000008ac00000| Untracked 
| 151|0x000000008ad00000, 0x000000008ad00000, 0x000000008ae00000|  0%| F|  |TAMS 0x000000008ad00000, 0x000000008ad00000| Untracked 
| 152|0x000000008ae00000, 0x000000008ae00000, 0x000000008af00000|  0%| F|  |TAMS 0x000000008ae00000, 0x000000008ae00000| Untracked 
| 153|0x000000008af00000, 0x000000008af00000, 0x000000008b000000|  0%| F|  |TAMS 0x000000008af00000, 0x000000008af00000| Untracked 
| 154|0x000000008b000000, 0x000000008b000000, 0x000000008b100000|  0%| F|  |TAMS 0x000000008b000000, 0x000000008b000000| Untracked 
| 155|0x000000008b100000, 0x000000008b100000, 0x000000008b200000|  0%| F|  |TAMS 0x000000008b100000, 0x000000008b100000| Untracked 
| 156|0x000000008b200000, 0x000000008b200000, 0x000000008b300000|  0%| F|  |TAMS 0x000000008b200000, 0x000000008b200000| Untracked 
| 157|0x000000008b300000, 0x000000008b300000, 0x000000008b400000|  0%| F|  |TAMS 0x000000008b300000, 0x000000008b300000| Untracked 
| 158|0x000000008b400000, 0x000000008b400000, 0x000000008b500000|  0%| F|  |TAMS 0x000000008b400000, 0x000000008b400000| Untracked 
| 159|0x000000008b500000, 0x000000008b500000, 0x000000008b600000|  0%| F|  |TAMS 0x000000008b500000, 0x000000008b500000| Untracked 
| 160|0x000000008b600000, 0x000000008b600000, 0x000000008b700000|  0%| F|  |TAMS 0x000000008b600000, 0x000000008b600000| Untracked 
| 161|0x000000008b700000, 0x000000008b700000, 0x000000008b800000|  0%| F|  |TAMS 0x000000008b700000, 0x000000008b700000| Untracked 
| 162|0x000000008b800000, 0x000000008b800000, 0x000000008b900000|  0%| F|  |TAMS 0x000000008b800000, 0x000000008b800000| Untracked 
| 163|0x000000008b900000, 0x000000008b900000, 0x000000008ba00000|  0%| F|  |TAMS 0x000000008b900000, 0x000000008b900000| Untracked 
| 164|0x000000008ba00000, 0x000000008ba00000, 0x000000008bb00000|  0%| F|  |TAMS 0x000000008ba00000, 0x000000008ba00000| Untracked 
| 165|0x000000008bb00000, 0x000000008bb00000, 0x000000008bc00000|  0%| F|  |TAMS 0x000000008bb00000, 0x000000008bb00000| Untracked 
| 166|0x000000008bc00000, 0x000000008bc00000, 0x000000008bd00000|  0%| F|  |TAMS 0x000000008bc00000, 0x000000008bc00000| Untracked 
| 167|0x000000008bd00000, 0x000000008bd00000, 0x000000008be00000|  0%| F|  |TAMS 0x000000008bd00000, 0x000000008bd00000| Untracked 
| 168|0x000000008be00000, 0x000000008be00000, 0x000000008bf00000|  0%| F|  |TAMS 0x000000008be00000, 0x000000008be00000| Untracked 
| 169|0x000000008bf00000, 0x000000008bf00000, 0x000000008c000000|  0%| F|  |TAMS 0x000000008bf00000, 0x000000008bf00000| Untracked 
| 170|0x000000008c000000, 0x000000008c000000, 0x000000008c100000|  0%| F|  |TAMS 0x000000008c000000, 0x000000008c000000| Untracked 
| 171|0x000000008c100000, 0x000000008c100000, 0x000000008c200000|  0%| F|  |TAMS 0x000000008c100000, 0x000000008c100000| Untracked 
| 172|0x000000008c200000, 0x000000008c200000, 0x000000008c300000|  0%| F|  |TAMS 0x000000008c200000, 0x000000008c200000| Untracked 
| 173|0x000000008c300000, 0x000000008c300000, 0x000000008c400000|  0%| F|  |TAMS 0x000000008c300000, 0x000000008c300000| Untracked 
| 174|0x000000008c400000, 0x000000008c400000, 0x000000008c500000|  0%| F|  |TAMS 0x000000008c400000, 0x000000008c400000| Untracked 
| 175|0x000000008c500000, 0x000000008c500000, 0x000000008c600000|  0%| F|  |TAMS 0x000000008c500000, 0x000000008c500000| Untracked 
| 176|0x000000008c600000, 0x000000008c600000, 0x000000008c700000|  0%| F|  |TAMS 0x000000008c600000, 0x000000008c600000| Untracked 
| 177|0x000000008c700000, 0x000000008c800000, 0x000000008c800000|100%| E|  |TAMS 0x000000008c700000, 0x000000008c700000| Complete 
| 178|0x000000008c800000, 0x000000008c900000, 0x000000008c900000|100%| E|CS|TAMS 0x000000008c800000, 0x000000008c800000| Complete 
| 179|0x000000008c900000, 0x000000008ca00000, 0x000000008ca00000|100%| E|  |TAMS 0x000000008c900000, 0x000000008c900000| Complete 
| 180|0x000000008ca00000, 0x000000008cb00000, 0x000000008cb00000|100%| E|CS|TAMS 0x000000008ca00000, 0x000000008ca00000| Complete 
| 181|0x000000008cb00000, 0x000000008cb11ca8, 0x000000008cc00000|  6%| S|CS|TAMS 0x000000008cb00000, 0x000000008cb00000| Complete 
| 182|0x000000008cc00000, 0x000000008cd00000, 0x000000008cd00000|100%| E|CS|TAMS 0x000000008cc00000, 0x000000008cc00000| Complete 
| 183|0x000000008cd00000, 0x000000008ce00000, 0x000000008ce00000|100%| E|CS|TAMS 0x000000008cd00000, 0x000000008cd00000| Complete 
| 184|0x000000008ce00000, 0x000000008cf00000, 0x000000008cf00000|100%| E|CS|TAMS 0x000000008ce00000, 0x000000008ce00000| Complete 

Card table byte_map: [0x000002549a470000,0x000002549a870000] _byte_map_base: 0x000002549a065000

Marking Bits (Prev, Next): (CMBitMap*) 0x0000025483580d80, (CMBitMap*) 0x0000025483580dc0
 Prev Bits: [0x000002549ac70000, 0x000002549cc18000)
 Next Bits: [0x000002549cc20000, 0x000002549ebc8000)

Polling page: 0x00000254814b0000

Metaspace:

Usage:
  Non-class:     11.33 MB used.
      Class:      1.61 MB used.
       Both:     12.93 MB used.

Virtual space:
  Non-class space:       16.00 MB reserved,      11.50 MB ( 72%) committed,  2 nodes.
      Class space:        1.00 GB reserved,       1.75 MB ( <1%) committed,  1 nodes.
             Both:        1.02 GB reserved,      13.25 MB (  1%) committed. 

Chunk freelists:
   Non-Class:  238.00 KB
       Class:  2.22 MB
        Both:  2.46 MB

MaxMetaspaceSize: unlimited
CompressedClassSpaceSize: 1.00 GB
Initial GC threshold: 21.00 MB
Current GC threshold: 21.38 MB
CDS: on
MetaspaceReclaimPolicy: balanced
 - commit_granule_bytes: 65536.
 - commit_granule_words: 8192.
 - virtual_space_node_default_size: 1048576.
 - enlarge_chunks_in_place: 1.
 - new_chunks_are_fully_committed: 0.
 - uncommit_free_chunks: 1.
 - use_allocation_guard: 0.
 - handle_deallocations: 1.


Internal statistics:

num_allocs_failed_limit: 0.
num_arena_births: 228.
num_arena_deaths: 0.
num_vsnodes_births: 3.
num_vsnodes_deaths: 0.
num_space_committed: 212.
num_space_uncommitted: 0.
num_chunks_returned_to_freelist: 0.
num_chunks_taken_from_freelist: 622.
num_chunk_merges: 0.
num_chunk_splits: 427.
num_chunks_enlarged: 319.
num_purges: 0.
num_inconsistent_stats: 0.

CodeHeap 'non-profiled nmethods': size=120000Kb used=1596Kb max_used=1596Kb free=118403Kb
 bounds [0x0000025492810000, 0x0000025492a80000, 0x0000025499d40000]
CodeHeap 'profiled nmethods': size=120000Kb used=5983Kb max_used=5983Kb free=114016Kb
 bounds [0x000002548b2e0000, 0x000002548b8c0000, 0x0000025492810000]
CodeHeap 'non-nmethods': size=5760Kb used=1393Kb max_used=1448Kb free=4366Kb
 bounds [0x000002548ad40000, 0x000002548afb0000, 0x000002548b2e0000]
 total_blobs=3951 nmethods=3209 adapters=653
 compilation: enabled
              stopped_count=0, restarted_count=0
 full_count=0

Compilation events (20 events):
Event: 29.411 Thread 0x00000254a15f1010 3202       3       javafx.scene.Scene$ClickGenerator::preProcess (348 bytes)
Event: 29.412 Thread 0x00000254a15e5230 3203   !   4       com.sun.javafx.event.EventQueue::fire (66 bytes)
Event: 29.412 Thread 0x00000254a15f1010 nmethod 3202 0x000002548b8b0a10 code [0x000002548b8b0e60, 0x000002548b8b3518]
Event: 29.432 Thread 0x00000254a15e5230 nmethod 3203 0x000002549299b910 code [0x000002549299bc20, 0x000002549299d240]
Event: 29.736 Thread 0x00000254a15f1010 3204       3       com.sun.javafx.sg.prism.NGImageView::invalidate (25 bytes)
Event: 29.736 Thread 0x00000254a15e5230 3205       4       java.util.ArrayList$Itr::next (66 bytes)
Event: 29.737 Thread 0x00000254a15f1010 nmethod 3204 0x000002548b8b3e90 code [0x000002548b8b40a0, 0x000002548b8b47c8]
Event: 29.738 Thread 0x00000254a15e5230 nmethod 3205 0x000002549299e310 code [0x000002549299e4a0, 0x000002549299e5f8]
Event: 29.975 Thread 0x00000254a15f1010 3206       1       com.sun.javafx.sg.prism.NGNode::isDepthTest (5 bytes)
Event: 29.975 Thread 0x00000254a15f1010 nmethod 3206 0x000002549299e790 code [0x000002549299e920, 0x000002549299e9f8]
Event: 30.164 Thread 0x00000254a15f1010 3207       1       java.util.concurrent.CopyOnWriteArrayList::setArray (6 bytes)
Event: 30.164 Thread 0x00000254a15f1010 nmethod 3207 0x000002549299ea90 code [0x000002549299ec20, 0x000002549299ed38]
Event: 30.164 Thread 0x00000254a15f1010 3208       3       java.lang.invoke.MethodHandles$Lookup::resolveOrFail (44 bytes)
Event: 30.165 Thread 0x00000254a15f1010 nmethod 3208 0x000002548b8b4a10 code [0x000002548b8b4cc0, 0x000002548b8b5988]
Event: 30.165 Thread 0x00000254a15f1010 3209       3       java.lang.invoke.MethodHandles$Lookup::getDirectMethodForConstant (72 bytes)
Event: 30.166 Thread 0x00000254a15f1010 nmethod 3209 0x000002548b8b5e10 code [0x000002548b8b6160, 0x000002548b8b7468]
Event: 30.166 Thread 0x00000254a15f1010 3210       3       java.lang.invoke.LambdaFormEditor::bindArgumentType (101 bytes)
Event: 30.166 Thread 0x00000254a15f1010 nmethod 3210 0x000002548b8b7a90 code [0x000002548b8b7c40, 0x000002548b8b7e68]
Event: 30.214 Thread 0x00000254a15e5230 3211       4       java.lang.Class::cast (27 bytes)
Event: 30.215 Thread 0x00000254a15e5230 nmethod 3211 0x000002549299ed90 code [0x000002549299ef00, 0x000002549299f018]

GC Heap History (20 events):
Event: 15.293 GC heap before
{Heap before GC invocations=27 (full 0):
 garbage-first heap   total 189440K, used 87210K [0x0000000081600000, 0x0000000100000000)
  region size 1024K, 4 young (4096K), 1 survivors (1024K)
 Metaspace       used 13063K, committed 13376K, reserved 1064960K
  class space    used 1634K, committed 1792K, reserved 1048576K
}
Event: 15.294 GC heap after
{Heap after GC invocations=28 (full 0):
 garbage-first heap   total 189440K, used 70837K [0x0000000081600000, 0x0000000100000000)
  region size 1024K, 1 young (1024K), 1 survivors (1024K)
 Metaspace       used 13063K, committed 13376K, reserved 1064960K
  class space    used 1634K, committed 1792K, reserved 1048576K
}
Event: 17.083 GC heap before
{Heap before GC invocations=28 (full 0):
 garbage-first heap   total 189440K, used 123061K [0x0000000081600000, 0x0000000100000000)
  region size 1024K, 39 young (39936K), 1 survivors (1024K)
 Metaspace       used 13089K, committed 13376K, reserved 1064960K
  class space    used 1635K, committed 1792K, reserved 1048576K
}
Event: 17.083 GC heap after
{Heap after GC invocations=29 (full 0):
 garbage-first heap   total 189440K, used 70870K [0x0000000081600000, 0x0000000100000000)
  region size 1024K, 1 young (1024K), 1 survivors (1024K)
 Metaspace       used 13089K, committed 13376K, reserved 1064960K
  class space    used 1635K, committed 1792K, reserved 1048576K
}
Event: 17.481 GC heap before
{Heap before GC invocations=29 (full 0):
 garbage-first heap   total 189440K, used 87254K [0x0000000081600000, 0x0000000100000000)
  region size 1024K, 4 young (4096K), 1 survivors (1024K)
 Metaspace       used 13104K, committed 13440K, reserved 1064960K
  class space    used 1635K, committed 1792K, reserved 1048576K
}
Event: 17.482 GC heap after
{Heap after GC invocations=30 (full 0):
 garbage-first heap   total 189440K, used 70853K [0x0000000081600000, 0x0000000100000000)
  region size 1024K, 1 young (1024K), 1 survivors (1024K)
 Metaspace       used 13104K, committed 13440K, reserved 1064960K
  class space    used 1635K, committed 1792K, reserved 1048576K
}
Event: 19.165 GC heap before
{Heap before GC invocations=30 (full 0):
 garbage-first heap   total 189440K, used 95429K [0x0000000081600000, 0x0000000100000000)
  region size 1024K, 12 young (12288K), 1 survivors (1024K)
 Metaspace       used 13115K, committed 13440K, reserved 1064960K
  class space    used 1635K, committed 1792K, reserved 1048576K
}
Event: 19.165 GC heap after
{Heap after GC invocations=31 (full 0):
 garbage-first heap   total 189440K, used 70852K [0x0000000081600000, 0x0000000100000000)
  region size 1024K, 1 young (1024K), 1 survivors (1024K)
 Metaspace       used 13115K, committed 13440K, reserved 1064960K
  class space    used 1635K, committed 1792K, reserved 1048576K
}
Event: 19.543 GC heap before
{Heap before GC invocations=31 (full 0):
 garbage-first heap   total 189440K, used 87236K [0x0000000081600000, 0x0000000100000000)
  region size 1024K, 4 young (4096K), 1 survivors (1024K)
 Metaspace       used 13116K, committed 13440K, reserved 1064960K
  class space    used 1635K, committed 1792K, reserved 1048576K
}
Event: 19.544 GC heap after
{Heap after GC invocations=32 (full 0):
 garbage-first heap   total 189440K, used 70850K [0x0000000081600000, 0x0000000100000000)
  region size 1024K, 1 young (1024K), 1 survivors (1024K)
 Metaspace       used 13116K, committed 13440K, reserved 1064960K
  class space    used 1635K, committed 1792K, reserved 1048576K
}
Event: 22.442 GC heap before
{Heap before GC invocations=32 (full 0):
 garbage-first heap   total 189440K, used 96450K [0x0000000081600000, 0x0000000100000000)
  region size 1024K, 13 young (13312K), 1 survivors (1024K)
 Metaspace       used 13134K, committed 13440K, reserved 1064960K
  class space    used 1637K, committed 1792K, reserved 1048576K
}
Event: 22.443 GC heap after
{Heap after GC invocations=33 (full 0):
 garbage-first heap   total 189440K, used 70853K [0x0000000081600000, 0x0000000100000000)
  region size 1024K, 1 young (1024K), 1 survivors (1024K)
 Metaspace       used 13134K, committed 13440K, reserved 1064960K
  class space    used 1637K, committed 1792K, reserved 1048576K
}
Event: 22.820 GC heap before
{Heap before GC invocations=33 (full 0):
 garbage-first heap   total 189440K, used 87237K [0x0000000081600000, 0x0000000100000000)
  region size 1024K, 4 young (4096K), 1 survivors (1024K)
 Metaspace       used 13144K, committed 13440K, reserved 1064960K
  class space    used 1637K, committed 1792K, reserved 1048576K
}
Event: 22.822 GC heap after
{Heap after GC invocations=34 (full 0):
 garbage-first heap   total 189440K, used 70849K [0x0000000081600000, 0x0000000100000000)
  region size 1024K, 1 young (1024K), 1 survivors (1024K)
 Metaspace       used 13144K, committed 13440K, reserved 1064960K
  class space    used 1637K, committed 1792K, reserved 1048576K
}
Event: 24.426 GC heap before
{Heap before GC invocations=34 (full 0):
 garbage-first heap   total 189440K, used 88257K [0x0000000081600000, 0x0000000100000000)
  region size 1024K, 5 young (5120K), 1 survivors (1024K)
 Metaspace       used 13151K, committed 13440K, reserved 1064960K
  class space    used 1637K, committed 1792K, reserved 1048576K
}
Event: 24.426 GC heap after
{Heap after GC invocations=35 (full 0):
 garbage-first heap   total 189440K, used 70854K [0x0000000081600000, 0x0000000100000000)
  region size 1024K, 1 young (1024K), 1 survivors (1024K)
 Metaspace       used 13151K, committed 13440K, reserved 1064960K
  class space    used 1637K, committed 1792K, reserved 1048576K
}
Event: 24.826 GC heap before
{Heap before GC invocations=35 (full 0):
 garbage-first heap   total 189440K, used 94406K [0x0000000081600000, 0x0000000100000000)
  region size 1024K, 11 young (11264K), 1 survivors (1024K)
 Metaspace       used 13155K, committed 13440K, reserved 1064960K
  class space    used 1637K, committed 1792K, reserved 1048576K
}
Event: 24.826 GC heap after
{Heap after GC invocations=36 (full 0):
 garbage-first heap   total 189440K, used 70858K [0x0000000081600000, 0x0000000100000000)
  region size 1024K, 1 young (1024K), 1 survivors (1024K)
 Metaspace       used 13155K, committed 13440K, reserved 1064960K
  class space    used 1637K, committed 1792K, reserved 1048576K
}
Event: 25.213 GC heap before
{Heap before GC invocations=36 (full 0):
 garbage-first heap   total 189440K, used 87242K [0x0000000081600000, 0x0000000100000000)
  region size 1024K, 4 young (4096K), 1 survivors (1024K)
 Metaspace       used 13169K, committed 13440K, reserved 1064960K
  class space    used 1637K, committed 1792K, reserved 1048576K
}
Event: 25.213 GC heap after
{Heap after GC invocations=37 (full 0):
 garbage-first heap   total 189440K, used 70856K [0x0000000081600000, 0x0000000100000000)
  region size 1024K, 1 young (1024K), 1 survivors (1024K)
 Metaspace       used 13169K, committed 13440K, reserved 1064960K
  class space    used 1637K, committed 1792K, reserved 1048576K
}

Deoptimization events (20 events):
Event: 29.126 Thread 0x00000254a2d8c850 Uncommon trap: trap_request=0xffffffc6 fr.pc=0x0000025492991630 relative=0x00000000000044b0
Event: 29.126 Thread 0x00000254a2d8c850 Uncommon trap: reason=bimorphic_or_optimized_type_check action=maybe_recompile pc=0x0000025492991630 method=com.sun.glass.ui.InvokeLaterDispatcher$Future.run()V @ 4 c2
Event: 29.126 Thread 0x00000254a2d8c850 DEOPT PACKING pc=0x0000025492991630 sp=0x000000e21effe900
Event: 29.126 Thread 0x00000254a2d8c850 DEOPT UNPACKING pc=0x000002548ad923a3 sp=0x000000e21effe928 mode 2
Event: 29.130 Thread 0x00000254a2cfff80 Uncommon trap: trap_request=0xffffff45 fr.pc=0x00000254928fcb14 relative=0x0000000000005334
Event: 29.130 Thread 0x00000254a2cfff80 Uncommon trap: reason=unstable_if action=reinterpret pc=0x00000254928fcb14 method=com.sun.javafx.geom.transform.BaseTransform.equals(Ljava/lang/Object;)Z @ 59 c2
Event: 29.130 Thread 0x00000254a2cfff80 DEOPT PACKING pc=0x00000254928fcb14 sp=0x000000e21ecfe7f0
Event: 29.130 Thread 0x00000254a2cfff80 DEOPT UNPACKING pc=0x000002548ad923a3 sp=0x000000e21ecfe3c0 mode 2
Event: 29.153 Thread 0x00000254a2d8c850 Uncommon trap: trap_request=0xffffff45 fr.pc=0x0000025492980500 relative=0x0000000000001280
Event: 29.153 Thread 0x00000254a2d8c850 Uncommon trap: reason=unstable_if action=reinterpret pc=0x0000025492980500 method=java.util.EnumMap.values()Ljava/util/Collection; @ 6 c2
Event: 29.153 Thread 0x00000254a2d8c850 DEOPT PACKING pc=0x0000025492980500 sp=0x000000e21effdea0
Event: 29.153 Thread 0x00000254a2d8c850 DEOPT UNPACKING pc=0x000002548ad923a3 sp=0x000000e21effde58 mode 2
Event: 29.153 Thread 0x00000254a2d8c850 Uncommon trap: trap_request=0xffffffde fr.pc=0x0000025492976298 relative=0x0000000000000bf8
Event: 29.153 Thread 0x00000254a2d8c850 Uncommon trap: reason=class_check action=maybe_recompile pc=0x0000025492976298 method=com.sun.javafx.event.EventUtil.fireEventImpl(Ljavafx/event/EventDispatchChain;Ljavafx/event/EventTarget;Ljavafx/event/Event;)Ljavafx/event/Event; @ 2 c2
Event: 29.153 Thread 0x00000254a2d8c850 DEOPT PACKING pc=0x0000025492976298 sp=0x000000e21effde60
Event: 29.153 Thread 0x00000254a2d8c850 DEOPT UNPACKING pc=0x000002548ad923a3 sp=0x000000e21effdcd8 mode 2
Event: 30.214 Thread 0x00000254a2d8c850 Uncommon trap: trap_request=0xffffff45 fr.pc=0x000002549293d76c relative=0x0000000000000a0c
Event: 30.214 Thread 0x00000254a2d8c850 Uncommon trap: reason=unstable_if action=reinterpret pc=0x000002549293d76c method=com.sun.glass.ui.Timer.resume()V @ 6 c2
Event: 30.214 Thread 0x00000254a2d8c850 DEOPT PACKING pc=0x000002549293d76c sp=0x000000e21effbb30
Event: 30.214 Thread 0x00000254a2d8c850 DEOPT UNPACKING pc=0x000002548ad923a3 sp=0x000000e21effb7c0 mode 2

Classes unloaded (0 events):
No events

Classes redefined (0 events):
No events

Internal exceptions (20 events):
Event: 1.033 Thread 0x00000254a2d8c850 Exception <a 'java/lang/NoSuchMethodError'{0x0000000087a5b860}: 'void java.lang.invoke.DirectMethodHandle$Holder.invokeSpecial(java.lang.Object, java.lang.Object, double)'> (0x0000000087a5b860) 
thrown [t:\workspace\open\src\hotspot\share\interpreter\linkResolver.cpp, line 766]
Event: 1.034 Thread 0x00000254a2d8c850 Exception <a 'java/lang/NoSuchMethodError'{0x00000000879066e8}: 'java.lang.Object java.lang.invoke.DirectMethodHandle$Holder.newInvokeSpecial(java.lang.Object, java.lang.Object, double)'> (0x00000000879066e8) 
thrown [t:\workspace\open\src\hotspot\share\interpreter\linkResolver.cpp, line 766]
Event: 1.034 Thread 0x00000254a2d8c850 Exception <a 'java/lang/NoSuchMethodError'{0x000000008790a858}: 'java.lang.Object java.lang.invoke.DirectMethodHandle$Holder.invokeSpecial(java.lang.Object, java.lang.Object, java.lang.Object, double)'> (0x000000008790a858) 
thrown [t:\workspace\open\src\hotspot\share\interpreter\linkResolver.cpp, line 766]
Event: 1.040 Thread 0x00000254a2cfff80 Exception <a 'java/lang/NoSuchMethodError'{0x0000000087972c60}: 'int java.lang.invoke.DirectMethodHandle$Holder.invokeStaticInit(java.lang.Object, java.lang.Object)'> (0x0000000087972c60) 
thrown [t:\workspace\open\src\hotspot\share\interpreter\linkResolver.cpp, line 766]
Event: 1.880 Thread 0x00000254a2d8c850 Exception <a 'java/lang/NoSuchMethodError'{0x00000000877fe848}: 'long java.lang.invoke.DirectMethodHandle$Holder.invokeStatic(java.lang.Object, java.lang.Object, java.lang.Object)'> (0x00000000877fe848) 
thrown [t:\workspace\open\src\hotspot\share\interpreter\linkResolver.cpp, line 766]
Event: 1.880 Thread 0x00000254a2d8c850 Exception <a 'java/lang/NoSuchMethodError'{0x0000000087602498}: 'long java.lang.invoke.DirectMethodHandle$Holder.invokeStaticInit(java.lang.Object, java.lang.Object, java.lang.Object)'> (0x0000000087602498) 
thrown [t:\workspace\open\src\hotspot\share\interpreter\linkResolver.cpp, line 766]
Event: 1.881 Thread 0x00000254a2d8c850 Exception <a 'java/lang/NoSuchMethodError'{0x000000008761d070}: 'java.lang.Object java.lang.invoke.DirectMethodHandle$Holder.newInvokeSpecial(java.lang.Object, java.lang.Object, long)'> (0x000000008761d070) 
thrown [t:\workspace\open\src\hotspot\share\interpreter\linkResolver.cpp, line 766]
Event: 1.881 Thread 0x00000254a2d8c850 Exception <a 'java/lang/NoSuchMethodError'{0x0000000087620be0}: 'java.lang.Object java.lang.invoke.Invokers$Holder.linkToTargetMethod(java.lang.Object, long, java.lang.Object)'> (0x0000000087620be0) 
thrown [t:\workspace\open\src\hotspot\share\interpreter\linkResolver.cpp, line 766]
Event: 8.621 Thread 0x00000254a2cfff80 Implicit null exception at 0x00000254928e78ac to 0x00000254928e792c
Event: 15.734 Thread 0x00000254a2f1eae0 Exception <a 'sun/nio/fs/WindowsException'{0x000000008cc41480}> (0x000000008cc41480) 
thrown [t:\workspace\open\src\hotspot\share\prims\jni.cpp, line 516]
Event: 15.734 Thread 0x00000254a2f1eae0 Exception <a 'java/io/FileNotFoundException'{0x000000008cc425e8}> (0x000000008cc425e8) 
thrown [t:\workspace\open\src\hotspot\share\prims\jni.cpp, line 516]
Event: 16.735 Thread 0x00000254a2f1eae0 Exception <a 'java/io/FileNotFoundException'{0x000000008cc433a0}> (0x000000008cc433a0) 
thrown [t:\workspace\open\src\hotspot\share\prims\jni.cpp, line 516]
Event: 17.736 Thread 0x00000254a2f1eae0 Exception <a 'java/io/FileNotFoundException'{0x000000008cc30930}> (0x000000008cc30930) 
thrown [t:\workspace\open\src\hotspot\share\prims\jni.cpp, line 516]
Event: 18.739 Thread 0x00000254a2f1eae0 Exception <a 'java/io/FileNotFoundException'{0x000000008cc316e8}> (0x000000008cc316e8) 
thrown [t:\workspace\open\src\hotspot\share\prims\jni.cpp, line 516]
Event: 19.741 Thread 0x00000254a2f1eae0 Exception <a 'java/io/FileNotFoundException'{0x000000008cc5cd80}> (0x000000008cc5cd80) 
thrown [t:\workspace\open\src\hotspot\share\prims\jni.cpp, line 516]
Event: 28.425 Thread 0x00000254a2d8c850 Exception <a 'java/lang/NoSuchMethodError'{0x000000008ca4e900}: 'java.lang.Object java.lang.invoke.DirectMethodHandle$Holder.newInvokeSpecial(java.lang.Object, java.lang.Object, int, int, int, int, int, java.lang.Object)'> (0x000000008ca4e900) 
thrown [t:\workspace\open\src\hotspot\share\interpreter\linkResolver.cpp, line 766]
Event: 28.426 Thread 0x00000254a2d8c850 Exception <a 'java/lang/NoSuchMethodError'{0x000000008ca618e0}: 'java.lang.Object java.lang.invoke.DirectMethodHandle$Holder.newInvokeSpecial(java.lang.Object, java.lang.Object, java.lang.Object, int, int, int, int, int)'> (0x000000008ca618e0) 
thrown [t:\workspace\open\src\hotspot\share\interpreter\linkResolver.cpp, line 766]
Event: 28.426 Thread 0x00000254a2d8c850 Exception <a 'java/lang/NoSuchMethodError'{0x000000008ca69140}: 'java.lang.Object java.lang.invoke.Invokers$Holder.linkToTargetMethod(java.lang.Object, java.lang.Object, int, int, int, int, int, java.lang.Object)'> (0x000000008ca69140) 
thrown [t:\workspace\open\src\hotspot\share\interpreter\linkResolver.cpp, line 766]
Event: 29.126 Thread 0x00000254a2d8c850 Implicit null exception at 0x0000025492979bd5 to 0x000002549297b384
Event: 29.153 Thread 0x00000254a2d8c850 Implicit null exception at 0x000002549297f2e0 to 0x00000254929804e4

VM Operations (20 events):
Event: 22.442 Executing VM operation: G1TryInitiateConcMark
Event: 22.443 Executing VM operation: G1TryInitiateConcMark done
Event: 22.820 Executing VM operation: G1TryInitiateConcMark
Event: 22.822 Executing VM operation: G1TryInitiateConcMark done
Event: 23.822 Executing VM operation: Cleanup
Event: 23.822 Executing VM operation: Cleanup done
Event: 24.425 Executing VM operation: G1TryInitiateConcMark
Event: 24.426 Executing VM operation: G1TryInitiateConcMark done
Event: 24.826 Executing VM operation: G1TryInitiateConcMark
Event: 24.826 Executing VM operation: G1TryInitiateConcMark done
Event: 25.213 Executing VM operation: G1TryInitiateConcMark
Event: 25.213 Executing VM operation: G1TryInitiateConcMark done
Event: 27.214 Executing VM operation: Cleanup
Event: 27.214 Executing VM operation: Cleanup done
Event: 28.214 Executing VM operation: Cleanup
Event: 28.214 Executing VM operation: Cleanup done
Event: 29.215 Executing VM operation: Cleanup
Event: 29.215 Executing VM operation: Cleanup done
Event: 30.215 Executing VM operation: Cleanup
Event: 30.215 Executing VM operation: Cleanup done

Events (20 events):
Event: 24.430 Thread 0x00000254a2a6ac20 Thread added: 0x00000254a2a6ac20
Event: 24.430 Thread 0x00000254a2a6ac20 Thread exited: 0x00000254a2a6ac20
Event: 24.430 Thread 0x00000254a2a6ac20 Thread added: 0x00000254a2a6ac20
Event: 24.430 Thread 0x00000254a2a6ac20 Thread exited: 0x00000254a2a6ac20
Event: 24.430 Thread 0x00000254a2a6b0f0 Thread added: 0x00000254a2a6b0f0
Event: 24.430 Thread 0x00000254a2a6b0f0 Thread exited: 0x00000254a2a6b0f0
Event: 24.616 Thread 0x00000254a1638ca0 Thread added: 0x00000254a1638ca0
Event: 24.616 Thread 0x00000254a1638ca0 Thread exited: 0x00000254a1638ca0
Event: 24.616 Thread 0x00000254a1639640 Thread added: 0x00000254a1639640
Event: 24.616 Thread 0x00000254a1639640 Thread exited: 0x00000254a1639640
Event: 24.827 Thread 0x00000254a3811070 Thread exited: 0x00000254a3811070
Event: 25.266 Thread 0x00000254a1646e40 Thread exited: 0x00000254a1646e40
Event: 25.866 Thread 0x00000254a371a240 Thread added: 0x00000254a371a240
Event: 25.867 Thread 0x00000254a371a240 Thread exited: 0x00000254a371a240
Event: 30.165 Thread 0x00000254a2f1ce00 Thread exited: 0x00000254a2f1ce00
Event: 30.165 Thread 0x00000254a324e5e0 Thread exited: 0x00000254a324e5e0
Event: 30.167 Thread 0x00000254a1646970 Thread exited: 0x00000254a1646970
Event: 30.167 Thread 0x00000254a380fd30 Thread exited: 0x00000254a380fd30
Event: 30.211 Thread 0x00000254a2485100 Thread exited: 0x00000254a2485100
Event: 30.211 Thread 0x00000254a1639170 Thread exited: 0x00000254a1639170


Dynamic libraries:
0x00007ff6f1250000 - 0x00007ff6f125e000 	C:\Users\KRISHNAM\.jdks\openjdk-17\bin\java.exe
0x00007ffe5a640000 - 0x00007ffe5a847000 	C:\WINDOWS\SYSTEM32\ntdll.dll
0x00007ffe58c00000 - 0x00007ffe58cbd000 	C:\WINDOWS\System32\KERNEL32.DLL
0x00007ffe57d10000 - 0x00007ffe58084000 	C:\WINDOWS\System32\KERNELBASE.dll
0x00007ffe58260000 - 0x00007ffe58371000 	C:\WINDOWS\System32\ucrtbase.dll
0x00007ffe3f7e0000 - 0x00007ffe3f7f8000 	C:\Users\KRISHNAM\.jdks\openjdk-17\bin\jli.dll
0x00007ffe4fd80000 - 0x00007ffe4fd9a000 	C:\Users\KRISHNAM\.jdks\openjdk-17\bin\VCRUNTIME140.dll
0x00007ffe5a270000 - 0x00007ffe5a41c000 	C:\WINDOWS\System32\USER32.dll
0x00007ffe58380000 - 0x00007ffe583a6000 	C:\WINDOWS\System32\win32u.dll
0x00007ffe4b030000 - 0x00007ffe4b2d5000 	C:\WINDOWS\WinSxS\amd64_microsoft.windows.common-controls_6595b64144ccf1df_6.0.22000.120_none_9d947278b86cc467\COMCTL32.dll
0x00007ffe59110000 - 0x00007ffe59139000 	C:\WINDOWS\System32\GDI32.dll
0x00007ffe5a420000 - 0x00007ffe5a4c3000 	C:\WINDOWS\System32\msvcrt.dll
0x00007ffe583b0000 - 0x00007ffe584c2000 	C:\WINDOWS\System32\gdi32full.dll
0x00007ffe58090000 - 0x00007ffe5812d000 	C:\WINDOWS\System32\msvcp_win.dll
0x00007ffe58f80000 - 0x00007ffe58fb1000 	C:\WINDOWS\System32\IMM32.DLL
0x00007ffe539f0000 - 0x00007ffe539fc000 	C:\Users\KRISHNAM\.jdks\openjdk-17\bin\vcruntime140_1.dll
0x00007ffe2f1c0000 - 0x00007ffe2f24d000 	C:\Users\KRISHNAM\.jdks\openjdk-17\bin\msvcp140.dll
0x00007ffdf11c0000 - 0x00007ffdf1d7e000 	C:\Users\KRISHNAM\.jdks\openjdk-17\bin\server\jvm.dll
0x00007ffe59a90000 - 0x00007ffe59b3c000 	C:\WINDOWS\System32\ADVAPI32.dll
0x00007ffe58de0000 - 0x00007ffe58e7d000 	C:\WINDOWS\System32\sechost.dll
0x00007ffe584d0000 - 0x00007ffe585f1000 	C:\WINDOWS\System32\RPCRT4.dll
0x00007ffe5a570000 - 0x00007ffe5a578000 	C:\WINDOWS\System32\PSAPI.DLL
0x00007ffe53110000 - 0x00007ffe53143000 	C:\WINDOWS\SYSTEM32\WINMM.dll
0x00007ffe466e0000 - 0x00007ffe466e9000 	C:\WINDOWS\SYSTEM32\WSOCK32.dll
0x00007ffe526e0000 - 0x00007ffe526ea000 	C:\WINDOWS\SYSTEM32\VERSION.dll
0x00007ffe5a200000 - 0x00007ffe5a26f000 	C:\WINDOWS\System32\WS2_32.dll
0x00007ffe56c40000 - 0x00007ffe56c58000 	C:\WINDOWS\SYSTEM32\kernel.appcore.dll
0x00007ffe4fdc0000 - 0x00007ffe4fdca000 	C:\Users\KRISHNAM\.jdks\openjdk-17\bin\jimage.dll
0x00007ffe55650000 - 0x00007ffe55871000 	C:\WINDOWS\SYSTEM32\DBGHELP.DLL
0x00007ffe506e0000 - 0x00007ffe50711000 	C:\WINDOWS\SYSTEM32\dbgcore.DLL
0x00007ffe57b20000 - 0x00007ffe57b9f000 	C:\WINDOWS\System32\bcryptPrimitives.dll
0x00007ffe4f4a0000 - 0x00007ffe4f4ae000 	C:\Users\KRISHNAM\.jdks\openjdk-17\bin\instrument.dll
0x00007ffe3df90000 - 0x00007ffe3dfb5000 	C:\Users\KRISHNAM\.jdks\openjdk-17\bin\java.dll
0x00007ffe1e290000 - 0x00007ffe1e366000 	C:\Users\KRISHNAM\.jdks\openjdk-17\bin\svml.dll
0x00007ffe59140000 - 0x00007ffe598ee000 	C:\WINDOWS\System32\SHELL32.dll
0x00007ffe55c40000 - 0x00007ffe564a7000 	C:\WINDOWS\SYSTEM32\windows.storage.dll
0x00007ffe58790000 - 0x00007ffe58b08000 	C:\WINDOWS\System32\combase.dll
0x00007ffe55ad0000 - 0x00007ffe55c36000 	C:\WINDOWS\SYSTEM32\wintypes.dll
0x00007ffe58e90000 - 0x00007ffe58f7a000 	C:\WINDOWS\System32\SHCORE.dll
0x00007ffe58710000 - 0x00007ffe5876d000 	C:\WINDOWS\System32\shlwapi.dll
0x00007ffe57a50000 - 0x00007ffe57a71000 	C:\WINDOWS\SYSTEM32\profapi.dll
0x00007ffe3df70000 - 0x00007ffe3df89000 	C:\Users\KRISHNAM\.jdks\openjdk-17\bin\net.dll
0x00007ffe52fb0000 - 0x00007ffe530bc000 	C:\WINDOWS\SYSTEM32\WINHTTP.dll
0x00007ffe570c0000 - 0x00007ffe57127000 	C:\WINDOWS\system32\mswsock.dll
0x00007ffe3df50000 - 0x00007ffe3df65000 	C:\Users\KRISHNAM\.jdks\openjdk-17\bin\nio.dll
0x00007ffe3c600000 - 0x00007ffe3c618000 	C:\Users\KRISHNAM\.jdks\openjdk-17\bin\zip.dll
0x00007ffe360d0000 - 0x00007ffe360ea000 	C:\Program Files\JetBrains\IntelliJ IDEA 2021.1.1\bin\breakgen64.dll
0x00000254834a0000 - 0x00000254834a3000 	C:\Users\KRISHNAM\.openjfx\cache\17-ea\api-ms-win-core-console-l1-1-0.dll
0x00000254834b0000 - 0x00000254834b3000 	C:\Users\KRISHNAM\.openjfx\cache\17-ea\api-ms-win-core-console-l1-2-0.dll
0x00000254834c0000 - 0x00000254834c3000 	C:\Users\KRISHNAM\.openjfx\cache\17-ea\api-ms-win-core-datetime-l1-1-0.dll
0x00000254834d0000 - 0x00000254834d3000 	C:\Users\KRISHNAM\.openjfx\cache\17-ea\api-ms-win-core-debug-l1-1-0.dll
0x00000254834e0000 - 0x00000254834e3000 	C:\Users\KRISHNAM\.openjfx\cache\17-ea\api-ms-win-core-errorhandling-l1-1-0.dll
0x00000254834f0000 - 0x00000254834f4000 	C:\Users\KRISHNAM\.openjfx\cache\17-ea\api-ms-win-core-file-l1-1-0.dll
0x0000025483500000 - 0x0000025483503000 	C:\Users\KRISHNAM\.openjfx\cache\17-ea\api-ms-win-core-file-l1-2-0.dll
0x0000025483510000 - 0x0000025483513000 	C:\Users\KRISHNAM\.openjfx\cache\17-ea\api-ms-win-core-file-l2-1-0.dll
0x00000254a1750000 - 0x00000254a1753000 	C:\Users\KRISHNAM\.openjfx\cache\17-ea\api-ms-win-core-handle-l1-1-0.dll
0x00000254a1760000 - 0x00000254a1763000 	C:\Users\KRISHNAM\.openjfx\cache\17-ea\api-ms-win-core-heap-l1-1-0.dll
0x00000254a1770000 - 0x00000254a1773000 	C:\Users\KRISHNAM\.openjfx\cache\17-ea\api-ms-win-core-interlocked-l1-1-0.dll
0x00000254a1780000 - 0x00000254a1783000 	C:\Users\KRISHNAM\.openjfx\cache\17-ea\api-ms-win-core-libraryloader-l1-1-0.dll
0x00000254a1790000 - 0x00000254a1793000 	C:\Users\KRISHNAM\.openjfx\cache\17-ea\api-ms-win-core-localization-l1-2-0.dll
0x00000254a17a0000 - 0x00000254a17a3000 	C:\Users\KRISHNAM\.openjfx\cache\17-ea\api-ms-win-core-memory-l1-1-0.dll
0x00000254a17b0000 - 0x00000254a17b3000 	C:\Users\KRISHNAM\.openjfx\cache\17-ea\api-ms-win-core-namedpipe-l1-1-0.dll
0x00000254a17c0000 - 0x00000254a17c3000 	C:\Users\KRISHNAM\.openjfx\cache\17-ea\api-ms-win-core-processenvironment-l1-1-0.dll
0x00000254a17d0000 - 0x00000254a17d3000 	C:\Users\KRISHNAM\.openjfx\cache\17-ea\api-ms-win-core-processthreads-l1-1-0.dll
0x00000254a17e0000 - 0x00000254a17e3000 	C:\Users\KRISHNAM\.openjfx\cache\17-ea\api-ms-win-core-processthreads-l1-1-1.dll
0x00000254a17f0000 - 0x00000254a17f3000 	C:\Users\KRISHNAM\.openjfx\cache\17-ea\api-ms-win-core-profile-l1-1-0.dll
0x00000254a3bd0000 - 0x00000254a3bd3000 	C:\Users\KRISHNAM\.openjfx\cache\17-ea\api-ms-win-core-rtlsupport-l1-1-0.dll
0x00000254a3be0000 - 0x00000254a3be3000 	C:\Users\KRISHNAM\.openjfx\cache\17-ea\api-ms-win-core-string-l1-1-0.dll
0x00000254a3bf0000 - 0x00000254a3bf3000 	C:\Users\KRISHNAM\.openjfx\cache\17-ea\api-ms-win-core-synch-l1-1-0.dll
0x00000254a3c00000 - 0x00000254a3c03000 	C:\Users\KRISHNAM\.openjfx\cache\17-ea\api-ms-win-core-synch-l1-2-0.dll
0x00000254a3c10000 - 0x00000254a3c13000 	C:\Users\KRISHNAM\.openjfx\cache\17-ea\api-ms-win-core-sysinfo-l1-1-0.dll
0x00000254a3c20000 - 0x00000254a3c23000 	C:\Users\KRISHNAM\.openjfx\cache\17-ea\api-ms-win-core-timezone-l1-1-0.dll
0x00000254a3c30000 - 0x00000254a3c33000 	C:\Users\KRISHNAM\.openjfx\cache\17-ea\api-ms-win-core-util-l1-1-0.dll
0x00000254a3c40000 - 0x00000254a3c43000 	C:\Users\KRISHNAM\.openjfx\cache\17-ea\api-ms-win-crt-conio-l1-1-0.dll
0x00000254a3c50000 - 0x00000254a3c54000 	C:\Users\KRISHNAM\.openjfx\cache\17-ea\api-ms-win-crt-convert-l1-1-0.dll
0x00000254a3c60000 - 0x00000254a3c63000 	C:\Users\KRISHNAM\.openjfx\cache\17-ea\api-ms-win-crt-environment-l1-1-0.dll
0x00000254a3c70000 - 0x00000254a3c73000 	C:\Users\KRISHNAM\.openjfx\cache\17-ea\api-ms-win-crt-filesystem-l1-1-0.dll
0x00000254a3c80000 - 0x00000254a3c83000 	C:\Users\KRISHNAM\.openjfx\cache\17-ea\api-ms-win-crt-heap-l1-1-0.dll
0x00000254a3c90000 - 0x00000254a3c93000 	C:\Users\KRISHNAM\.openjfx\cache\17-ea\api-ms-win-crt-locale-l1-1-0.dll
0x00000254a3ca0000 - 0x00000254a3ca5000 	C:\Users\KRISHNAM\.openjfx\cache\17-ea\api-ms-win-crt-math-l1-1-0.dll
0x00000254a3cb0000 - 0x00000254a3cb5000 	C:\Users\KRISHNAM\.openjfx\cache\17-ea\api-ms-win-crt-multibyte-l1-1-0.dll
0x00000254a3cc0000 - 0x00000254a3cd0000 	C:\Users\KRISHNAM\.openjfx\cache\17-ea\api-ms-win-crt-private-l1-1-0.dll
0x00000254a3cd0000 - 0x00000254a3cd3000 	C:\Users\KRISHNAM\.openjfx\cache\17-ea\api-ms-win-crt-process-l1-1-0.dll
0x00000254a3ce0000 - 0x00000254a3ce4000 	C:\Users\KRISHNAM\.openjfx\cache\17-ea\api-ms-win-crt-runtime-l1-1-0.dll
0x00000254a3cf0000 - 0x00000254a3cf4000 	C:\Users\KRISHNAM\.openjfx\cache\17-ea\api-ms-win-crt-stdio-l1-1-0.dll
0x00000254a3d00000 - 0x00000254a3d04000 	C:\Users\KRISHNAM\.openjfx\cache\17-ea\api-ms-win-crt-string-l1-1-0.dll
0x00000254a3d10000 - 0x00000254a3d13000 	C:\Users\KRISHNAM\.openjfx\cache\17-ea\api-ms-win-crt-time-l1-1-0.dll
0x00000254a3d20000 - 0x00000254a3d23000 	C:\Users\KRISHNAM\.openjfx\cache\17-ea\api-ms-win-crt-utility-l1-1-0.dll
0x00007ffe10e60000 - 0x00007ffe10f5c000 	C:\Users\KRISHNAM\.openjfx\cache\17-ea\ucrtbase.dll
0x00007ffe34930000 - 0x00007ffe3494a000 	C:\Users\KRISHNAM\.openjfx\cache\17-ea\vcruntime140.dll
0x00007ffe47a50000 - 0x00007ffe47a5c000 	C:\Users\KRISHNAM\.openjfx\cache\17-ea\vcruntime140_1.dll
0x00007ffe28fb0000 - 0x00007ffe2903d000 	C:\Users\KRISHNAM\.openjfx\cache\17-ea\msvcp140.dll
0x00007ffe2cb90000 - 0x00007ffe2cbb7000 	C:\Users\KRISHNAM\.openjfx\cache\17-ea\prism_d3d.dll
0x00007ffe4d980000 - 0x00007ffe4db26000 	C:\WINDOWS\system32\d3d9.dll
0x00007ffe551f0000 - 0x00007ffe5521f000 	C:\WINDOWS\SYSTEM32\dwmapi.dll
0x00007ffe54f90000 - 0x00007ffe54fc8000 	C:\WINDOWS\SYSTEM32\dxcore.dll
0x00007ffe54e80000 - 0x00007ffe54f2c000 	C:\WINDOWS\system32\uxtheme.dll
0x00007ffe46b00000 - 0x00007ffe46c02000 	C:\WINDOWS\System32\DriverStore\FileRepository\nvlt.inf_amd64_01ef36ba3f9e7237\nvldumdx.dll
0x00007ffe57360000 - 0x00007ffe57372000 	C:\WINDOWS\SYSTEM32\msasn1.dll
0x00007ffe51d50000 - 0x00007ffe51d81000 	C:\WINDOWS\SYSTEM32\cryptnet.dll
0x00007ffe57ba0000 - 0x00007ffe57d02000 	C:\WINDOWS\System32\CRYPT32.dll
0x00007ffe57320000 - 0x00007ffe5732c000 	C:\WINDOWS\SYSTEM32\cryptbase.dll
0x00007ffe58130000 - 0x00007ffe58196000 	C:\WINDOWS\System32\WINTRUST.DLL
0x00007ffe58770000 - 0x00007ffe5878f000 	C:\WINDOWS\System32\imagehlp.dll
0x00007ffe57300000 - 0x00007ffe57318000 	C:\WINDOWS\SYSTEM32\CRYPTSP.dll
0x00007ffe56ba0000 - 0x00007ffe56bd5000 	C:\WINDOWS\system32\rsaenh.dll
0x00007ffe57500000 - 0x00007ffe57527000 	C:\WINDOWS\SYSTEM32\bcrypt.dll
0x00007ffdee4e0000 - 0x00007ffdefefc000 	C:\WINDOWS\System32\DriverStore\FileRepository\nvlt.inf_amd64_01ef36ba3f9e7237\nvd3dumx.dll
0x00007ffe4d420000 - 0x00007ffe4d464000 	C:\WINDOWS\SYSTEM32\directxdatabasehelper.dll
0x00007ffe56860000 - 0x00007ffe56894000 	C:\WINDOWS\SYSTEM32\ntmarta.dll
0x00007ffe2b220000 - 0x00007ffe2b262000 	C:\Users\KRISHNAM\.openjfx\cache\17-ea\glass.dll
0x00007ffe58fc0000 - 0x00007ffe590ac000 	C:\WINDOWS\System32\COMDLG32.dll
0x00007ffe598f0000 - 0x00007ffe59a8a000 	C:\WINDOWS\System32\ole32.dll
0x00007ffe58b10000 - 0x00007ffe58be6000 	C:\WINDOWS\System32\OLEAUT32.dll
0x00007ffe58cc0000 - 0x00007ffe58dde000 	C:\WINDOWS\System32\MSCTF.dll
0x00007ffe214e0000 - 0x00007ffe21797000 	C:\WINDOWS\system32\nvspcap64.dll
0x00007ffe57150000 - 0x00007ffe57174000 	C:\WINDOWS\SYSTEM32\gpapi.dll
0x00007ffe141e0000 - 0x00007ffe1427d000 	C:\Users\KRISHNAM\.openjfx\cache\17-ea\glib-lite.dll
0x00007ffe08ab0000 - 0x00007ffe08b9a000 	C:\Users\KRISHNAM\.openjfx\cache\17-ea\gstreamer-lite.dll
0x00007ffe0a940000 - 0x00007ffe0a9e2000 	C:\WINDOWS\SYSTEM32\DSOUND.dll
0x00007ffe574b0000 - 0x00007ffe574fd000 	C:\WINDOWS\SYSTEM32\powrprof.dll
0x00007ffe07730000 - 0x00007ffe077e1000 	C:\WINDOWS\SYSTEM32\ResampleDmo.DLL
0x00007ffe4aef0000 - 0x00007ffe4af19000 	C:\WINDOWS\SYSTEM32\winmmbase.dll
0x00007ffe468d0000 - 0x00007ffe468db000 	C:\WINDOWS\SYSTEM32\msdmo.dll
0x00007ffe573e0000 - 0x00007ffe573f3000 	C:\WINDOWS\SYSTEM32\UMPDC.dll
0x00007ffe2c230000 - 0x00007ffe2c253000 	C:\Users\KRISHNAM\.openjfx\cache\17-ea\jfxmedia.dll
0x00007ffe577f0000 - 0x00007ffe5783c000 	C:\WINDOWS\SYSTEM32\CFGMGR32.dll
0x00007ffe58600000 - 0x00007ffe586af000 	C:\WINDOWS\System32\clbcatq.dll

dbghelp: loaded successfully - version: 4.0.5 - missing functions: none
symbol engine: initialized successfully - sym options: 0x614 - pdb path: .;C:\Users\KRISHNAM\.jdks\openjdk-17\bin;C:\WINDOWS\SYSTEM32;C:\WINDOWS\WinSxS\amd64_microsoft.windows.common-controls_6595b64144ccf1df_6.0.22000.120_none_9d947278b86cc467;C:\Users\KRISHNAM\.jdks\openjdk-17\bin\server;C:\Program Files\JetBrains\IntelliJ IDEA 2021.1.1\bin;C:\Users\KRISHNAM\.openjfx\cache\17-ea;C:\WINDOWS\System32\DriverStore\FileRepository\nvlt.inf_amd64_01ef36ba3f9e7237

VM Arguments:
jvm_args: -javaagent:C:\Program Files\JetBrains\IntelliJ IDEA 2021.1.1\lib\idea_rt.jar=51051:C:\Program Files\JetBrains\IntelliJ IDEA 2021.1.1\bin -Dfile.encoding=UTF-8 --module-path=C:\Users\KRISHNAM\.m2\repository\org\kordamp\ikonli\ikonli-javafx\12.2.0\ikonli-javafx-12.2.0.jar;C:\Users\KRISHNAM\.m2\repository\org\openjfx\javafx-controls\16\javafx-controls-16-win.jar;C:\Users\KRISHNAM\.m2\repository\org\kordamp\bootstrapfx\bootstrapfx-core\0.4.0\bootstrapfx-core-0.4.0.jar;C:\Users\KRISHNAM\.m2\repository\com\dlsc\formsfx\formsfx-core\11.3.2\formsfx-core-11.3.2.jar;C:\Users\KRISHNAM\.m2\repository\org\controlsfx\controlsfx\11.1.0\controlsfx-11.1.0.jar;C:\Users\KRISHNAM\.m2\repository\org\openjfx\javafx-media\17-ea+11\javafx-media-17-ea+11-win.jar;C:\Users\KRISHNAM\Desktop\Other_Works\Snake&Ladders\new_fork_krishnam\Snakes-and-Ladders-JavaFX\target\classes;C:\Users\KRISHNAM\.m2\repository\org\openjfx\javafx-graphics\17-ea+11\javafx-graphics-17-ea+11-win.jar;C:\Users\KRISHNAM\.m2\repository\org\openjfx\javafx-base\17-ea+11\javafx-base-17-ea+11-win.jar;C:\Users\KRISHNAM\.m2\repository\org\kordamp\ikonli\ikonli-core\12.2.0\ikonli-core-12.2.0.jar;C:\Users\KRISHNAM\.m2\repository\org\openjfx\javafx-web\16\javafx-web-16-win.jar;C:\Users\KRISHNAM\.m2\repository\net\synedra\validatorfx\0.1.13\validatorfx-0.1.13.jar;C:\Users\KRISHNAM\.m2\repository\org\openjfx\javafx-fxml\17-ea+11\javafx-fxml-17-ea+11-win.jar;C:\Users\KRISHNAM\.m2\repository\eu\hansolo\tilesfx\11.48\tilesfx-11.48.jar -Djdk.module.main=com.example.demo 
java_command: com.example.demo/com.example.demo.Main
java_class_path (initial): C:\Users\KRISHNAM\.m2\repository\org\openjfx\javafx-controls\16\javafx-controls-16.jar;C:\Users\KRISHNAM\.m2\repository\org\openjfx\javafx-fxml\17-ea+11\javafx-fxml-17-ea+11.jar;C:\Users\KRISHNAM\.m2\repository\org\openjfx\javafx-web\16\javafx-web-16.jar;C:\Users\KRISHNAM\.m2\repository\org\openjfx\javafx-graphics\17-ea+11\javafx-graphics-17-ea+11.jar;C:\Users\KRISHNAM\.m2\repository\org\openjfx\javafx-base\17-ea+11\javafx-base-17-ea+11.jar;C:\Users\KRISHNAM\.m2\repository\org\scala-lang\scala-library\2.10.0\scala-library-2.10.0.jar;C:\Users\KRISHNAM\.m2\repository\org\openjfx\javafx-media\17-ea+11\javafx-media-17-ea+11.jar
Launcher Type: SUN_STANDARD

[Global flags]
     intx CICompilerCount                          = 4                                         {product} {ergonomic}
     uint ConcGCThreads                            = 2                                         {product} {ergonomic}
     uint G1ConcRefinementThreads                  = 8                                         {product} {ergonomic}
   size_t G1HeapRegionSize                         = 1048576                                   {product} {ergonomic}
    uintx GCDrainStackTargetSize                   = 64                                        {product} {ergonomic}
   size_t InitialHeapSize                          = 134217728                                 {product} {ergonomic}
   size_t MarkStackSize                            = 4194304                                   {product} {ergonomic}
   size_t MaxHeapSize                              = 2124414976                                {product} {ergonomic}
   size_t MaxNewSize                               = 1274019840                                {product} {ergonomic}
   size_t MinHeapDeltaBytes                        = 1048576                                   {product} {ergonomic}
   size_t MinHeapSize                              = 8388608                                   {product} {ergonomic}
    uintx NonNMethodCodeHeapSize                   = 5839372                                {pd product} {ergonomic}
    uintx NonProfiledCodeHeapSize                  = 122909434                              {pd product} {ergonomic}
    uintx ProfiledCodeHeapSize                     = 122909434                              {pd product} {ergonomic}
    uintx ReservedCodeCacheSize                    = 251658240                              {pd product} {ergonomic}
     bool SegmentedCodeCache                       = true                                      {product} {ergonomic}
   size_t SoftMaxHeapSize                          = 2124414976                             {manageable} {ergonomic}
     bool UseCompressedClassPointers               = true                           {product lp64_product} {ergonomic}
     bool UseCompressedOops                        = true                           {product lp64_product} {ergonomic}
     bool UseG1GC                                  = true                                      {product} {ergonomic}
     bool UseLargePagesIndividualAllocation        = false                                  {pd product} {ergonomic}

Logging:
Log output configuration:
 #0: stdout all=warning uptime,level,tags
 #1: stderr all=off uptime,level,tags

Environment Variables:
JAVA_HOME=C:\Users\KRISHNAM\AppData\Local\Programs\AdoptOpenJDK\jdk-11.0.11.9-hotspot\
PATH=C:\Program Files\Common Files\Oracle\Java\javapath;C:\Windows\system32;C:\Windows;C:\Windows\System32\Wbem;C:\Windows\System32\WindowsPowerShell\v1.0\;C:\Windows\System32\OpenSSH\;C:\Program Files (x86)\NVIDIA Corporation\PhysX\Common;C:\Program Files\NVIDIA Corporation\NVIDIA NvDLISR;C:\Program Files\Git\cmd;C:\Program Files\nodejs\;C:\WINDOWS\system32;C:\WINDOWS;C:\WINDOWS\System32\Wbem;C:\WINDOWS\System32\WindowsPowerShell\v1.0\;C:\WINDOWS\System32\OpenSSH\;C:\Users\KRISHNAM\AppData\Local\Programs\AdoptOpenJDK\jdk-11.0.11.9-hotspot\bin;C:\Users\KRISHNAM\AppData\Local\Microsoft\WindowsApps;C:\Users\KRISHNAM\AppData\Local\Programs\Microsoft VS Code\bin;C:\Users\KRISHNAM\AppData\Roaming\npm;C:\Program Files\mingw64\bin;
USERNAME=KRISHNAM
OS=Windows_NT
PROCESSOR_IDENTIFIER=Intel64 Family 6 Model 165 Stepping 2, GenuineIntel



---------------  S Y S T E M  ---------------

OS:
 Windows 10 , 64 bit Build 22000 (10.0.22000.318)
OS uptime: 25 days 4:59 hours

CPU: total 8 (initial active 8) (4 cores per cpu, 2 threads per core) family 6 model 165 stepping 2 microcode 0xea, cx8, cmov, fxsr, ht, mmx, 3dnowpref, sse, sse2, sse3, ssse3, sse4.1, sse4.2, popcnt, lzcnt, tsc, tscinvbit, avx, avx2, aes, erms, clmul, bmi1, bmi2, adx, fma, vzeroupper, clflush, clflushopt

Memory: 4k page, system-wide physical 8099M (700M free)
TotalPageFile size 14254M (AvailPageFile size 1752M)
current process WorkingSet (physical memory assigned to process): 266M, peak: 298M
current process commit charge ("private bytes"): 441M, peak: 447M

vm_info: OpenJDK 64-Bit Server VM (17+35-2724) for windows-amd64 JRE (17+35-2724), built on Aug  5 2021 23:26:02 by "mach5one" with MS VC++ 16.8 (VS2019)

END.
