#
# A fatal error has been detected by the Java Runtime Environment:
#
#  EXCEPTION_ACCESS_VIOLATION (0xc0000005) at pc=0x00007ffe2fb422ea, pid=25568, tid=30188
#
# JRE version: OpenJDK Runtime Environment (17.0+35) (build 17+35-2724)
# Java VM: OpenJDK 64-Bit Server VM (17+35-2724, mixed mode, sharing, tiered, compressed oops, compressed class ptrs, g1 gc, windows-amd64)
# Problematic frame:
# C  [glass.dll+0x222ea]
#
# No core dump will be written. Minidumps are not enabled by default on client versions of Windows
#
# If you would like to submit a bug report, please visit:
#   https://bugreport.java.com/bugreport/crash.jsp
# The crash happened outside the Java Virtual Machine in native code.
# See problematic frame for where to report the bug.
#

---------------  S U M M A R Y ------------

Command Line: -javaagent:C:\Program Files\JetBrains\IntelliJ IDEA 2021.1.1\lib\idea_rt.jar=51120:C:\Program Files\JetBrains\IntelliJ IDEA 2021.1.1\bin -Dfile.encoding=UTF-8 --module-path=C:\Users\KRISHNAM\.m2\repository\com\dlsc\formsfx\formsfx-core\11.3.2\formsfx-core-11.3.2.jar;C:\Users\KRISHNAM\.m2\repository\org\openjfx\javafx-graphics\17-ea+11\javafx-graphics-17-ea+11-win.jar;C:\Users\KRISHNAM\.m2\repository\org\kordamp\bootstrapfx\bootstrapfx-core\0.4.0\bootstrapfx-core-0.4.0.jar;C:\Users\KRISHNAM\.m2\repository\org\openjfx\javafx-base\17-ea+11\javafx-base-17-ea+11-win.jar;C:\Users\KRISHNAM\.m2\repository\org\kordamp\ikonli\ikonli-core\12.2.0\ikonli-core-12.2.0.jar;C:\Users\KRISHNAM\.m2\repository\org\controlsfx\controlsfx\11.1.0\controlsfx-11.1.0.jar;C:\Users\KRISHNAM\.m2\repository\org\openjfx\javafx-controls\16\javafx-controls-16-win.jar;C:\Users\KRISHNAM\.m2\repository\org\kordamp\ikonli\ikonli-javafx\12.2.0\ikonli-javafx-12.2.0.jar;C:\Users\KRISHNAM\.m2\repository\eu\hansolo\tilesfx\11.48\tilesfx-11.48.jar;C:\Users\KRISHNAM\.m2\repository\net\synedra\validatorfx\0.1.13\validatorfx-0.1.13.jar;C:\Users\KRISHNAM\.m2\repository\org\openjfx\javafx-media\17-ea+11\javafx-media-17-ea+11-win.jar;C:\Users\KRISHNAM\.m2\repository\org\openjfx\javafx-web\16\javafx-web-16-win.jar;C:\Users\KRISHNAM\.m2\repository\org\openjfx\javafx-fxml\17-ea+11\javafx-fxml-17-ea+11-win.jar;C:\Users\KRISHNAM\Desktop\Other_Works\Snake&Ladders\new_fork_krishnam\Snakes-and-Ladders-JavaFX\target\classes -Djdk.module.main=com.example.demo com.example.demo/com.example.demo.Main

Host: Intel(R) Core(TM) i5-10300H CPU @ 2.50GHz, 8 cores, 7G,  Windows 10 , 64 bit Build 22000 (10.0.22000.318)
Time: Tue Jan 11 23:29:11 2022 India Standard Time elapsed time: 373.018793 seconds (0d 0h 6m 13s)

---------------  T H R E A D  ---------------

Current thread (0x000001b5079191b0):  JavaThread "JavaFX Application Thread" [_thread_in_native, id=30188, stack(0x0000003bb4000000,0x0000003bb4100000)]

Stack: [0x0000003bb4000000,0x0000003bb4100000],  sp=0x0000003bb40fe140,  free space=1016k
Native frames: (J=compiled Java code, j=interpreted, Vv=VM code, C=native code)
C  [glass.dll+0x222ea]

Java frames: (J=compiled Java code, j=interpreted, Vv=VM code)
j  com.sun.glass.ui.win.WinWindow._close(J)Z+0 javafx.graphics
j  com.sun.glass.ui.Window.close()V+63 javafx.graphics
j  com.sun.glass.ui.win.WinWindow.close()V+8 javafx.graphics
j  com.sun.glass.ui.Application.terminate()V+75 javafx.graphics
j  com.sun.javafx.tk.quantum.QuantumToolkit.lambda$exit$13()Ljava/lang/Object;+5 javafx.graphics
j  com.sun.javafx.tk.quantum.QuantumToolkit$$Lambda$300+0x0000000800dc60d8.get()Ljava/lang/Object;+0 javafx.graphics
j  com.sun.javafx.tk.quantum.QuantumToolkit.runWithRenderLock(Ljava/util/function/Supplier;)Ljava/lang/Object;+7 javafx.graphics
j  com.sun.javafx.tk.quantum.QuantumToolkit.exit()V+26 javafx.graphics
j  com.sun.javafx.application.PlatformImpl.lambda$tkExit$16()V+3 javafx.graphics
j  com.sun.javafx.application.PlatformImpl$$Lambda$299+0x0000000800dc5ec0.run()V+0 javafx.graphics
j  com.sun.javafx.application.PlatformImpl.lambda$runAndWait$12(Ljava/lang/Runnable;Ljava/util/concurrent/CountDownLatch;)V+1 javafx.graphics
j  com.sun.javafx.application.PlatformImpl$$Lambda$109+0x0000000800c84000.run()V+8 javafx.graphics
J 3631 c2 com.sun.javafx.application.PlatformImpl$$Lambda$110+0x0000000800c84608.run()V javafx.graphics (12 bytes) @ 0x000001b5774507ec [0x000001b577450760+0x000000000000008c]
J 4696 c2 com.sun.glass.ui.InvokeLaterDispatcher$Future.run()V javafx.graphics (91 bytes) @ 0x000001b57725eb88 [0x000001b57725eb40+0x0000000000000048]
v  ~StubRoutines::call_stub
j  com.sun.glass.ui.win.WinApplication._runLoop(Ljava/lang/Runnable;)V+0 javafx.graphics
j  com.sun.glass.ui.win.WinApplication.lambda$runLoop$3(ILjava/lang/Runnable;)V+8 javafx.graphics
j  com.sun.glass.ui.win.WinApplication$$Lambda$99+0x0000000800c2d438.run()V+12 javafx.graphics
j  java.lang.Thread.run()V+11 java.base@17
v  ~StubRoutines::call_stub

siginfo: EXCEPTION_ACCESS_VIOLATION (0xc0000005), reading address 0x000001b510fd08e0


Register to memory mapping:

RIP=0x00007ffe2fb422ea glass.dll
RAX=0x0000000055f0000a is an unknown value
RBX=0x000001b508365718 points into unknown readable memory: 0x00007ffe2fb49ff8 | f8 9f b4 2f fe 7f 00 00
RCX=0x000001b510fd08e0 is an unknown value
RDX=0x0000003bb22c3000 points into unknown readable memory: 0x0000000004000000 | 00 00 00 04 00 00 00 00
RSP=0x0000003bb40fe140 is pointing into the stack for thread: 0x000001b5079191b0
RBP=0x0 is NULL
RSI=0x0000000000000401 is an unknown value
RDI=0x0 is NULL
R8 =0x000001b565c32f40 points into unknown readable memory: 0x000001b565c30e10 | 10 0e c3 65 b5 01 00 00
R9 =0x0000000000000001 is an unknown value
R10=0xddd5075b32d3e170 is an unknown value
R11=0x0000003bb40fe0a0 is pointing into the stack for thread: 0x000001b5079191b0
R12=0x0 is NULL
R13=0x0000000000000401 is an unknown value
R14=0x0 is NULL
R15=0x0 is NULL


Registers:
RAX=0x0000000055f0000a, RBX=0x000001b508365718, RCX=0x000001b510fd08e0, RDX=0x0000003bb22c3000
RSP=0x0000003bb40fe140, RBP=0x0000000000000000, RSI=0x0000000000000401, RDI=0x0000000000000000
R8 =0x000001b565c32f40, R9 =0x0000000000000001, R10=0xddd5075b32d3e170, R11=0x0000003bb40fe0a0
R12=0x0000000000000000, R13=0x0000000000000401, R14=0x0000000000000000, R15=0x0000000000000000
RIP=0x00007ffe2fb422ea, EFLAGS=0x0000000000010202

Top of Stack: (sp=0x0000003bb40fe140)
0x0000003bb40fe140:   0000000000000000 0000003b00000000
0x0000003bb40fe150:   000000000018c0cd 00007ffe2fb475c0
0x0000003bb40fe160:   0000003bb40fe490 00007ffe2fb3a853
0x0000003bb40fe170:   000001b5083656f0 0000003b00000000
0x0000003bb40fe180:   0000000000000401 000001b5663dbb20
0x0000003bb40fe190:   000001b507bb5000 00007ffe2fb2a395
0x0000003bb40fe1a0:   0000003bb40fe490 0000000000000001
0x0000003bb40fe1b0:   000001b56f78c0cd 00007ffdf153b44d
0x0000003bb40fe1c0:   0000000000000000 00007ffe2fb217bb
0x0000003bb40fe1d0:   000001b507bb5000 0000003bb40fe490
0x0000003bb40fe1e0:   0000000000000401 0000000000380a3a
0x0000003bb40fe1f0:   0000000000000000 00007ffe5a281c4c
0x0000003bb40fe200:   0000000000000001 0000003bb40fe3c8
0x0000003bb40fe210:   0000000000000000 0000000080000022
0x0000003bb40fe220:   00000000000003d8 000001b5068f1180
0x0000003bb40fe230:   000001b506c82870 0000003bb40fe470 

Instructions: (pc=0x00007ffe2fb422ea)
0x00007ffe2fb421ea:   44 24 40 48 83 79 08 00 48 8b c2 48 8b d9 74 62
0x00007ffe2fb421fa:   48 8d 54 24 30 48 8b c8 ff 15 a8 73 01 00 85 c0
0x00007ffe2fb4220a:   74 50 48 89 7c 24 70 e8 7a d3 ff ff 48 8b 4b 08
0x00007ffe2fb4221a:   48 8b f8 48 85 c9 74 06 48 8b 51 08 eb 02 33 d2
0x00007ffe2fb4222a:   8b 44 24 3c 48 8b cf 44 8b 4c 24 38 2b 44 24 34
0x00007ffe2fb4223a:   44 2b 4c 24 30 4c 8b 05 72 7c 01 00 89 44 24 20
0x00007ffe2fb4224a:   e8 61 2e fe ff 48 8b cf e8 59 d2 ff ff 48 8b 7c
0x00007ffe2fb4225a:   24 70 48 8b 4c 24 40 48 33 cc e8 c7 16 00 00 48
0x00007ffe2fb4226a:   83 c4 50 5b c3 cc 40 53 48 83 ec 20 48 8b d9 48
0x00007ffe2fb4227a:   8b 49 30 48 85 c9 74 0a ba 08 00 00 00 e8 04 16
0x00007ffe2fb4228a:   00 00 ba 08 00 00 00 48 c7 43 30 00 00 00 00 33
0x00007ffe2fb4229a:   c9 48 83 c4 20 5b e9 eb 15 00 00 cc cc cc cc cc
0x00007ffe2fb422aa:   cc cc cc cc cc cc 48 89 5c 24 08 57 48 83 ec 20
0x00007ffe2fb422ba:   48 8b d9 ff 15 25 4f 00 00 33 ff 3c 06 77 18 ff
0x00007ffe2fb422ca:   15 19 4f 00 00 3c 06 75 47 ff 15 0f 4f 00 00 66
0x00007ffe2fb422da:   c1 e8 08 3c 01 72 39 48 8b 4b 38 48 85 c9 74 0a
0x00007ffe2fb422ea:   48 8b 01 ff 50 10 48 89 7b 38 48 8b 4b 40 48 85
0x00007ffe2fb422fa:   c9 74 0a 48 8b 01 ff 50 10 48 89 7b 40 48 8b 4b
0x00007ffe2fb4230a:   48 48 85 c9 74 0a 48 8b 01 ff 50 10 48 89 7b 48
0x00007ffe2fb4231a:   48 39 7b 50 74 1a e8 6b d2 ff ff 48 8b 53 50 48
0x00007ffe2fb4232a:   8b c8 4c 8b 00 41 ff 90 b0 00 00 00 48 89 7b 50
0x00007ffe2fb4233a:   48 8b 5c 24 30 48 83 c4 20 5f c3 cc cc cc cc cc
0x00007ffe2fb4234a:   cc cc cc cc cc cc 4c 8b dc 49 89 5b 20 57 48 81
0x00007ffe2fb4235a:   ec a0 00 00 00 48 8b 05 62 4e 01 00 48 33 c4 48
0x00007ffe2fb4236a:   89 84 24 98 00 00 00 83 79 10 00 48 8b fa 48 8b
0x00007ffe2fb4237a:   d9 0f 84 1f 01 00 00 c7 44 24 70 18 00 00 00 49
0x00007ffe2fb4238a:   8d 4b c8 c7 44 24 74 02 00 00 80 49 89 53 d0 41
0x00007ffe2fb4239a:   c7 43 d8 ff ff ff ff 49 89 73 18 ff 15 3d 74 01
0x00007ffe2fb423aa:   00 33 f6 89 73 10 48 39 73 08 0f 84 de 00 00 00
0x00007ffe2fb423ba:   48 8d 4c 24 68 ff 15 93 73 01 00 48 8b 44 24 68
0x00007ffe2fb423ca:   48 8d 54 24 60 48 8b cf 48 89 44 24 60 ff 15 8b
0x00007ffe2fb423da:   72 01 00 8d 56 ec 48 8b cf ff 15 77 73 01 00 0f 


Stack slot to memory mapping:
stack at sp + 0 slots: 0x0 is NULL
stack at sp + 1 slots: 0x0000003b00000000 is an unknown value
stack at sp + 2 slots: 0x000000000018c0cd is an unknown value
stack at sp + 3 slots: 0x00007ffe2fb475c0 glass.dll
stack at sp + 4 slots: 0x0000003bb40fe490 is pointing into the stack for thread: 0x000001b5079191b0
stack at sp + 5 slots: 0x00007ffe2fb3a853 glass.dll
stack at sp + 6 slots: 0x000001b5083656f0 points into unknown readable memory: 0x00007ffe2fb49fb8 | b8 9f b4 2f fe 7f 00 00
stack at sp + 7 slots: 0x0000003b00000000 is an unknown value


---------------  P R O C E S S  ---------------

Threads class SMR info:
_java_thread_list=0x000001b506ff02a0, length=20, elements={
0x000001b567f837b0, 0x000001b5060af850, 0x000001b5060b0d70, 0x000001b5060c5250,
0x000001b5060c5b10, 0x000001b5060c6b70, 0x000001b5060cb0d0, 0x000001b5060cc460,
0x000001b5060d0cc0, 0x000001b5060e9d70, 0x000001b506097420, 0x000001b507638120,
0x000001b5073abef0, 0x000001b507bf0970, 0x000001b5078d7350, 0x000001b5079191b0,
0x000001b5084e2ed0, 0x000001b5084ea1d0, 0x000001b50833d1d0, 0x000001b50862d160
}

Java Threads: ( => current thread )
  0x000001b567f837b0 JavaThread "main" [_thread_blocked, id=20648, stack(0x0000003bb2700000,0x0000003bb2800000)]
  0x000001b5060af850 JavaThread "Reference Handler" daemon [_thread_blocked, id=27852, stack(0x0000003bb2e00000,0x0000003bb2f00000)]
  0x000001b5060b0d70 JavaThread "Finalizer" daemon [_thread_blocked, id=31116, stack(0x0000003bb2f00000,0x0000003bb3000000)]
  0x000001b5060c5250 JavaThread "Signal Dispatcher" daemon [_thread_blocked, id=31020, stack(0x0000003bb3000000,0x0000003bb3100000)]
  0x000001b5060c5b10 JavaThread "Attach Listener" daemon [_thread_blocked, id=25804, stack(0x0000003bb3100000,0x0000003bb3200000)]
  0x000001b5060c6b70 JavaThread "Service Thread" daemon [_thread_blocked, id=17812, stack(0x0000003bb3200000,0x0000003bb3300000)]
  0x000001b5060cb0d0 JavaThread "Monitor Deflation Thread" daemon [_thread_blocked, id=31600, stack(0x0000003bb3300000,0x0000003bb3400000)]
  0x000001b5060cc460 JavaThread "C2 CompilerThread0" daemon [_thread_blocked, id=32568, stack(0x0000003bb3400000,0x0000003bb3500000)]
  0x000001b5060d0cc0 JavaThread "C1 CompilerThread0" daemon [_thread_blocked, id=2900, stack(0x0000003bb3500000,0x0000003bb3600000)]
  0x000001b5060e9d70 JavaThread "Sweeper thread" daemon [_thread_blocked, id=12504, stack(0x0000003bb3600000,0x0000003bb3700000)]
  0x000001b506097420 JavaThread "Common-Cleaner" daemon [_thread_blocked, id=19776, stack(0x0000003bb3700000,0x0000003bb3800000)]
  0x000001b507638120 JavaThread "Monitor Ctrl-Break" daemon [_thread_in_native, id=8860, stack(0x0000003bb3a00000,0x0000003bb3b00000)]
  0x000001b5073abef0 JavaThread "Notification Thread" daemon [_thread_blocked, id=25564, stack(0x0000003bb3b00000,0x0000003bb3c00000)]
  0x000001b507bf0970 JavaThread "QuantumRenderer-0" daemon [_thread_blocked, id=15008, stack(0x0000003bb3d00000,0x0000003bb3e00000)]
  0x000001b5078d7350 JavaThread "InvokeLaterDispatcher" daemon [_thread_blocked, id=15824, stack(0x0000003bb3f00000,0x0000003bb4000000)]
=>0x000001b5079191b0 JavaThread "JavaFX Application Thread" [_thread_in_native, id=30188, stack(0x0000003bb4000000,0x0000003bb4100000)]
  0x000001b5084e2ed0 JavaThread "JavaFX-Launcher" [_thread_blocked, id=18548, stack(0x0000003bb3900000,0x0000003bb3a00000)]
  0x000001b5084ea1d0 JavaThread "Thread-2" daemon [_thread_in_native, id=20872, stack(0x0000003bb3800000,0x0000003bb3900000)]
  0x000001b50833d1d0 JavaThread "Media Resource Disposer" daemon [_thread_blocked, id=32736, stack(0x0000003bb5400000,0x0000003bb5500000)]
  0x000001b50862d160 JavaThread "Timer-483" daemon [_thread_blocked, id=31108, stack(0x0000003bba700000,0x0000003bba800000)]

Other Threads:
  0x000001b5060a78f0 VMThread "VM Thread" [stack: 0x0000003bb2d00000,0x0000003bb2e00000] [id=1060]
  0x000001b567fe60d0 WatcherThread [stack: 0x0000003bb3c00000,0x0000003bb3d00000] [id=12864]
  0x000001b567fc35b0 GCTaskThread "GC Thread#0" [stack: 0x0000003bb2800000,0x0000003bb2900000] [id=17176]
  0x000001b5084ea6a0 GCTaskThread "GC Thread#1" [stack: 0x0000003bb4200000,0x0000003bb4300000] [id=15624]
  0x000001b5084ea950 GCTaskThread "GC Thread#2" [stack: 0x0000003bb4300000,0x0000003bb4400000] [id=22272]
  0x000001b507bc13f0 GCTaskThread "GC Thread#3" [stack: 0x0000003bb4400000,0x0000003bb4500000] [id=14376]
  0x000001b507bc1b20 GCTaskThread "GC Thread#4" [stack: 0x0000003bb4500000,0x0000003bb4600000] [id=8828]
  0x000001b50851fca0 GCTaskThread "GC Thread#5" [stack: 0x0000003bb4600000,0x0000003bb4700000] [id=29104]
  0x000001b507e33b40 GCTaskThread "GC Thread#6" [stack: 0x0000003bb5900000,0x0000003bb5a00000] [id=24484]
  0x000001b507e34350 GCTaskThread "GC Thread#7" [stack: 0x0000003bb5a00000,0x0000003bb5b00000] [id=22656]
  0x000001b567fd4140 ConcurrentGCThread "G1 Main Marker" [stack: 0x0000003bb2900000,0x0000003bb2a00000] [id=25788]
  0x000001b567fd5200 ConcurrentGCThread "G1 Conc#0" [stack: 0x0000003bb2a00000,0x0000003bb2b00000] [id=21980]
  0x000001b507e34600 ConcurrentGCThread "G1 Conc#1" [stack: 0x0000003bb5b00000,0x0000003bb5c00000] [id=14212]
  0x000001b505f70090 ConcurrentGCThread "G1 Refine#0" [stack: 0x0000003bb2b00000,0x0000003bb2c00000] [id=29404]
  0x000001b50f3e6630 ConcurrentGCThread "G1 Refine#1" [stack: 0x0000003bb5700000,0x0000003bb5800000] [id=10044]
  0x000001b50f3ea920 ConcurrentGCThread "G1 Refine#2" [stack: 0x0000003bb5800000,0x0000003bb5900000] [id=29828]
  0x000001b505f709c0 ConcurrentGCThread "G1 Service" [stack: 0x0000003bb2c00000,0x0000003bb2d00000] [id=28592]

Threads with active compile tasks:

VM state: not at safepoint (normal execution)

VM Mutex/Monitor currently owned by a thread: None

Heap address: 0x0000000081600000, size: 2026 MB, Compressed Oops mode: 32-bit

CDS archive(s) mapped at: [0x0000000800000000-0x0000000800bc0000-0x0000000800bc0000), size 12320768, SharedBaseAddress: 0x0000000800000000, ArchiveRelocationMode: 0.
Compressed class space mapped at: 0x0000000800c00000-0x0000000840c00000, reserved size: 1073741824
Narrow klass base: 0x0000000800000000, Narrow klass shift: 0, Narrow klass range: 0x100000000

GC Precious Log:
 CPUs: 8 total, 8 available
 Memory: 8099M
 Large Page Support: Disabled
 NUMA Support: Disabled
 Compressed Oops: Enabled (32-bit)
 Heap Region Size: 1M
 Heap Min Capacity: 8M
 Heap Initial Capacity: 128M
 Heap Max Capacity: 2026M
 Pre-touch: Disabled
 Parallel Workers: 8
 Concurrent Workers: 2
 Concurrent Refinement Workers: 8
 Periodic GC: Disabled

Heap:
 garbage-first heap   total 198656K, used 85914K [0x0000000081600000, 0x0000000100000000)
  region size 1024K, 7 young (7168K), 2 survivors (2048K)
 Metaspace       used 14240K, committed 14464K, reserved 1064960K
  class space    used 1651K, committed 1792K, reserved 1048576K

Heap Regions: E=young(eden), S=young(survivor), O=old, HS=humongous(starts), HC=humongous(continues), CS=collection set, F=free, OA=open archive, CA=closed archive, TAMS=top-at-mark-start (previous, next)
|   0|0x0000000081600000, 0x0000000081635400, 0x0000000081700000| 20%| O|  |TAMS 0x0000000081600000, 0x0000000081634a00| Untracked 
|   1|0x0000000081700000, 0x0000000081800000, 0x0000000081800000|100%|HS|  |TAMS 0x0000000081800000, 0x0000000081800000| Complete 
|   2|0x0000000081800000, 0x0000000081900000, 0x0000000081900000|100%|HS|  |TAMS 0x0000000081900000, 0x0000000081900000| Complete 
|   3|0x0000000081900000, 0x0000000081a00000, 0x0000000081a00000|100%|HS|  |TAMS 0x0000000081a00000, 0x0000000081a00000| Complete 
|   4|0x0000000081a00000, 0x0000000081b00000, 0x0000000081b00000|100%| O|  |TAMS 0x0000000081b00000, 0x0000000081b00000| Untracked 
|   5|0x0000000081b00000, 0x0000000081c00000, 0x0000000081c00000|100%|HS|  |TAMS 0x0000000081c00000, 0x0000000081c00000| Complete 
|   6|0x0000000081c00000, 0x0000000081d00000, 0x0000000081d00000|100%| O|  |TAMS 0x0000000081d00000, 0x0000000081d00000| Untracked 
|   7|0x0000000081d00000, 0x0000000081e00000, 0x0000000081e00000|100%| O|  |TAMS 0x0000000081e00000, 0x0000000081e00000| Untracked 
|   8|0x0000000081e00000, 0x0000000081f00000, 0x0000000081f00000|100%| O|  |TAMS 0x0000000081f00000, 0x0000000081f00000| Untracked 
|   9|0x0000000081f00000, 0x0000000082000000, 0x0000000082000000|100%| O|  |TAMS 0x0000000082000000, 0x0000000082000000| Untracked 
|  10|0x0000000082000000, 0x0000000082100000, 0x0000000082100000|100%|HS|  |TAMS 0x0000000082100000, 0x0000000082100000| Complete 
|  11|0x0000000082100000, 0x0000000082200000, 0x0000000082200000|100%|HC|  |TAMS 0x0000000082200000, 0x0000000082200000| Complete 
|  12|0x0000000082200000, 0x0000000082300000, 0x0000000082300000|100%|HS|  |TAMS 0x0000000082300000, 0x0000000082300000| Complete 
|  13|0x0000000082300000, 0x0000000082400000, 0x0000000082400000|100%|HC|  |TAMS 0x0000000082400000, 0x0000000082400000| Complete 
|  14|0x0000000082400000, 0x0000000082500000, 0x0000000082500000|100%|HS|  |TAMS 0x0000000082400000, 0x0000000082400000| Complete 
|  15|0x0000000082500000, 0x0000000082600000, 0x0000000082600000|100%|HS|  |TAMS 0x0000000082500000, 0x0000000082500000| Complete 
|  16|0x0000000082600000, 0x0000000082700000, 0x0000000082700000|100%|HS|  |TAMS 0x0000000082600000, 0x0000000082600000| Complete 
|  17|0x0000000082700000, 0x0000000082800000, 0x0000000082800000|100%|HS|  |TAMS 0x0000000082700000, 0x0000000082700000| Complete 
|  18|0x0000000082800000, 0x0000000082900000, 0x0000000082900000|100%|HS|  |TAMS 0x0000000082900000, 0x0000000082900000| Complete 
|  19|0x0000000082900000, 0x0000000082a00000, 0x0000000082a00000|100%|HC|  |TAMS 0x0000000082a00000, 0x0000000082a00000| Complete 
|  20|0x0000000082a00000, 0x0000000082b00000, 0x0000000082b00000|100%|HC|  |TAMS 0x0000000082b00000, 0x0000000082b00000| Complete 
|  21|0x0000000082b00000, 0x0000000082c00000, 0x0000000082c00000|100%|HC|  |TAMS 0x0000000082c00000, 0x0000000082c00000| Complete 
|  22|0x0000000082c00000, 0x0000000082d00000, 0x0000000082d00000|100%|HC|  |TAMS 0x0000000082d00000, 0x0000000082d00000| Complete 
|  23|0x0000000082d00000, 0x0000000082e00000, 0x0000000082e00000|100%|HC|  |TAMS 0x0000000082e00000, 0x0000000082e00000| Complete 
|  24|0x0000000082e00000, 0x0000000082f00000, 0x0000000082f00000|100%|HC|  |TAMS 0x0000000082f00000, 0x0000000082f00000| Complete 
|  25|0x0000000082f00000, 0x0000000083000000, 0x0000000083000000|100%|HC|  |TAMS 0x0000000083000000, 0x0000000083000000| Complete 
|  26|0x0000000083000000, 0x0000000083100000, 0x0000000083100000|100%|HC|  |TAMS 0x0000000083100000, 0x0000000083100000| Complete 
|  27|0x0000000083100000, 0x0000000083200000, 0x0000000083200000|100%|HS|  |TAMS 0x0000000083200000, 0x0000000083200000| Complete 
|  28|0x0000000083200000, 0x0000000083300000, 0x0000000083300000|100%|HC|  |TAMS 0x0000000083300000, 0x0000000083300000| Complete 
|  29|0x0000000083300000, 0x0000000083400000, 0x0000000083400000|100%|HS|  |TAMS 0x0000000083400000, 0x0000000083400000| Complete 
|  30|0x0000000083400000, 0x0000000083500000, 0x0000000083500000|100%|HC|  |TAMS 0x0000000083500000, 0x0000000083500000| Complete 
|  31|0x0000000083500000, 0x0000000083600000, 0x0000000083600000|100%|HC|  |TAMS 0x0000000083600000, 0x0000000083600000| Complete 
|  32|0x0000000083600000, 0x0000000083700000, 0x0000000083700000|100%|HC|  |TAMS 0x0000000083700000, 0x0000000083700000| Complete 
|  33|0x0000000083700000, 0x0000000083800000, 0x0000000083800000|100%|HS|  |TAMS 0x0000000083800000, 0x0000000083800000| Complete 
|  34|0x0000000083800000, 0x0000000083900000, 0x0000000083900000|100%|HC|  |TAMS 0x0000000083900000, 0x0000000083900000| Complete 
|  35|0x0000000083900000, 0x0000000083a00000, 0x0000000083a00000|100%|HC|  |TAMS 0x0000000083a00000, 0x0000000083a00000| Complete 
|  36|0x0000000083a00000, 0x0000000083b00000, 0x0000000083b00000|100%|HC|  |TAMS 0x0000000083b00000, 0x0000000083b00000| Complete 
|  37|0x0000000083b00000, 0x0000000083c00000, 0x0000000083c00000|100%|HS|  |TAMS 0x0000000083c00000, 0x0000000083c00000| Complete 
|  38|0x0000000083c00000, 0x0000000083d00000, 0x0000000083d00000|100%|HC|  |TAMS 0x0000000083d00000, 0x0000000083d00000| Complete 
|  39|0x0000000083d00000, 0x0000000083e00000, 0x0000000083e00000|100%|HS|  |TAMS 0x0000000083e00000, 0x0000000083e00000| Complete 
|  40|0x0000000083e00000, 0x0000000083f00000, 0x0000000083f00000|100%|HC|  |TAMS 0x0000000083f00000, 0x0000000083f00000| Complete 
|  41|0x0000000083f00000, 0x0000000084000000, 0x0000000084000000|100%|HS|  |TAMS 0x0000000084000000, 0x0000000084000000| Complete 
|  42|0x0000000084000000, 0x0000000084100000, 0x0000000084100000|100%|HC|  |TAMS 0x0000000084100000, 0x0000000084100000| Complete 
|  43|0x0000000084100000, 0x0000000084200000, 0x0000000084200000|100%|HS|  |TAMS 0x0000000084200000, 0x0000000084200000| Complete 
|  44|0x0000000084200000, 0x0000000084300000, 0x0000000084300000|100%|HC|  |TAMS 0x0000000084300000, 0x0000000084300000| Complete 
|  45|0x0000000084300000, 0x0000000084400000, 0x0000000084400000|100%|HS|  |TAMS 0x0000000084400000, 0x0000000084400000| Complete 
|  46|0x0000000084400000, 0x0000000084500000, 0x0000000084500000|100%|HC|  |TAMS 0x0000000084500000, 0x0000000084500000| Complete 
|  47|0x0000000084500000, 0x0000000084600000, 0x0000000084600000|100%|HC|  |TAMS 0x0000000084600000, 0x0000000084600000| Complete 
|  48|0x0000000084600000, 0x0000000084700000, 0x0000000084700000|100%|HC|  |TAMS 0x0000000084700000, 0x0000000084700000| Complete 
|  49|0x0000000084700000, 0x0000000084800000, 0x0000000084800000|100%|HC|  |TAMS 0x0000000084800000, 0x0000000084800000| Complete 
|  50|0x0000000084800000, 0x0000000084900000, 0x0000000084900000|100%|HC|  |TAMS 0x0000000084900000, 0x0000000084900000| Complete 
|  51|0x0000000084900000, 0x0000000084a00000, 0x0000000084a00000|100%|HC|  |TAMS 0x0000000084a00000, 0x0000000084a00000| Complete 
|  52|0x0000000084a00000, 0x0000000084b00000, 0x0000000084b00000|100%|HC|  |TAMS 0x0000000084b00000, 0x0000000084b00000| Complete 
|  53|0x0000000084b00000, 0x0000000084c00000, 0x0000000084c00000|100%|HC|  |TAMS 0x0000000084c00000, 0x0000000084c00000| Complete 
|  54|0x0000000084c00000, 0x0000000084d00000, 0x0000000084d00000|100%|HC|  |TAMS 0x0000000084d00000, 0x0000000084d00000| Complete 
|  55|0x0000000084d00000, 0x0000000084e00000, 0x0000000084e00000|100%|HC|  |TAMS 0x0000000084e00000, 0x0000000084e00000| Complete 
|  56|0x0000000084e00000, 0x0000000084f00000, 0x0000000084f00000|100%|HC|  |TAMS 0x0000000084f00000, 0x0000000084f00000| Complete 
|  57|0x0000000084f00000, 0x0000000085000000, 0x0000000085000000|100%|HC|  |TAMS 0x0000000085000000, 0x0000000085000000| Complete 
|  58|0x0000000085000000, 0x0000000085100000, 0x0000000085100000|100%| O|  |TAMS 0x0000000085100000, 0x0000000085100000| Untracked 
|  59|0x0000000085100000, 0x0000000085200000, 0x0000000085200000|100%| O|  |TAMS 0x0000000085200000, 0x0000000085200000| Untracked 
|  60|0x0000000085200000, 0x0000000085300000, 0x0000000085300000|100%| O|  |TAMS 0x0000000085300000, 0x0000000085300000| Untracked 
|  61|0x0000000085300000, 0x0000000085400000, 0x0000000085400000|100%|HS|  |TAMS 0x0000000085400000, 0x0000000085400000| Complete 
|  62|0x0000000085400000, 0x0000000085500000, 0x0000000085500000|100%|HC|  |TAMS 0x0000000085500000, 0x0000000085500000| Complete 
|  63|0x0000000085500000, 0x0000000085600000, 0x0000000085600000|100%|HC|  |TAMS 0x0000000085600000, 0x0000000085600000| Complete 
|  64|0x0000000085600000, 0x0000000085700000, 0x0000000085700000|100%|HC|  |TAMS 0x0000000085700000, 0x0000000085700000| Complete 
|  65|0x0000000085700000, 0x0000000085800000, 0x0000000085800000|100%|HC|  |TAMS 0x0000000085800000, 0x0000000085800000| Complete 
|  66|0x0000000085800000, 0x0000000085900000, 0x0000000085900000|100%|HC|  |TAMS 0x0000000085900000, 0x0000000085900000| Complete 
|  67|0x0000000085900000, 0x0000000085a00000, 0x0000000085a00000|100%|HC|  |TAMS 0x0000000085a00000, 0x0000000085a00000| Complete 
|  68|0x0000000085a00000, 0x0000000085b00000, 0x0000000085b00000|100%|HC|  |TAMS 0x0000000085b00000, 0x0000000085b00000| Complete 
|  69|0x0000000085b00000, 0x0000000085c00000, 0x0000000085c00000|100%|HC|  |TAMS 0x0000000085c00000, 0x0000000085c00000| Complete 
|  70|0x0000000085c00000, 0x0000000085d00000, 0x0000000085d00000|100%|HC|  |TAMS 0x0000000085d00000, 0x0000000085d00000| Complete 
|  71|0x0000000085d00000, 0x0000000085e00000, 0x0000000085e00000|100%|HC|  |TAMS 0x0000000085e00000, 0x0000000085e00000| Complete 
|  72|0x0000000085e00000, 0x0000000085f00000, 0x0000000085f00000|100%|HC|  |TAMS 0x0000000085f00000, 0x0000000085f00000| Complete 
|  73|0x0000000085f00000, 0x0000000086000000, 0x0000000086000000|100%|HC|  |TAMS 0x0000000086000000, 0x0000000086000000| Complete 
|  74|0x0000000086000000, 0x0000000086000000, 0x0000000086100000|  0%| F|  |TAMS 0x0000000086000000, 0x0000000086000000| Untracked 
|  75|0x0000000086100000, 0x0000000086100000, 0x0000000086200000|  0%| F|  |TAMS 0x0000000086100000, 0x0000000086100000| Untracked 
|  76|0x0000000086200000, 0x0000000086300000, 0x0000000086300000|100%|HS|  |TAMS 0x0000000086200000, 0x0000000086300000| Complete 
|  77|0x0000000086300000, 0x0000000086400000, 0x0000000086400000|100%|HC|  |TAMS 0x0000000086300000, 0x0000000086400000| Complete 
|  78|0x0000000086400000, 0x0000000086400000, 0x0000000086500000|  0%| F|  |TAMS 0x0000000086400000, 0x0000000086400000| Untracked 
|  79|0x0000000086500000, 0x0000000086500000, 0x0000000086600000|  0%| F|  |TAMS 0x0000000086500000, 0x0000000086500000| Untracked 
|  80|0x0000000086600000, 0x0000000086600000, 0x0000000086700000|  0%| F|  |TAMS 0x0000000086600000, 0x0000000086600000| Untracked 
|  81|0x0000000086700000, 0x0000000086800000, 0x0000000086800000|100%|HS|  |TAMS 0x0000000086700000, 0x0000000086800000| Complete 
|  82|0x0000000086800000, 0x0000000086900000, 0x0000000086900000|100%|HS|  |TAMS 0x0000000086800000, 0x0000000086900000| Complete 
|  83|0x0000000086900000, 0x0000000086a00000, 0x0000000086a00000|100%|HS|  |TAMS 0x0000000086900000, 0x0000000086a00000| Complete 
|  84|0x0000000086a00000, 0x0000000086a00000, 0x0000000086b00000|  0%| F|  |TAMS 0x0000000086a00000, 0x0000000086a00000| Untracked 
|  85|0x0000000086b00000, 0x0000000086b00000, 0x0000000086c00000|  0%| F|  |TAMS 0x0000000086b00000, 0x0000000086b00000| Untracked 
|  86|0x0000000086c00000, 0x0000000086c00000, 0x0000000086d00000|  0%| F|  |TAMS 0x0000000086c00000, 0x0000000086c00000| Untracked 
|  87|0x0000000086d00000, 0x0000000086d00000, 0x0000000086e00000|  0%| F|  |TAMS 0x0000000086d00000, 0x0000000086d00000| Untracked 
|  88|0x0000000086e00000, 0x0000000086e00000, 0x0000000086f00000|  0%| F|  |TAMS 0x0000000086e00000, 0x0000000086e00000| Untracked 
|  89|0x0000000086f00000, 0x0000000086f00000, 0x0000000087000000|  0%| F|  |TAMS 0x0000000086f00000, 0x0000000086f00000| Untracked 
|  90|0x0000000087000000, 0x0000000087000000, 0x0000000087100000|  0%| F|  |TAMS 0x0000000087000000, 0x0000000087000000| Untracked 
|  91|0x0000000087100000, 0x0000000087100000, 0x0000000087200000|  0%| F|  |TAMS 0x0000000087100000, 0x0000000087100000| Untracked 
|  92|0x0000000087200000, 0x0000000087200000, 0x0000000087300000|  0%| F|  |TAMS 0x0000000087200000, 0x0000000087200000| Untracked 
|  93|0x0000000087300000, 0x0000000087300000, 0x0000000087400000|  0%| F|  |TAMS 0x0000000087300000, 0x0000000087300000| Untracked 
|  94|0x0000000087400000, 0x0000000087400000, 0x0000000087500000|  0%| F|  |TAMS 0x0000000087400000, 0x0000000087400000| Untracked 
|  95|0x0000000087500000, 0x0000000087500000, 0x0000000087600000|  0%| F|  |TAMS 0x0000000087500000, 0x0000000087500000| Untracked 
|  96|0x0000000087600000, 0x0000000087600000, 0x0000000087700000|  0%| F|  |TAMS 0x0000000087600000, 0x0000000087600000| Untracked 
|  97|0x0000000087700000, 0x0000000087700000, 0x0000000087800000|  0%| F|  |TAMS 0x0000000087700000, 0x0000000087700000| Untracked 
|  98|0x0000000087800000, 0x0000000087800000, 0x0000000087900000|  0%| F|  |TAMS 0x0000000087800000, 0x0000000087800000| Untracked 
|  99|0x0000000087900000, 0x0000000087900000, 0x0000000087a00000|  0%| F|  |TAMS 0x0000000087900000, 0x0000000087900000| Untracked 
| 100|0x0000000087a00000, 0x0000000087a00000, 0x0000000087b00000|  0%| F|  |TAMS 0x0000000087a00000, 0x0000000087a00000| Untracked 
| 101|0x0000000087b00000, 0x0000000087b00000, 0x0000000087c00000|  0%| F|  |TAMS 0x0000000087b00000, 0x0000000087b00000| Untracked 
| 102|0x0000000087c00000, 0x0000000087c00000, 0x0000000087d00000|  0%| F|  |TAMS 0x0000000087c00000, 0x0000000087c00000| Untracked 
| 103|0x0000000087d00000, 0x0000000087d00000, 0x0000000087e00000|  0%| F|  |TAMS 0x0000000087d00000, 0x0000000087d00000| Untracked 
| 104|0x0000000087e00000, 0x0000000087e00000, 0x0000000087f00000|  0%| F|  |TAMS 0x0000000087e00000, 0x0000000087e00000| Untracked 
| 105|0x0000000087f00000, 0x0000000087f00000, 0x0000000088000000|  0%| F|  |TAMS 0x0000000087f00000, 0x0000000087f00000| Untracked 
| 106|0x0000000088000000, 0x0000000088000000, 0x0000000088100000|  0%| F|  |TAMS 0x0000000088000000, 0x0000000088000000| Untracked 
| 107|0x0000000088100000, 0x0000000088100000, 0x0000000088200000|  0%| F|  |TAMS 0x0000000088100000, 0x0000000088100000| Untracked 
| 108|0x0000000088200000, 0x0000000088200000, 0x0000000088300000|  0%| F|  |TAMS 0x0000000088200000, 0x0000000088200000| Untracked 
| 109|0x0000000088300000, 0x0000000088300000, 0x0000000088400000|  0%| F|  |TAMS 0x0000000088300000, 0x0000000088300000| Untracked 
| 110|0x0000000088400000, 0x0000000088400000, 0x0000000088500000|  0%| F|  |TAMS 0x0000000088400000, 0x0000000088400000| Untracked 
| 111|0x0000000088500000, 0x0000000088500000, 0x0000000088600000|  0%| F|  |TAMS 0x0000000088500000, 0x0000000088500000| Untracked 
| 112|0x0000000088600000, 0x0000000088600000, 0x0000000088700000|  0%| F|  |TAMS 0x0000000088600000, 0x0000000088600000| Untracked 
| 113|0x0000000088700000, 0x0000000088700000, 0x0000000088800000|  0%| F|  |TAMS 0x0000000088700000, 0x0000000088700000| Untracked 
| 114|0x0000000088800000, 0x0000000088800000, 0x0000000088900000|  0%| F|  |TAMS 0x0000000088800000, 0x0000000088800000| Untracked 
| 115|0x0000000088900000, 0x0000000088900000, 0x0000000088a00000|  0%| F|  |TAMS 0x0000000088900000, 0x0000000088900000| Untracked 
| 116|0x0000000088a00000, 0x0000000088a00000, 0x0000000088b00000|  0%| F|  |TAMS 0x0000000088a00000, 0x0000000088a00000| Untracked 
| 117|0x0000000088b00000, 0x0000000088b00000, 0x0000000088c00000|  0%| F|  |TAMS 0x0000000088b00000, 0x0000000088b00000| Untracked 
| 118|0x0000000088c00000, 0x0000000088c00000, 0x0000000088d00000|  0%| F|  |TAMS 0x0000000088c00000, 0x0000000088c00000| Untracked 
| 119|0x0000000088d00000, 0x0000000088d00000, 0x0000000088e00000|  0%| F|  |TAMS 0x0000000088d00000, 0x0000000088d00000| Untracked 
| 120|0x0000000088e00000, 0x0000000088e00000, 0x0000000088f00000|  0%| F|  |TAMS 0x0000000088e00000, 0x0000000088e00000| Untracked 
| 121|0x0000000088f00000, 0x0000000088f00000, 0x0000000089000000|  0%| F|  |TAMS 0x0000000088f00000, 0x0000000088f00000| Untracked 
| 122|0x0000000089000000, 0x0000000089000000, 0x0000000089100000|  0%| F|  |TAMS 0x0000000089000000, 0x0000000089000000| Untracked 
| 123|0x0000000089100000, 0x0000000089200000, 0x0000000089200000|100%| O|  |TAMS 0x0000000089119600, 0x0000000089200000| Untracked 
| 124|0x0000000089200000, 0x0000000089200000, 0x0000000089300000|  0%| F|  |TAMS 0x0000000089200000, 0x0000000089200000| Untracked 
| 125|0x0000000089300000, 0x0000000089300000, 0x0000000089400000|  0%| F|  |TAMS 0x0000000089300000, 0x0000000089300000| Untracked 
| 126|0x0000000089400000, 0x0000000089400000, 0x0000000089500000|  0%| F|  |TAMS 0x0000000089400000, 0x0000000089400000| Untracked 
| 127|0x0000000089500000, 0x0000000089500000, 0x0000000089600000|  0%| F|  |TAMS 0x0000000089500000, 0x0000000089500000| Untracked 
| 128|0x0000000089600000, 0x0000000089600000, 0x0000000089700000|  0%| F|  |TAMS 0x0000000089600000, 0x0000000089600000| Untracked 
| 129|0x0000000089700000, 0x0000000089700000, 0x0000000089800000|  0%| F|  |TAMS 0x0000000089700000, 0x0000000089700000| Untracked 
| 130|0x0000000089800000, 0x0000000089800000, 0x0000000089900000|  0%| F|  |TAMS 0x0000000089800000, 0x0000000089800000| Untracked 
| 131|0x0000000089900000, 0x0000000089900000, 0x0000000089a00000|  0%| F|  |TAMS 0x0000000089900000, 0x0000000089900000| Untracked 
| 132|0x0000000089a00000, 0x0000000089a00000, 0x0000000089b00000|  0%| F|  |TAMS 0x0000000089a00000, 0x0000000089a00000| Untracked 
| 133|0x0000000089b00000, 0x0000000089b00000, 0x0000000089c00000|  0%| F|  |TAMS 0x0000000089b00000, 0x0000000089b00000| Untracked 
| 134|0x0000000089c00000, 0x0000000089c00000, 0x0000000089d00000|  0%| F|  |TAMS 0x0000000089c00000, 0x0000000089c00000| Untracked 
| 135|0x0000000089d00000, 0x0000000089d00000, 0x0000000089e00000|  0%| F|  |TAMS 0x0000000089d00000, 0x0000000089d00000| Untracked 
| 136|0x0000000089e00000, 0x0000000089e00000, 0x0000000089f00000|  0%| F|  |TAMS 0x0000000089e00000, 0x0000000089e00000| Untracked 
| 137|0x0000000089f00000, 0x0000000089f00000, 0x000000008a000000|  0%| F|  |TAMS 0x0000000089f00000, 0x0000000089f00000| Untracked 
| 138|0x000000008a000000, 0x000000008a000000, 0x000000008a100000|  0%| F|  |TAMS 0x000000008a000000, 0x000000008a000000| Untracked 
| 139|0x000000008a100000, 0x000000008a100000, 0x000000008a200000|  0%| F|  |TAMS 0x000000008a100000, 0x000000008a100000| Untracked 
| 140|0x000000008a200000, 0x000000008a2b16a0, 0x000000008a300000| 69%| S|CS|TAMS 0x000000008a200000, 0x000000008a200000| Complete 
| 141|0x000000008a300000, 0x000000008a400000, 0x000000008a400000|100%| S|CS|TAMS 0x000000008a300000, 0x000000008a300000| Complete 
| 142|0x000000008a400000, 0x000000008a400000, 0x000000008a500000|  0%| F|  |TAMS 0x000000008a400000, 0x000000008a400000| Untracked 
| 143|0x000000008a500000, 0x000000008a500000, 0x000000008a600000|  0%| F|  |TAMS 0x000000008a500000, 0x000000008a500000| Untracked 
| 144|0x000000008a600000, 0x000000008a600000, 0x000000008a700000|  0%| F|  |TAMS 0x000000008a600000, 0x000000008a600000| Untracked 
| 145|0x000000008a700000, 0x000000008a700000, 0x000000008a800000|  0%| F|  |TAMS 0x000000008a700000, 0x000000008a700000| Untracked 
| 146|0x000000008a800000, 0x000000008a800000, 0x000000008a900000|  0%| F|  |TAMS 0x000000008a800000, 0x000000008a800000| Untracked 
| 147|0x000000008a900000, 0x000000008a900000, 0x000000008aa00000|  0%| F|  |TAMS 0x000000008a900000, 0x000000008a900000| Untracked 
| 148|0x000000008aa00000, 0x000000008aa00000, 0x000000008ab00000|  0%| F|  |TAMS 0x000000008aa00000, 0x000000008aa00000| Untracked 
| 149|0x000000008ab00000, 0x000000008ab00000, 0x000000008ac00000|  0%| F|  |TAMS 0x000000008ab00000, 0x000000008ab00000| Untracked 
| 150|0x000000008ac00000, 0x000000008ac00000, 0x000000008ad00000|  0%| F|  |TAMS 0x000000008ac00000, 0x000000008ac00000| Untracked 
| 151|0x000000008ad00000, 0x000000008ad00000, 0x000000008ae00000|  0%| F|  |TAMS 0x000000008ad00000, 0x000000008ad00000| Untracked 
| 152|0x000000008ae00000, 0x000000008ae00000, 0x000000008af00000|  0%| F|  |TAMS 0x000000008ae00000, 0x000000008ae00000| Untracked 
| 153|0x000000008af00000, 0x000000008af00000, 0x000000008b000000|  0%| F|  |TAMS 0x000000008af00000, 0x000000008af00000| Untracked 
| 154|0x000000008b000000, 0x000000008b000000, 0x000000008b100000|  0%| F|  |TAMS 0x000000008b000000, 0x000000008b000000| Untracked 
| 155|0x000000008b100000, 0x000000008b100000, 0x000000008b200000|  0%| F|  |TAMS 0x000000008b100000, 0x000000008b100000| Untracked 
| 156|0x000000008b200000, 0x000000008b200000, 0x000000008b300000|  0%| F|  |TAMS 0x000000008b200000, 0x000000008b200000| Untracked 
| 157|0x000000008b300000, 0x000000008b300000, 0x000000008b400000|  0%| F|  |TAMS 0x000000008b300000, 0x000000008b300000| Untracked 
| 158|0x000000008b400000, 0x000000008b400000, 0x000000008b500000|  0%| F|  |TAMS 0x000000008b400000, 0x000000008b400000| Untracked 
| 159|0x000000008b500000, 0x000000008b500000, 0x000000008b600000|  0%| F|  |TAMS 0x000000008b500000, 0x000000008b500000| Untracked 
| 160|0x000000008b600000, 0x000000008b600000, 0x000000008b700000|  0%| F|  |TAMS 0x000000008b600000, 0x000000008b600000| Untracked 
| 161|0x000000008b700000, 0x000000008b700000, 0x000000008b800000|  0%| F|  |TAMS 0x000000008b700000, 0x000000008b700000| Untracked 
| 162|0x000000008b800000, 0x000000008b800000, 0x000000008b900000|  0%| F|  |TAMS 0x000000008b800000, 0x000000008b800000| Untracked 
| 163|0x000000008b900000, 0x000000008b900000, 0x000000008ba00000|  0%| F|  |TAMS 0x000000008b900000, 0x000000008b900000| Untracked 
| 164|0x000000008ba00000, 0x000000008ba00000, 0x000000008bb00000|  0%| F|  |TAMS 0x000000008ba00000, 0x000000008ba00000| Untracked 
| 165|0x000000008bb00000, 0x000000008bb00000, 0x000000008bc00000|  0%| F|  |TAMS 0x000000008bb00000, 0x000000008bb00000| Untracked 
| 166|0x000000008bc00000, 0x000000008bc00000, 0x000000008bd00000|  0%| F|  |TAMS 0x000000008bc00000, 0x000000008bc00000| Untracked 
| 167|0x000000008bd00000, 0x000000008bd00000, 0x000000008be00000|  0%| F|  |TAMS 0x000000008bd00000, 0x000000008bd00000| Untracked 
| 168|0x000000008be00000, 0x000000008be00000, 0x000000008bf00000|  0%| F|  |TAMS 0x000000008be00000, 0x000000008be00000| Untracked 
| 169|0x000000008bf00000, 0x000000008bf00000, 0x000000008c000000|  0%| F|  |TAMS 0x000000008bf00000, 0x000000008bf00000| Untracked 
| 170|0x000000008c000000, 0x000000008c000000, 0x000000008c100000|  0%| F|  |TAMS 0x000000008c000000, 0x000000008c000000| Untracked 
| 171|0x000000008c100000, 0x000000008c100000, 0x000000008c200000|  0%| F|  |TAMS 0x000000008c100000, 0x000000008c100000| Untracked 
| 172|0x000000008c200000, 0x000000008c200000, 0x000000008c300000|  0%| F|  |TAMS 0x000000008c200000, 0x000000008c200000| Untracked 
| 173|0x000000008c300000, 0x000000008c300000, 0x000000008c400000|  0%| F|  |TAMS 0x000000008c300000, 0x000000008c300000| Untracked 
| 174|0x000000008c400000, 0x000000008c400000, 0x000000008c500000|  0%| F|  |TAMS 0x000000008c400000, 0x000000008c400000| Untracked 
| 175|0x000000008c500000, 0x000000008c500000, 0x000000008c600000|  0%| F|  |TAMS 0x000000008c500000, 0x000000008c500000| Untracked 
| 176|0x000000008c600000, 0x000000008c600000, 0x000000008c700000|  0%| F|  |TAMS 0x000000008c600000, 0x000000008c600000| Untracked 
| 177|0x000000008c700000, 0x000000008c700000, 0x000000008c800000|  0%| F|  |TAMS 0x000000008c700000, 0x000000008c700000| Untracked 
| 178|0x000000008c800000, 0x000000008c800000, 0x000000008c900000|  0%| F|  |TAMS 0x000000008c800000, 0x000000008c800000| Untracked 
| 179|0x000000008c900000, 0x000000008c900000, 0x000000008ca00000|  0%| F|  |TAMS 0x000000008c900000, 0x000000008c900000| Untracked 
| 180|0x000000008ca00000, 0x000000008ca00000, 0x000000008cb00000|  0%| F|  |TAMS 0x000000008ca00000, 0x000000008ca00000| Untracked 
| 181|0x000000008cb00000, 0x000000008cb00000, 0x000000008cc00000|  0%| F|  |TAMS 0x000000008cb00000, 0x000000008cb00000| Untracked 
| 182|0x000000008cc00000, 0x000000008cc00000, 0x000000008cd00000|  0%| F|  |TAMS 0x000000008cc00000, 0x000000008cc00000| Untracked 
| 183|0x000000008cd00000, 0x000000008cd00000, 0x000000008ce00000|  0%| F|  |TAMS 0x000000008cd00000, 0x000000008cd00000| Untracked 
| 184|0x000000008ce00000, 0x000000008ce00000, 0x000000008cf00000|  0%| F|  |TAMS 0x000000008ce00000, 0x000000008ce00000| Untracked 
| 185|0x000000008cf00000, 0x000000008cf00000, 0x000000008d000000|  0%| F|  |TAMS 0x000000008cf00000, 0x000000008cf00000| Untracked 
| 186|0x000000008d000000, 0x000000008d000000, 0x000000008d100000|  0%| F|  |TAMS 0x000000008d000000, 0x000000008d000000| Untracked 
| 187|0x000000008d100000, 0x000000008d100000, 0x000000008d200000|  0%| F|  |TAMS 0x000000008d100000, 0x000000008d100000| Untracked 
| 188|0x000000008d200000, 0x000000008d200000, 0x000000008d300000|  0%| F|  |TAMS 0x000000008d200000, 0x000000008d200000| Untracked 
| 189|0x000000008d300000, 0x000000008d400000, 0x000000008d400000|100%| E|  |TAMS 0x000000008d300000, 0x000000008d300000| Complete 
| 190|0x000000008d400000, 0x000000008d500000, 0x000000008d500000|100%| E|CS|TAMS 0x000000008d400000, 0x000000008d400000| Complete 
| 191|0x000000008d500000, 0x000000008d600000, 0x000000008d600000|100%| E|CS|TAMS 0x000000008d500000, 0x000000008d500000| Complete 
| 192|0x000000008d600000, 0x000000008d700000, 0x000000008d700000|100%| E|  |TAMS 0x000000008d600000, 0x000000008d600000| Complete 
| 193|0x000000008d700000, 0x000000008d800000, 0x000000008d800000|100%| E|CS|TAMS 0x000000008d700000, 0x000000008d700000| Complete 

Card table byte_map: [0x000001b57eeb0000,0x000001b57f2b0000] _byte_map_base: 0x000001b57eaa5000

Marking Bits (Prev, Next): (CMBitMap*) 0x000001b567fc3ad0, (CMBitMap*) 0x000001b567fc3b10
 Prev Bits: [0x000001b500000000, 0x000001b501fa8000)
 Next Bits: [0x000001b501fb0000, 0x000001b503f58000)

Polling page: 0x000001b565ef0000

Metaspace:

Usage:
  Non-class:     12.29 MB used.
      Class:      1.61 MB used.
       Both:     13.91 MB used.

Virtual space:
  Non-class space:       16.00 MB reserved,      12.38 MB ( 77%) committed,  2 nodes.
      Class space:        1.00 GB reserved,       1.75 MB ( <1%) committed,  1 nodes.
             Both:        1.02 GB reserved,      14.12 MB (  1%) committed. 

Chunk freelists:
   Non-Class:  2.82 MB
       Class:  2.22 MB
        Both:  5.04 MB

MaxMetaspaceSize: unlimited
CompressedClassSpaceSize: 1.00 GB
Initial GC threshold: 21.00 MB
Current GC threshold: 21.38 MB
CDS: on
MetaspaceReclaimPolicy: balanced
 - commit_granule_bytes: 65536.
 - commit_granule_words: 8192.
 - virtual_space_node_default_size: 1048576.
 - enlarge_chunks_in_place: 1.
 - new_chunks_are_fully_committed: 0.
 - uncommit_free_chunks: 1.
 - use_allocation_guard: 0.
 - handle_deallocations: 1.


Internal statistics:

num_allocs_failed_limit: 0.
num_arena_births: 244.
num_arena_deaths: 0.
num_vsnodes_births: 3.
num_vsnodes_deaths: 0.
num_space_committed: 226.
num_space_uncommitted: 0.
num_chunks_returned_to_freelist: 0.
num_chunks_taken_from_freelist: 694.
num_chunk_merges: 0.
num_chunk_splits: 460.
num_chunks_enlarged: 320.
num_purges: 0.
num_inconsistent_stats: 0.

CodeHeap 'non-profiled nmethods': size=120000Kb used=2511Kb max_used=2733Kb free=117488Kb
 bounds [0x000001b577250000, 0x000001b577500000, 0x000001b57e780000]
CodeHeap 'profiled nmethods': size=120000Kb used=7058Kb max_used=8853Kb free=112941Kb
 bounds [0x000001b56fd20000, 0x000001b5705d0000, 0x000001b577250000]
CodeHeap 'non-nmethods': size=5760Kb used=1388Kb max_used=1446Kb free=4371Kb
 bounds [0x000001b56f780000, 0x000001b56f9f0000, 0x000001b56fd20000]
 total_blobs=4673 nmethods=3930 adapters=653
 compilation: enabled
              stopped_count=0, restarted_count=0
 full_count=0

Compilation events (20 events):
Event: 371.758 Thread 0x000001b5060d0cc0 4724       3       javafx.scene.Node::layoutYProperty (25 bytes)
Event: 371.759 Thread 0x000001b5060d0cc0 nmethod 4724 0x000001b570097890 code [0x000001b570097a60, 0x000001b570097f78]
Event: 371.822 Thread 0x000001b5060d0cc0 4725       3       javafx.scene.Node::layoutXProperty (25 bytes)
Event: 371.823 Thread 0x000001b5060d0cc0 nmethod 4725 0x000001b5700a3d90 code [0x000001b5700a3f60, 0x000001b5700a4478]
Event: 371.823 Thread 0x000001b5060d0cc0 4726       3       com.sun.javafx.sg.prism.NGNode::setContentBounds (13 bytes)
Event: 371.823 Thread 0x000001b5060d0cc0 nmethod 4726 0x000001b56fe80a90 code [0x000001b56fe80c40, 0x000001b56fe80e68]
Event: 371.870 Thread 0x000001b5060d0cc0 4727       3       javafx.scene.Node::setLayoutX (9 bytes)
Event: 371.871 Thread 0x000001b5060d0cc0 nmethod 4727 0x000001b56ff78a90 code [0x000001b56ff78c40, 0x000001b56ff78e58]
Event: 372.174 Thread 0x000001b5060d0cc0 4728       3       javafx.scene.Node::relocate (59 bytes)
Event: 372.175 Thread 0x000001b5060d0cc0 nmethod 4728 0x000001b56fd5c010 code [0x000001b56fd5c340, 0x000001b56fd5d718]
Event: 372.175 Thread 0x000001b5060d0cc0 4729       3       com.sun.javafx.geom.transform.GeneralTransform3D::transform (29 bytes)
Event: 372.176 Thread 0x000001b5060d0cc0 nmethod 4729 0x000001b570044290 code [0x000001b570044440, 0x000001b570044748]
Event: 372.877 Thread 0x000001b5060cc460 4730       4       com.sun.javafx.application.PlatformImpl::runLater (6 bytes)
Event: 372.878 Thread 0x000001b5060d0cc0 4731       3       java.lang.invoke.MethodHandles$Lookup::resolveOrFail (44 bytes)
Event: 372.878 Thread 0x000001b5060d0cc0 nmethod 4731 0x000001b57005b510 code [0x000001b57005b7c0, 0x000001b57005c488]
Event: 372.878 Thread 0x000001b5060d0cc0 4732       3       java.lang.invoke.MethodHandles$Lookup::getDirectMethodForConstant (72 bytes)
Event: 372.879 Thread 0x000001b5060d0cc0 nmethod 4732 0x000001b56ffea710 code [0x000001b56ffeaa60, 0x000001b56ffebd68]
Event: 372.908 Thread 0x000001b5060cc460 nmethod 4730 0x000001b5773bae10 code [0x000001b5773bb0c0, 0x000001b5773bd8f0]
Event: 372.925 Thread 0x000001b5060d0cc0 4733   !   3       com.sun.media.jfxmediaimpl.NativeMediaPlayer::destroyMediaPulse (53 bytes)
Event: 372.925 Thread 0x000001b5060d0cc0 nmethod 4733 0x000001b56fd76d10 code [0x000001b56fd76f60, 0x000001b56fd77af8]

GC Heap History (20 events):
Event: 332.232 GC heap before
{Heap before GC invocations=266 (full 0):
 garbage-first heap   total 198656K, used 90356K [0x0000000081600000, 0x0000000100000000)
  region size 1024K, 4 young (4096K), 1 survivors (1024K)
 Metaspace       used 14024K, committed 14272K, reserved 1064960K
  class space    used 1643K, committed 1792K, reserved 1048576K
}
Event: 332.233 GC heap after
{Heap after GC invocations=267 (full 0):
 garbage-first heap   total 198656K, used 73976K [0x0000000081600000, 0x0000000100000000)
  region size 1024K, 1 young (1024K), 1 survivors (1024K)
 Metaspace       used 14024K, committed 14272K, reserved 1064960K
  class space    used 1643K, committed 1792K, reserved 1048576K
}
Event: 332.608 GC heap before
{Heap before GC invocations=267 (full 0):
 garbage-first heap   total 198656K, used 92408K [0x0000000081600000, 0x0000000100000000)
  region size 1024K, 6 young (6144K), 1 survivors (1024K)
 Metaspace       used 14024K, committed 14272K, reserved 1064960K
  class space    used 1643K, committed 1792K, reserved 1048576K
}
Event: 332.609 GC heap after
{Heap after GC invocations=268 (full 0):
 garbage-first heap   total 198656K, used 73977K [0x0000000081600000, 0x0000000100000000)
  region size 1024K, 1 young (1024K), 1 survivors (1024K)
 Metaspace       used 14024K, committed 14272K, reserved 1064960K
  class space    used 1643K, committed 1792K, reserved 1048576K
}
Event: 332.989 GC heap before
{Heap before GC invocations=268 (full 0):
 garbage-first heap   total 198656K, used 88313K [0x0000000081600000, 0x0000000100000000)
  region size 1024K, 2 young (2048K), 1 survivors (1024K)
 Metaspace       used 14024K, committed 14272K, reserved 1064960K
  class space    used 1643K, committed 1792K, reserved 1048576K
}
Event: 332.990 GC heap after
{Heap after GC invocations=269 (full 0):
 garbage-first heap   total 198656K, used 73976K [0x0000000081600000, 0x0000000100000000)
  region size 1024K, 1 young (1024K), 1 survivors (1024K)
 Metaspace       used 14024K, committed 14272K, reserved 1064960K
  class space    used 1643K, committed 1792K, reserved 1048576K
}
Event: 335.643 GC heap before
{Heap before GC invocations=269 (full 0):
 garbage-first heap   total 198656K, used 94456K [0x0000000081600000, 0x0000000100000000)
  region size 1024K, 8 young (8192K), 1 survivors (1024K)
 Metaspace       used 14024K, committed 14272K, reserved 1064960K
  class space    used 1643K, committed 1792K, reserved 1048576K
}
Event: 335.644 GC heap after
{Heap after GC invocations=270 (full 0):
 garbage-first heap   total 198656K, used 73992K [0x0000000081600000, 0x0000000100000000)
  region size 1024K, 1 young (1024K), 1 survivors (1024K)
 Metaspace       used 14024K, committed 14272K, reserved 1064960K
  class space    used 1643K, committed 1792K, reserved 1048576K
}
Event: 336.022 GC heap before
{Heap before GC invocations=270 (full 0):
 garbage-first heap   total 198656K, used 88328K [0x0000000081600000, 0x0000000100000000)
  region size 1024K, 2 young (2048K), 1 survivors (1024K)
 Metaspace       used 14024K, committed 14272K, reserved 1064960K
  class space    used 1643K, committed 1792K, reserved 1048576K
}
Event: 336.023 GC heap after
{Heap after GC invocations=271 (full 0):
 garbage-first heap   total 198656K, used 73985K [0x0000000081600000, 0x0000000100000000)
  region size 1024K, 1 young (1024K), 1 survivors (1024K)
 Metaspace       used 14024K, committed 14272K, reserved 1064960K
  class space    used 1643K, committed 1792K, reserved 1048576K
}
Event: 337.712 GC heap before
{Heap before GC invocations=271 (full 0):
 garbage-first heap   total 198656K, used 93441K [0x0000000081600000, 0x0000000100000000)
  region size 1024K, 7 young (7168K), 1 survivors (1024K)
 Metaspace       used 14024K, committed 14272K, reserved 1064960K
  class space    used 1643K, committed 1792K, reserved 1048576K
}
Event: 337.713 GC heap after
{Heap after GC invocations=272 (full 0):
 garbage-first heap   total 198656K, used 73991K [0x0000000081600000, 0x0000000100000000)
  region size 1024K, 1 young (1024K), 1 survivors (1024K)
 Metaspace       used 14024K, committed 14272K, reserved 1064960K
  class space    used 1643K, committed 1792K, reserved 1048576K
}
Event: 338.091 GC heap before
{Heap before GC invocations=272 (full 0):
 garbage-first heap   total 198656K, used 88327K [0x0000000081600000, 0x0000000100000000)
  region size 1024K, 2 young (2048K), 1 survivors (1024K)
 Metaspace       used 14024K, committed 14272K, reserved 1064960K
  class space    used 1643K, committed 1792K, reserved 1048576K
}
Event: 338.092 GC heap after
{Heap after GC invocations=273 (full 0):
 garbage-first heap   total 198656K, used 73986K [0x0000000081600000, 0x0000000100000000)
  region size 1024K, 1 young (1024K), 1 survivors (1024K)
 Metaspace       used 14024K, committed 14272K, reserved 1064960K
  class space    used 1643K, committed 1792K, reserved 1048576K
}
Event: 339.366 GC heap before
{Heap before GC invocations=273 (full 0):
 garbage-first heap   total 198656K, used 93442K [0x0000000081600000, 0x0000000100000000)
  region size 1024K, 7 young (7168K), 1 survivors (1024K)
 Metaspace       used 14024K, committed 14272K, reserved 1064960K
  class space    used 1643K, committed 1792K, reserved 1048576K
}
Event: 339.367 GC heap after
{Heap after GC invocations=274 (full 0):
 garbage-first heap   total 198656K, used 73996K [0x0000000081600000, 0x0000000100000000)
  region size 1024K, 1 young (1024K), 1 survivors (1024K)
 Metaspace       used 14024K, committed 14272K, reserved 1064960K
  class space    used 1643K, committed 1792K, reserved 1048576K
}
Event: 339.758 GC heap before
{Heap before GC invocations=274 (full 0):
 garbage-first heap   total 198656K, used 88332K [0x0000000081600000, 0x0000000100000000)
  region size 1024K, 2 young (2048K), 1 survivors (1024K)
 Metaspace       used 14024K, committed 14272K, reserved 1064960K
  class space    used 1643K, committed 1792K, reserved 1048576K
}
Event: 339.759 GC heap after
{Heap after GC invocations=275 (full 0):
 garbage-first heap   total 198656K, used 73988K [0x0000000081600000, 0x0000000100000000)
  region size 1024K, 1 young (1024K), 1 survivors (1024K)
 Metaspace       used 14024K, committed 14272K, reserved 1064960K
  class space    used 1643K, committed 1792K, reserved 1048576K
}
Event: 369.563 GC heap before
{Heap before GC invocations=275 (full 0):
 garbage-first heap   total 198656K, used 138500K [0x0000000081600000, 0x0000000100000000)
  region size 1024K, 52 young (53248K), 1 survivors (1024K)
 Metaspace       used 14196K, committed 14464K, reserved 1064960K
  class space    used 1648K, committed 1792K, reserved 1048576K
}
Event: 369.564 GC heap after
{Heap after GC invocations=276 (full 0):
 garbage-first heap   total 198656K, used 78746K [0x0000000081600000, 0x0000000100000000)
  region size 1024K, 2 young (2048K), 2 survivors (2048K)
 Metaspace       used 14196K, committed 14464K, reserved 1064960K
  class space    used 1648K, committed 1792K, reserved 1048576K
}

Deoptimization events (20 events):
Event: 372.877 Thread 0x000001b5084e2ed0 Uncommon trap: trap_request=0xffffff45 fr.pc=0x000001b5773ffe08 relative=0x0000000000000428
Event: 372.877 Thread 0x000001b5084e2ed0 Uncommon trap: reason=unstable_if action=reinterpret pc=0x000001b5773ffe08 method=com.sun.javafx.application.PlatformImpl.runLater(Ljava/lang/Runnable;Z)V @ 37 c2
Event: 372.877 Thread 0x000001b5084e2ed0 DEOPT PACKING pc=0x000001b5773ffe08 sp=0x0000003bb39fefc0
Event: 372.877 Thread 0x000001b5084e2ed0 DEOPT UNPACKING pc=0x000001b56f7d23a3 sp=0x0000003bb39fef68 mode 2
Event: 372.877 Thread 0x000001b5081a8fd0 Uncommon trap: trap_request=0xffffff45 fr.pc=0x000001b57748916c relative=0x0000000000000a8c
Event: 372.877 Thread 0x000001b5081a8fd0 Uncommon trap: reason=unstable_if action=reinterpret pc=0x000001b57748916c method=com.sun.javafx.application.PlatformImpl.runLater(Ljava/lang/Runnable;Z)V @ 46 c2
Event: 372.877 Thread 0x000001b5081a8fd0 DEOPT PACKING pc=0x000001b57748916c sp=0x0000003bb8bff680
Event: 372.877 Thread 0x000001b5081a8fd0 DEOPT UNPACKING pc=0x000001b56f7d23a3 sp=0x0000003bb8bff4f0 mode 2
Event: 372.893 Thread 0x000001b506febad0 Uncommon trap: trap_request=0xffffff45 fr.pc=0x000001b5774aa3e0 relative=0x0000000000000840
Event: 372.893 Thread 0x000001b506febad0 Uncommon trap: reason=unstable_if action=reinterpret pc=0x000001b5774aa3e0 method=com.sun.javafx.application.PlatformImpl.runLater(Ljava/lang/Runnable;Z)V @ 46 c2
Event: 372.893 Thread 0x000001b506febad0 DEOPT PACKING pc=0x000001b5774aa3e0 sp=0x0000003bb8fff590
Event: 372.893 Thread 0x000001b506febad0 DEOPT UNPACKING pc=0x000001b56f7d23a3 sp=0x0000003bb8fff490 mode 2
Event: 372.936 Thread 0x000001b506f47da0 Uncommon trap: trap_request=0xffffff45 fr.pc=0x000001b5773bcc98 relative=0x0000000000001bd8
Event: 372.936 Thread 0x000001b506f47da0 Uncommon trap: reason=unstable_if action=reinterpret pc=0x000001b5773bcc98 method=com.sun.javafx.application.PlatformImpl.runLater(Ljava/lang/Runnable;Z)V @ 46 c2
Event: 372.936 Thread 0x000001b506f47da0 DEOPT PACKING pc=0x000001b5773bcc98 sp=0x0000003bbc1ff370
Event: 372.936 Thread 0x000001b506f47da0 DEOPT UNPACKING pc=0x000001b56f7d23a3 sp=0x0000003bbc1ff320 mode 2
Event: 373.001 Thread 0x000001b5079191b0 Uncommon trap: trap_request=0xffffff45 fr.pc=0x000001b57737b3d0 relative=0x00000000000009f0
Event: 373.001 Thread 0x000001b5079191b0 Uncommon trap: reason=unstable_if action=reinterpret pc=0x000001b57737b3d0 method=com.sun.glass.ui.Timer.resume()V @ 6 c2
Event: 373.001 Thread 0x000001b5079191b0 DEOPT PACKING pc=0x000001b57737b3d0 sp=0x0000003bb40fc1b0
Event: 373.001 Thread 0x000001b5079191b0 DEOPT UNPACKING pc=0x000001b56f7d23a3 sp=0x0000003bb40fbe40 mode 2

Classes unloaded (0 events):
No events

Classes redefined (0 events):
No events

Internal exceptions (20 events):
Event: 328.785 Thread 0x000001b506f46f30 Implicit null exception at 0x000001b5705034d5 to 0x000001b570503912
Event: 328.785 Thread 0x000001b506f46f30 Exception <a 'java/lang/NullPointerException'{0x000000008b946888}> (0x000000008b946888) 
thrown [t:\workspace\open\src\hotspot\share\runtime\sharedRuntime.cpp, line 628]
Event: 332.229 Thread 0x000001b507509c60 Implicit null exception at 0x000001b5705034d5 to 0x000001b570503912
Event: 332.229 Thread 0x000001b507509c60 Exception <a 'java/lang/NullPointerException'{0x000000008d45a648}> (0x000000008d45a648) 
thrown [t:\workspace\open\src\hotspot\share\runtime\sharedRuntime.cpp, line 628]
Event: 335.317 Thread 0x000001b506f46f30 Implicit null exception at 0x000001b5705034d5 to 0x000001b570503912
Event: 335.317 Thread 0x000001b506f46f30 Exception <a 'java/lang/NullPointerException'{0x000000008d5eb130}> (0x000000008d5eb130) 
thrown [t:\workspace\open\src\hotspot\share\runtime\sharedRuntime.cpp, line 628]
Event: 337.442 Thread 0x000001b506f48740 Implicit null exception at 0x000001b5705034d5 to 0x000001b570503912
Event: 337.442 Thread 0x000001b506f48740 Exception <a 'java/lang/NullPointerException'{0x000000008d560eb0}> (0x000000008d560eb0) 
thrown [t:\workspace\open\src\hotspot\share\runtime\sharedRuntime.cpp, line 628]
Event: 339.149 Thread 0x000001b506f46f30 Implicit null exception at 0x000001b5705034d5 to 0x000001b570503912
Event: 339.149 Thread 0x000001b506f46f30 Exception <a 'java/lang/NullPointerException'{0x000000008d525fd8}> (0x000000008d525fd8) 
thrown [t:\workspace\open\src\hotspot\share\runtime\sharedRuntime.cpp, line 628]
Event: 358.994 Thread 0x000001b5079191b0 Implicit null exception at 0x000001b5773a43b3 to 0x000001b5773a4e49
Event: 359.009 Thread 0x000001b5079191b0 Implicit null exception at 0x000001b57742b64d to 0x000001b57742c1c4
Event: 359.009 Thread 0x000001b5079191b0 Implicit null exception at 0x000001b577409250 to 0x000001b5774092e0
Event: 359.009 Thread 0x000001b5079191b0 Implicit null exception at 0x000001b577421bf3 to 0x000001b577422710
Event: 359.009 Thread 0x000001b5079191b0 Implicit null exception at 0x000001b5773a9922 to 0x000001b5773ab538
Event: 359.269 Thread 0x000001b5079191b0 Implicit null exception at 0x000001b5773cf440 to 0x000001b5773d05c8
Event: 360.141 Thread 0x000001b5079191b0 Implicit null exception at 0x000001b5773ec900 to 0x000001b5773eee28
Event: 360.907 Thread 0x000001b5079191b0 Implicit null exception at 0x000001b57746928f to 0x000001b57746b03c
Event: 369.575 Thread 0x000001b5079191b0 Implicit null exception at 0x000001b5774f2ec0 to 0x000001b5774f3fd8
Event: 369.578 Thread 0x000001b507bf0970 Implicit null exception at 0x000001b57734c060 to 0x000001b57734c0d4

VM Operations (20 events):
Event: 338.091 Executing VM operation: G1TryInitiateConcMark
Event: 338.092 Executing VM operation: G1TryInitiateConcMark done
Event: 339.366 Executing VM operation: G1TryInitiateConcMark
Event: 339.367 Executing VM operation: G1TryInitiateConcMark done
Event: 339.758 Executing VM operation: G1TryInitiateConcMark
Event: 339.759 Executing VM operation: G1TryInitiateConcMark done
Event: 347.910 Executing VM operation: HandshakeAllThreads
Event: 347.910 Executing VM operation: HandshakeAllThreads done
Event: 357.911 Executing VM operation: Cleanup
Event: 357.911 Executing VM operation: Cleanup done
Event: 359.911 Executing VM operation: Cleanup
Event: 359.911 Executing VM operation: Cleanup done
Event: 361.912 Executing VM operation: Cleanup
Event: 361.912 Executing VM operation: Cleanup done
Event: 368.914 Executing VM operation: Cleanup
Event: 368.914 Executing VM operation: Cleanup done
Event: 369.563 Executing VM operation: G1TryInitiateConcMark
Event: 369.564 Executing VM operation: G1TryInitiateConcMark done
Event: 371.564 Executing VM operation: Cleanup
Event: 371.564 Executing VM operation: Cleanup done

Events (20 events):
Event: 372.926 Thread 0x000001b506fe85e0 Thread exited: 0x000001b506fe85e0
Event: 372.926 Thread 0x000001b50862db00 Thread exited: 0x000001b50862db00
Event: 372.927 Thread 0x000001b506fe9df0 Thread exited: 0x000001b506fe9df0
Event: 372.927 Thread 0x000001b507067130 Thread exited: 0x000001b507067130
Event: 372.951 Thread 0x000001b506f48c10 Thread exited: 0x000001b506f48c10
Event: 372.951 Thread 0x000001b50793d850 Thread exited: 0x000001b50793d850
Event: 372.951 Thread 0x000001b507845580 Thread exited: 0x000001b507845580
Event: 372.951 Thread 0x000001b5074d2100 Thread exited: 0x000001b5074d2100
Event: 372.951 Thread 0x000001b506f48270 Thread exited: 0x000001b506f48270
Event: 372.951 Thread 0x000001b50793c9e0 Thread exited: 0x000001b50793c9e0
Event: 372.952 Thread 0x000001b506f47da0 Thread exited: 0x000001b506f47da0
Event: 372.952 Thread 0x000001b506f45bf0 Thread exited: 0x000001b506f45bf0
Event: 372.953 Thread 0x000001b507847730 Thread exited: 0x000001b507847730
Event: 372.953 Thread 0x000001b5070662c0 Thread exited: 0x000001b5070662c0
Event: 372.993 Thread 0x000001b50f370c40 Thread exited: 0x000001b50f370c40
Event: 372.993 Thread 0x000001b506feac60 Thread exited: 0x000001b506feac60
Event: 372.996 Thread 0x000001b506f48740 Thread exited: 0x000001b506f48740
Event: 372.996 Thread 0x000001b507508df0 Thread exited: 0x000001b507508df0
Event: 372.997 Thread 0x000001b507847c00 Thread exited: 0x000001b507847c00
Event: 372.997 Thread 0x000001b506f47400 Thread exited: 0x000001b506f47400


Dynamic libraries:
0x00007ff6f1250000 - 0x00007ff6f125e000 	C:\Users\KRISHNAM\.jdks\openjdk-17\bin\java.exe
0x00007ffe5a640000 - 0x00007ffe5a847000 	C:\WINDOWS\SYSTEM32\ntdll.dll
0x00007ffe58c00000 - 0x00007ffe58cbd000 	C:\WINDOWS\System32\KERNEL32.DLL
0x00007ffe57d10000 - 0x00007ffe58084000 	C:\WINDOWS\System32\KERNELBASE.dll
0x00007ffe58260000 - 0x00007ffe58371000 	C:\WINDOWS\System32\ucrtbase.dll
0x00007ffe47060000 - 0x00007ffe4707a000 	C:\Users\KRISHNAM\.jdks\openjdk-17\bin\VCRUNTIME140.dll
0x00007ffe4fd80000 - 0x00007ffe4fd98000 	C:\Users\KRISHNAM\.jdks\openjdk-17\bin\jli.dll
0x00007ffe5a270000 - 0x00007ffe5a41c000 	C:\WINDOWS\System32\USER32.dll
0x00007ffe58380000 - 0x00007ffe583a6000 	C:\WINDOWS\System32\win32u.dll
0x00007ffe59110000 - 0x00007ffe59139000 	C:\WINDOWS\System32\GDI32.dll
0x00007ffe4b030000 - 0x00007ffe4b2d5000 	C:\WINDOWS\WinSxS\amd64_microsoft.windows.common-controls_6595b64144ccf1df_6.0.22000.120_none_9d947278b86cc467\COMCTL32.dll
0x00007ffe5a420000 - 0x00007ffe5a4c3000 	C:\WINDOWS\System32\msvcrt.dll
0x00007ffe583b0000 - 0x00007ffe584c2000 	C:\WINDOWS\System32\gdi32full.dll
0x00007ffe58090000 - 0x00007ffe5812d000 	C:\WINDOWS\System32\msvcp_win.dll
0x00007ffe58f80000 - 0x00007ffe58fb1000 	C:\WINDOWS\System32\IMM32.DLL
0x00007ffe539f0000 - 0x00007ffe539fc000 	C:\Users\KRISHNAM\.jdks\openjdk-17\bin\vcruntime140_1.dll
0x00007ffe30a70000 - 0x00007ffe30afd000 	C:\Users\KRISHNAM\.jdks\openjdk-17\bin\msvcp140.dll
0x00007ffdf11c0000 - 0x00007ffdf1d7e000 	C:\Users\KRISHNAM\.jdks\openjdk-17\bin\server\jvm.dll
0x00007ffe59a90000 - 0x00007ffe59b3c000 	C:\WINDOWS\System32\ADVAPI32.dll
0x00007ffe58de0000 - 0x00007ffe58e7d000 	C:\WINDOWS\System32\sechost.dll
0x00007ffe584d0000 - 0x00007ffe585f1000 	C:\WINDOWS\System32\RPCRT4.dll
0x00007ffe5a570000 - 0x00007ffe5a578000 	C:\WINDOWS\System32\PSAPI.DLL
0x00007ffe53110000 - 0x00007ffe53143000 	C:\WINDOWS\SYSTEM32\WINMM.dll
0x00007ffe466e0000 - 0x00007ffe466e9000 	C:\WINDOWS\SYSTEM32\WSOCK32.dll
0x00007ffe526e0000 - 0x00007ffe526ea000 	C:\WINDOWS\SYSTEM32\VERSION.dll
0x00007ffe5a200000 - 0x00007ffe5a26f000 	C:\WINDOWS\System32\WS2_32.dll
0x00007ffe56c40000 - 0x00007ffe56c58000 	C:\WINDOWS\SYSTEM32\kernel.appcore.dll
0x00007ffe53160000 - 0x00007ffe5316a000 	C:\Users\KRISHNAM\.jdks\openjdk-17\bin\jimage.dll
0x00007ffe55650000 - 0x00007ffe55871000 	C:\WINDOWS\SYSTEM32\DBGHELP.DLL
0x00007ffe506e0000 - 0x00007ffe50711000 	C:\WINDOWS\SYSTEM32\dbgcore.DLL
0x00007ffe57b20000 - 0x00007ffe57b9f000 	C:\WINDOWS\System32\bcryptPrimitives.dll
0x00007ffe4fdc0000 - 0x00007ffe4fdce000 	C:\Users\KRISHNAM\.jdks\openjdk-17\bin\instrument.dll
0x00007ffe3f7d0000 - 0x00007ffe3f7f5000 	C:\Users\KRISHNAM\.jdks\openjdk-17\bin\java.dll
0x00007ffe2eed0000 - 0x00007ffe2efa6000 	C:\Users\KRISHNAM\.jdks\openjdk-17\bin\svml.dll
0x00007ffe59140000 - 0x00007ffe598ee000 	C:\WINDOWS\System32\SHELL32.dll
0x00007ffe55c40000 - 0x00007ffe564a7000 	C:\WINDOWS\SYSTEM32\windows.storage.dll
0x00007ffe58790000 - 0x00007ffe58b08000 	C:\WINDOWS\System32\combase.dll
0x00007ffe55ad0000 - 0x00007ffe55c36000 	C:\WINDOWS\SYSTEM32\wintypes.dll
0x00007ffe58e90000 - 0x00007ffe58f7a000 	C:\WINDOWS\System32\SHCORE.dll
0x00007ffe58710000 - 0x00007ffe5876d000 	C:\WINDOWS\System32\shlwapi.dll
0x00007ffe57a50000 - 0x00007ffe57a71000 	C:\WINDOWS\SYSTEM32\profapi.dll
0x00007ffe46a20000 - 0x00007ffe46a39000 	C:\Users\KRISHNAM\.jdks\openjdk-17\bin\net.dll
0x00007ffe52fb0000 - 0x00007ffe530bc000 	C:\WINDOWS\SYSTEM32\WINHTTP.dll
0x00007ffe570c0000 - 0x00007ffe57127000 	C:\WINDOWS\system32\mswsock.dll
0x00007ffe3dfa0000 - 0x00007ffe3dfb5000 	C:\Users\KRISHNAM\.jdks\openjdk-17\bin\nio.dll
0x00007ffe3df80000 - 0x00007ffe3df98000 	C:\Users\KRISHNAM\.jdks\openjdk-17\bin\zip.dll
0x00007ffe3df60000 - 0x00007ffe3df7a000 	C:\Program Files\JetBrains\IntelliJ IDEA 2021.1.1\bin\breakgen64.dll
0x000001b5062b0000 - 0x000001b5062b3000 	C:\Users\KRISHNAM\.openjfx\cache\17-ea\api-ms-win-core-console-l1-1-0.dll
0x000001b5062c0000 - 0x000001b5062c3000 	C:\Users\KRISHNAM\.openjfx\cache\17-ea\api-ms-win-core-console-l1-2-0.dll
0x000001b5062d0000 - 0x000001b5062d3000 	C:\Users\KRISHNAM\.openjfx\cache\17-ea\api-ms-win-core-datetime-l1-1-0.dll
0x000001b5062e0000 - 0x000001b5062e3000 	C:\Users\KRISHNAM\.openjfx\cache\17-ea\api-ms-win-core-debug-l1-1-0.dll
0x000001b5062f0000 - 0x000001b5062f3000 	C:\Users\KRISHNAM\.openjfx\cache\17-ea\api-ms-win-core-errorhandling-l1-1-0.dll
0x000001b506300000 - 0x000001b506304000 	C:\Users\KRISHNAM\.openjfx\cache\17-ea\api-ms-win-core-file-l1-1-0.dll
0x000001b506310000 - 0x000001b506313000 	C:\Users\KRISHNAM\.openjfx\cache\17-ea\api-ms-win-core-file-l1-2-0.dll
0x000001b506320000 - 0x000001b506323000 	C:\Users\KRISHNAM\.openjfx\cache\17-ea\api-ms-win-core-file-l2-1-0.dll
0x000001b506330000 - 0x000001b506333000 	C:\Users\KRISHNAM\.openjfx\cache\17-ea\api-ms-win-core-handle-l1-1-0.dll
0x000001b506340000 - 0x000001b506343000 	C:\Users\KRISHNAM\.openjfx\cache\17-ea\api-ms-win-core-heap-l1-1-0.dll
0x000001b506350000 - 0x000001b506353000 	C:\Users\KRISHNAM\.openjfx\cache\17-ea\api-ms-win-core-interlocked-l1-1-0.dll
0x000001b506360000 - 0x000001b506363000 	C:\Users\KRISHNAM\.openjfx\cache\17-ea\api-ms-win-core-libraryloader-l1-1-0.dll
0x000001b506370000 - 0x000001b506373000 	C:\Users\KRISHNAM\.openjfx\cache\17-ea\api-ms-win-core-localization-l1-2-0.dll
0x000001b506380000 - 0x000001b506383000 	C:\Users\KRISHNAM\.openjfx\cache\17-ea\api-ms-win-core-memory-l1-1-0.dll
0x000001b506390000 - 0x000001b506393000 	C:\Users\KRISHNAM\.openjfx\cache\17-ea\api-ms-win-core-namedpipe-l1-1-0.dll
0x000001b5063a0000 - 0x000001b5063a3000 	C:\Users\KRISHNAM\.openjfx\cache\17-ea\api-ms-win-core-processenvironment-l1-1-0.dll
0x000001b5063b0000 - 0x000001b5063b3000 	C:\Users\KRISHNAM\.openjfx\cache\17-ea\api-ms-win-core-processthreads-l1-1-0.dll
0x000001b5063c0000 - 0x000001b5063c3000 	C:\Users\KRISHNAM\.openjfx\cache\17-ea\api-ms-win-core-processthreads-l1-1-1.dll
0x000001b5063d0000 - 0x000001b5063d3000 	C:\Users\KRISHNAM\.openjfx\cache\17-ea\api-ms-win-core-profile-l1-1-0.dll
0x000001b5063e0000 - 0x000001b5063e3000 	C:\Users\KRISHNAM\.openjfx\cache\17-ea\api-ms-win-core-rtlsupport-l1-1-0.dll
0x000001b5063f0000 - 0x000001b5063f3000 	C:\Users\KRISHNAM\.openjfx\cache\17-ea\api-ms-win-core-string-l1-1-0.dll
0x000001b5087d0000 - 0x000001b5087d3000 	C:\Users\KRISHNAM\.openjfx\cache\17-ea\api-ms-win-core-synch-l1-1-0.dll
0x000001b5087e0000 - 0x000001b5087e3000 	C:\Users\KRISHNAM\.openjfx\cache\17-ea\api-ms-win-core-synch-l1-2-0.dll
0x000001b5087f0000 - 0x000001b5087f3000 	C:\Users\KRISHNAM\.openjfx\cache\17-ea\api-ms-win-core-sysinfo-l1-1-0.dll
0x000001b508800000 - 0x000001b508803000 	C:\Users\KRISHNAM\.openjfx\cache\17-ea\api-ms-win-core-timezone-l1-1-0.dll
0x000001b508810000 - 0x000001b508813000 	C:\Users\KRISHNAM\.openjfx\cache\17-ea\api-ms-win-core-util-l1-1-0.dll
0x000001b508820000 - 0x000001b508823000 	C:\Users\KRISHNAM\.openjfx\cache\17-ea\api-ms-win-crt-conio-l1-1-0.dll
0x000001b508830000 - 0x000001b508834000 	C:\Users\KRISHNAM\.openjfx\cache\17-ea\api-ms-win-crt-convert-l1-1-0.dll
0x000001b508840000 - 0x000001b508843000 	C:\Users\KRISHNAM\.openjfx\cache\17-ea\api-ms-win-crt-environment-l1-1-0.dll
0x000001b508850000 - 0x000001b508853000 	C:\Users\KRISHNAM\.openjfx\cache\17-ea\api-ms-win-crt-filesystem-l1-1-0.dll
0x000001b508860000 - 0x000001b508863000 	C:\Users\KRISHNAM\.openjfx\cache\17-ea\api-ms-win-crt-heap-l1-1-0.dll
0x000001b508870000 - 0x000001b508873000 	C:\Users\KRISHNAM\.openjfx\cache\17-ea\api-ms-win-crt-locale-l1-1-0.dll
0x000001b5089a0000 - 0x000001b5089a5000 	C:\Users\KRISHNAM\.openjfx\cache\17-ea\api-ms-win-crt-math-l1-1-0.dll
0x000001b5089b0000 - 0x000001b5089b5000 	C:\Users\KRISHNAM\.openjfx\cache\17-ea\api-ms-win-crt-multibyte-l1-1-0.dll
0x000001b5089c0000 - 0x000001b5089d0000 	C:\Users\KRISHNAM\.openjfx\cache\17-ea\api-ms-win-crt-private-l1-1-0.dll
0x000001b5089d0000 - 0x000001b5089d3000 	C:\Users\KRISHNAM\.openjfx\cache\17-ea\api-ms-win-crt-process-l1-1-0.dll
0x000001b5089e0000 - 0x000001b5089e4000 	C:\Users\KRISHNAM\.openjfx\cache\17-ea\api-ms-win-crt-runtime-l1-1-0.dll
0x000001b5089f0000 - 0x000001b5089f4000 	C:\Users\KRISHNAM\.openjfx\cache\17-ea\api-ms-win-crt-stdio-l1-1-0.dll
0x000001b508a00000 - 0x000001b508a04000 	C:\Users\KRISHNAM\.openjfx\cache\17-ea\api-ms-win-crt-string-l1-1-0.dll
0x000001b508a10000 - 0x000001b508a13000 	C:\Users\KRISHNAM\.openjfx\cache\17-ea\api-ms-win-crt-time-l1-1-0.dll
0x000001b508a20000 - 0x000001b508a23000 	C:\Users\KRISHNAM\.openjfx\cache\17-ea\api-ms-win-crt-utility-l1-1-0.dll
0x00007ffe1e100000 - 0x00007ffe1e1fc000 	C:\Users\KRISHNAM\.openjfx\cache\17-ea\ucrtbase.dll
0x00007ffe3c600000 - 0x00007ffe3c61a000 	C:\Users\KRISHNAM\.openjfx\cache\17-ea\vcruntime140.dll
0x00007ffe4aea0000 - 0x00007ffe4aeac000 	C:\Users\KRISHNAM\.openjfx\cache\17-ea\vcruntime140_1.dll
0x00007ffe309e0000 - 0x00007ffe30a6d000 	C:\Users\KRISHNAM\.openjfx\cache\17-ea\msvcp140.dll
0x00007ffe309b0000 - 0x00007ffe309d7000 	C:\Users\KRISHNAM\.openjfx\cache\17-ea\prism_d3d.dll
0x00007ffe4d980000 - 0x00007ffe4db26000 	C:\WINDOWS\system32\d3d9.dll
0x00007ffe551f0000 - 0x00007ffe5521f000 	C:\WINDOWS\SYSTEM32\dwmapi.dll
0x00007ffe54f90000 - 0x00007ffe54fc8000 	C:\WINDOWS\SYSTEM32\dxcore.dll
0x00007ffe54e80000 - 0x00007ffe54f2c000 	C:\WINDOWS\system32\uxtheme.dll
0x00007ffe46b00000 - 0x00007ffe46c02000 	C:\WINDOWS\System32\DriverStore\FileRepository\nvlt.inf_amd64_01ef36ba3f9e7237\nvldumdx.dll
0x00007ffe57360000 - 0x00007ffe57372000 	C:\WINDOWS\SYSTEM32\msasn1.dll
0x00007ffe51d50000 - 0x00007ffe51d81000 	C:\WINDOWS\SYSTEM32\cryptnet.dll
0x00007ffe57ba0000 - 0x00007ffe57d02000 	C:\WINDOWS\System32\CRYPT32.dll
0x00007ffe57320000 - 0x00007ffe5732c000 	C:\WINDOWS\SYSTEM32\cryptbase.dll
0x00007ffe58130000 - 0x00007ffe58196000 	C:\WINDOWS\System32\WINTRUST.DLL
0x00007ffe58770000 - 0x00007ffe5878f000 	C:\WINDOWS\System32\imagehlp.dll
0x00007ffe57300000 - 0x00007ffe57318000 	C:\WINDOWS\SYSTEM32\CRYPTSP.dll
0x00007ffe56ba0000 - 0x00007ffe56bd5000 	C:\WINDOWS\system32\rsaenh.dll
0x00007ffe57500000 - 0x00007ffe57527000 	C:\WINDOWS\SYSTEM32\bcrypt.dll
0x00007ffdee4e0000 - 0x00007ffdefefc000 	C:\WINDOWS\System32\DriverStore\FileRepository\nvlt.inf_amd64_01ef36ba3f9e7237\nvd3dumx.dll
0x00007ffe4d420000 - 0x00007ffe4d464000 	C:\WINDOWS\SYSTEM32\directxdatabasehelper.dll
0x00007ffe56860000 - 0x00007ffe56894000 	C:\WINDOWS\SYSTEM32\ntmarta.dll
0x00007ffe2fb20000 - 0x00007ffe2fb62000 	C:\Users\KRISHNAM\.openjfx\cache\17-ea\glass.dll
0x00007ffe58fc0000 - 0x00007ffe590ac000 	C:\WINDOWS\System32\COMDLG32.dll
0x00007ffe598f0000 - 0x00007ffe59a8a000 	C:\WINDOWS\System32\ole32.dll
0x00007ffe58b10000 - 0x00007ffe58be6000 	C:\WINDOWS\System32\OLEAUT32.dll
0x00007ffe58cc0000 - 0x00007ffe58dde000 	C:\WINDOWS\System32\MSCTF.dll
0x00007ffe214e0000 - 0x00007ffe21797000 	C:\WINDOWS\system32\nvspcap64.dll
0x00007ffe57150000 - 0x00007ffe57174000 	C:\WINDOWS\SYSTEM32\gpapi.dll
0x00007ffe28fa0000 - 0x00007ffe2903d000 	C:\Users\KRISHNAM\.openjfx\cache\17-ea\glib-lite.dll
0x00007ffe1e010000 - 0x00007ffe1e0fa000 	C:\Users\KRISHNAM\.openjfx\cache\17-ea\gstreamer-lite.dll
0x00007ffe1e2c0000 - 0x00007ffe1e362000 	C:\WINDOWS\SYSTEM32\DSOUND.dll
0x00007ffe574b0000 - 0x00007ffe574fd000 	C:\WINDOWS\SYSTEM32\powrprof.dll
0x00007ffe130f0000 - 0x00007ffe131a1000 	C:\WINDOWS\SYSTEM32\ResampleDmo.DLL
0x00007ffe4aef0000 - 0x00007ffe4af19000 	C:\WINDOWS\SYSTEM32\winmmbase.dll
0x00007ffe482f0000 - 0x00007ffe482fb000 	C:\WINDOWS\SYSTEM32\msdmo.dll
0x00007ffe573e0000 - 0x00007ffe573f3000 	C:\WINDOWS\SYSTEM32\UMPDC.dll
0x00007ffe2faf0000 - 0x00007ffe2fb13000 	C:\Users\KRISHNAM\.openjfx\cache\17-ea\jfxmedia.dll
0x00007ffe577f0000 - 0x00007ffe5783c000 	C:\WINDOWS\SYSTEM32\CFGMGR32.dll
0x00007ffe58600000 - 0x00007ffe586af000 	C:\WINDOWS\System32\clbcatq.dll

dbghelp: loaded successfully - version: 4.0.5 - missing functions: none
symbol engine: initialized successfully - sym options: 0x614 - pdb path: .;C:\Users\KRISHNAM\.jdks\openjdk-17\bin;C:\WINDOWS\SYSTEM32;C:\WINDOWS\WinSxS\amd64_microsoft.windows.common-controls_6595b64144ccf1df_6.0.22000.120_none_9d947278b86cc467;C:\Users\KRISHNAM\.jdks\openjdk-17\bin\server;C:\Program Files\JetBrains\IntelliJ IDEA 2021.1.1\bin;C:\Users\KRISHNAM\.openjfx\cache\17-ea;C:\WINDOWS\System32\DriverStore\FileRepository\nvlt.inf_amd64_01ef36ba3f9e7237

VM Arguments:
jvm_args: -javaagent:C:\Program Files\JetBrains\IntelliJ IDEA 2021.1.1\lib\idea_rt.jar=51120:C:\Program Files\JetBrains\IntelliJ IDEA 2021.1.1\bin -Dfile.encoding=UTF-8 --module-path=C:\Users\KRISHNAM\.m2\repository\com\dlsc\formsfx\formsfx-core\11.3.2\formsfx-core-11.3.2.jar;C:\Users\KRISHNAM\.m2\repository\org\openjfx\javafx-graphics\17-ea+11\javafx-graphics-17-ea+11-win.jar;C:\Users\KRISHNAM\.m2\repository\org\kordamp\bootstrapfx\bootstrapfx-core\0.4.0\bootstrapfx-core-0.4.0.jar;C:\Users\KRISHNAM\.m2\repository\org\openjfx\javafx-base\17-ea+11\javafx-base-17-ea+11-win.jar;C:\Users\KRISHNAM\.m2\repository\org\kordamp\ikonli\ikonli-core\12.2.0\ikonli-core-12.2.0.jar;C:\Users\KRISHNAM\.m2\repository\org\controlsfx\controlsfx\11.1.0\controlsfx-11.1.0.jar;C:\Users\KRISHNAM\.m2\repository\org\openjfx\javafx-controls\16\javafx-controls-16-win.jar;C:\Users\KRISHNAM\.m2\repository\org\kordamp\ikonli\ikonli-javafx\12.2.0\ikonli-javafx-12.2.0.jar;C:\Users\KRISHNAM\.m2\repository\eu\hansolo\tilesfx\11.48\tilesfx-11.48.jar;C:\Users\KRISHNAM\.m2\repository\net\synedra\validatorfx\0.1.13\validatorfx-0.1.13.jar;C:\Users\KRISHNAM\.m2\repository\org\openjfx\javafx-media\17-ea+11\javafx-media-17-ea+11-win.jar;C:\Users\KRISHNAM\.m2\repository\org\openjfx\javafx-web\16\javafx-web-16-win.jar;C:\Users\KRISHNAM\.m2\repository\org\openjfx\javafx-fxml\17-ea+11\javafx-fxml-17-ea+11-win.jar;C:\Users\KRISHNAM\Desktop\Other_Works\Snake&Ladders\new_fork_krishnam\Snakes-and-Ladders-JavaFX\target\classes -Djdk.module.main=com.example.demo 
java_command: com.example.demo/com.example.demo.Main
java_class_path (initial): C:\Users\KRISHNAM\.m2\repository\org\openjfx\javafx-controls\16\javafx-controls-16.jar;C:\Users\KRISHNAM\.m2\repository\org\openjfx\javafx-fxml\17-ea+11\javafx-fxml-17-ea+11.jar;C:\Users\KRISHNAM\.m2\repository\org\openjfx\javafx-web\16\javafx-web-16.jar;C:\Users\KRISHNAM\.m2\repository\org\openjfx\javafx-graphics\17-ea+11\javafx-graphics-17-ea+11.jar;C:\Users\KRISHNAM\.m2\repository\org\openjfx\javafx-base\17-ea+11\javafx-base-17-ea+11.jar;C:\Users\KRISHNAM\.m2\repository\org\scala-lang\scala-library\2.10.0\scala-library-2.10.0.jar;C:\Users\KRISHNAM\.m2\repository\org\openjfx\javafx-media\17-ea+11\javafx-media-17-ea+11.jar
Launcher Type: SUN_STANDARD

[Global flags]
     intx CICompilerCount                          = 4                                         {product} {ergonomic}
     uint ConcGCThreads                            = 2                                         {product} {ergonomic}
     uint G1ConcRefinementThreads                  = 8                                         {product} {ergonomic}
   size_t G1HeapRegionSize                         = 1048576                                   {product} {ergonomic}
    uintx GCDrainStackTargetSize                   = 64                                        {product} {ergonomic}
   size_t InitialHeapSize                          = 134217728                                 {product} {ergonomic}
   size_t MarkStackSize                            = 4194304                                   {product} {ergonomic}
   size_t MaxHeapSize                              = 2124414976                                {product} {ergonomic}
   size_t MaxNewSize                               = 1274019840                                {product} {ergonomic}
   size_t MinHeapDeltaBytes                        = 1048576                                   {product} {ergonomic}
   size_t MinHeapSize                              = 8388608                                   {product} {ergonomic}
    uintx NonNMethodCodeHeapSize                   = 5839372                                {pd product} {ergonomic}
    uintx NonProfiledCodeHeapSize                  = 122909434                              {pd product} {ergonomic}
    uintx ProfiledCodeHeapSize                     = 122909434                              {pd product} {ergonomic}
    uintx ReservedCodeCacheSize                    = 251658240                              {pd product} {ergonomic}
     bool SegmentedCodeCache                       = true                                      {product} {ergonomic}
   size_t SoftMaxHeapSize                          = 2124414976                             {manageable} {ergonomic}
     bool UseCompressedClassPointers               = true                           {product lp64_product} {ergonomic}
     bool UseCompressedOops                        = true                           {product lp64_product} {ergonomic}
     bool UseG1GC                                  = true                                      {product} {ergonomic}
     bool UseLargePagesIndividualAllocation        = false                                  {pd product} {ergonomic}

Logging:
Log output configuration:
 #0: stdout all=warning uptime,level,tags
 #1: stderr all=off uptime,level,tags

Environment Variables:
JAVA_HOME=C:\Users\KRISHNAM\AppData\Local\Programs\AdoptOpenJDK\jdk-11.0.11.9-hotspot\
PATH=C:\Program Files\Common Files\Oracle\Java\javapath;C:\Windows\system32;C:\Windows;C:\Windows\System32\Wbem;C:\Windows\System32\WindowsPowerShell\v1.0\;C:\Windows\System32\OpenSSH\;C:\Program Files (x86)\NVIDIA Corporation\PhysX\Common;C:\Program Files\NVIDIA Corporation\NVIDIA NvDLISR;C:\Program Files\Git\cmd;C:\Program Files\nodejs\;C:\WINDOWS\system32;C:\WINDOWS;C:\WINDOWS\System32\Wbem;C:\WINDOWS\System32\WindowsPowerShell\v1.0\;C:\WINDOWS\System32\OpenSSH\;C:\Users\KRISHNAM\AppData\Local\Programs\AdoptOpenJDK\jdk-11.0.11.9-hotspot\bin;C:\Users\KRISHNAM\AppData\Local\Microsoft\WindowsApps;C:\Users\KRISHNAM\AppData\Local\Programs\Microsoft VS Code\bin;C:\Users\KRISHNAM\AppData\Roaming\npm;C:\Program Files\mingw64\bin;
USERNAME=KRISHNAM
OS=Windows_NT
PROCESSOR_IDENTIFIER=Intel64 Family 6 Model 165 Stepping 2, GenuineIntel



---------------  S Y S T E M  ---------------

OS:
 Windows 10 , 64 bit Build 22000 (10.0.22000.318)
OS uptime: 25 days 5:13 hours

CPU: total 8 (initial active 8) (4 cores per cpu, 2 threads per core) family 6 model 165 stepping 2 microcode 0xea, cx8, cmov, fxsr, ht, mmx, 3dnowpref, sse, sse2, sse3, ssse3, sse4.1, sse4.2, popcnt, lzcnt, tsc, tscinvbit, avx, avx2, aes, erms, clmul, bmi1, bmi2, adx, fma, vzeroupper, clflush, clflushopt

Memory: 4k page, system-wide physical 8099M (710M free)
TotalPageFile size 15283M (AvailPageFile size 2509M)
current process WorkingSet (physical memory assigned to process): 316M, peak: 325M
current process commit charge ("private bytes"): 473M, peak: 477M

vm_info: OpenJDK 64-Bit Server VM (17+35-2724) for windows-amd64 JRE (17+35-2724), built on Aug  5 2021 23:26:02 by "mach5one" with MS VC++ 16.8 (VS2019)

END.
